2018-06-01 14:39:17,124 DEBUG (BaseJdbcLogger.java:159)- <==      Total: 1
2018-06-01 14:39:17,126 INFO (GroupController.java:48)- -------group:list---------
2018-06-01 14:39:18,004 DEBUG (BaseJdbcLogger.java:159)- ==>  Preparing: SELECT count(0) FROM TB_GROUP 
2018-06-01 14:39:18,005 DEBUG (BaseJdbcLogger.java:159)- ==> Parameters: 
2018-06-01 14:39:18,006 DEBUG (BaseJdbcLogger.java:159)- <==      Total: 1
2018-06-01 14:39:18,006 DEBUG (BaseJdbcLogger.java:159)- ==>  Preparing: SELECT *FROM TB_GROUP LIMIT 100 
2018-06-01 14:39:18,007 DEBUG (BaseJdbcLogger.java:159)- ==> Parameters: 
2018-06-01 14:39:18,008 DEBUG (BaseJdbcLogger.java:159)- <==      Total: 1
2018-06-01 14:39:18,008 INFO (GroupController.java:48)- -------group:list---------
2018-06-01 14:39:18,714 DEBUG (BaseJdbcLogger.java:159)- ==>  Preparing: SELECT count(0) FROM TB_GROUP 
2018-06-01 14:39:18,715 DEBUG (BaseJdbcLogger.java:159)- ==> Parameters: 
2018-06-01 14:39:18,716 DEBUG (BaseJdbcLogger.java:159)- <==      Total: 1
2018-06-01 14:39:18,716 DEBUG (BaseJdbcLogger.java:159)- ==>  Preparing: SELECT *FROM TB_GROUP LIMIT 100 
2018-06-01 14:39:18,716 DEBUG (BaseJdbcLogger.java:159)- ==> Parameters: 
2018-06-01 14:39:18,717 DEBUG (BaseJdbcLogger.java:159)- <==      Total: 1
2018-06-01 14:39:18,717 INFO (GroupController.java:48)- -------group:list---------
2018-06-01 14:39:19,155 DEBUG (BaseJdbcLogger.java:159)- ==>  Preparing: SELECT count(0) FROM TB_GROUP 
2018-06-01 14:39:19,156 DEBUG (BaseJdbcLogger.java:159)- ==> Parameters: 
2018-06-01 14:39:19,157 DEBUG (BaseJdbcLogger.java:159)- <==      Total: 1
2018-06-01 14:39:19,157 DEBUG (BaseJdbcLogger.java:159)- ==>  Preparing: SELECT *FROM TB_GROUP LIMIT 100 
