2018-06-05 11:31:12,476 DEBUG (BaseJdbcLogger.java:159)- ==> Parameters: 
2018-06-05 11:31:12,479 DEBUG (BaseJdbcLogger.java:159)- <==      Total: 1
2018-06-05 11:31:12,480 DEBUG (BaseJdbcLogger.java:159)- ==>  Preparing: SELECT *FROM TB_GROUP LIMIT 100 
2018-06-05 11:31:12,480 DEBUG (BaseJdbcLogger.java:159)- ==> Parameters: 
2018-06-05 11:31:12,481 DEBUG (BaseJdbcLogger.java:159)- <==      Total: 4
2018-06-05 11:31:13,132 DEBUG (BaseJdbcLogger.java:159)- ==>  Preparing: SELECT count(0) FROM QRTZ_JOB_DETAILS JOIN QRTZ_TRIGGERS JOIN QRTZ_CRON_TRIGGERS ON QRTZ_JOB_DETAILS.JOB_GROUP = QRTZ_TRIGGERS.TRIGGER_GROUP AND QRTZ_TRIGGERS.TRIGGER_GROUP = QRTZ_CRON_TRIGGERS.TRIGGER_GROUP AND QRTZ_TRIGGERS.TRIGGER_GROUP = QRTZ_CRON_TRIGGERS.TRIGGER_GROUP 
2018-06-05 11:31:13,133 DEBUG (BaseJdbcLogger.java:159)- ==> Parameters: 
2018-06-05 11:31:13,134 DEBUG (BaseJdbcLogger.java:159)- <==      Total: 1
2018-06-05 11:31:13,134 DEBUG (BaseJdbcLogger.java:159)- ==>  Preparing: SELECT QRTZ_JOB_DETAILS.JOB_NAME, QRTZ_JOB_DETAILS.JOB_GROUP, QRTZ_JOB_DETAILS.JOB_CLASS_NAME, QRTZ_JOB_DETAILS.DESCRIPTION, QRTZ_TRIGGERS.TRIGGER_NAME, QRTZ_TRIGGERS.TRIGGER_GROUP, QRTZ_CRON_TRIGGERS.CRON_EXPRESSION, QRTZ_CRON_TRIGGERS.TIME_ZONE_ID FROM QRTZ_JOB_DETAILS JOIN QRTZ_TRIGGERS JOIN QRTZ_CRON_TRIGGERS ON QRTZ_JOB_DETAILS.JOB_GROUP = QRTZ_TRIGGERS.TRIGGER_GROUP AND QRTZ_TRIGGERS.TRIGGER_GROUP = QRTZ_CRON_TRIGGERS.TRIGGER_GROUP AND QRTZ_TRIGGERS.TRIGGER_GROUP = QRTZ_CRON_TRIGGERS.TRIGGER_GROUP LIMIT 10 
2018-06-05 11:31:13,135 DEBUG (BaseJdbcLogger.java:159)- ==> Parameters: 
2018-06-05 11:31:13,136 DEBUG (BaseJdbcLogger.java:159)- <==      Total: 2
2018-06-05 11:31:13,138 DEBUG (BaseJdbcLogger.java:159)- ==>  Preparing: SELECT count(0) FROM TB_GROUP 
2018-06-05 11:31:13,138 DEBUG (BaseJdbcLogger.java:159)- ==> Parameters: 
2018-06-05 11:31:13,139 DEBUG (BaseJdbcLogger.java:159)- <==      Total: 1
2018-06-05 11:31:13,139 DEBUG (BaseJdbcLogger.java:159)- ==>  Preparing: SELECT *FROM TB_GROUP LIMIT 100 
2018-06-05 11:31:13,140 DEBUG (BaseJdbcLogger.java:159)- ==> Parameters: 
2018-06-05 11:31:13,141 DEBUG (BaseJdbcLogger.java:159)- <==      Total: 4
2018-06-05 11:31:13,813 DEBUG (BaseJdbcLogger.java:159)- ==>  Preparing: SELECT count(0) FROM QRTZ_JOB_DETAILS JOIN QRTZ_TRIGGERS JOIN QRTZ_CRON_TRIGGERS ON QRTZ_JOB_DETAILS.JOB_GROUP = QRTZ_TRIGGERS.TRIGGER_GROUP AND QRTZ_TRIGGERS.TRIGGER_GROUP = QRTZ_CRON_TRIGGERS.TRIGGER_GROUP AND QRTZ_TRIGGERS.TRIGGER_GROUP = QRTZ_CRON_TRIGGERS.TRIGGER_GROUP 
2018-06-05 11:31:13,814 DEBUG (BaseJdbcLogger.java:159)- ==> Parameters: 
2018-06-05 11:31:13,815 DEBUG (BaseJdbcLogger.java:159)- <==      Total: 1
2018-06-05 11:31:13,815 DEBUG (BaseJdbcLogger.java:159)- ==>  Preparing: SELECT QRTZ_JOB_DETAILS.JOB_NAME, QRTZ_JOB_DETAILS.JOB_GROUP, QRTZ_JOB_DETAILS.JOB_CLASS_NAME, QRTZ_JOB_DETAILS.DESCRIPTION, QRTZ_TRIGGERS.TRIGGER_NAME, QRTZ_TRIGGERS.TRIGGER_GROUP, QRTZ_CRON_TRIGGERS.CRON_EXPRESSION, QRTZ_CRON_TRIGGERS.TIME_ZONE_ID FROM QRTZ_JOB_DETAILS JOIN QRTZ_TRIGGERS JOIN QRTZ_CRON_TRIGGERS ON QRTZ_JOB_DETAILS.JOB_GROUP = QRTZ_TRIGGERS.TRIGGER_GROUP AND QRTZ_TRIGGERS.TRIGGER_GROUP = QRTZ_CRON_TRIGGERS.TRIGGER_GROUP AND QRTZ_TRIGGERS.TRIGGER_GROUP = QRTZ_CRON_TRIGGERS.TRIGGER_GROUP LIMIT 10 
2018-06-05 11:31:13,816 DEBUG (BaseJdbcLogger.java:159)- ==> Parameters: 
2018-06-05 11:31:13,817 DEBUG (BaseJdbcLogger.java:159)- <==      Total: 2
2018-06-05 11:31:13,817 DEBUG (BaseJdbcLogger.java:159)- ==>  Preparing: SELECT count(0) FROM TB_GROUP 
