2018-06-11 10:53:50,319 INFO (HisJobController.java:51)- -------hisJobs:list---------
2018-06-11 10:53:50,949 DEBUG (BaseJdbcLogger.java:159)- ==>  Preparing: SELECT count(0) FROM QRTZ_JOB_DETAILS JOIN QRTZ_TRIGGERS JOIN QRTZ_CRON_TRIGGERS ON QRTZ_JOB_DETAILS.JOB_NAME = QRTZ_TRIGGERS.JOB_NAME AND QRTZ_TRIGGERS.TRIGGER_NAME = QRTZ_CRON_TRIGGERS.TRIGGER_NAME AND QRTZ_TRIGGERS.TRIGGER_GROUP = QRTZ_CRON_TRIGGERS.TRIGGER_GROUP WHERE 1 = 1 AND QRTZ_TRIGGERS.TRIGGER_STATE = 'ACQUIRED' OR QRTZ_TRIGGERS.TRIGGER_STATE = 'PAUSED' 
2018-06-11 10:53:50,950 DEBUG (BaseJdbcLogger.java:159)- ==> Parameters: 
2018-06-11 10:53:50,952 DEBUG (BaseJdbcLogger.java:159)- <==      Total: 1
2018-06-11 10:53:50,953 DEBUG (BaseJdbcLogger.java:159)- ==>  Preparing: SELECT QRTZ_JOB_DETAILS.JOB_NAME, QRTZ_JOB_DETAILS.JOB_GROUP, QRTZ_JOB_DETAILS.JOB_CLASS_NAME, QRTZ_JOB_DETAILS.DESCRIPTION, QRTZ_TRIGGERS.TRIGGER_NAME, QRTZ_TRIGGERS.TRIGGER_GROUP, QRTZ_CRON_TRIGGERS.CRON_EXPRESSION, QRTZ_CRON_TRIGGERS.TIME_ZONE_ID, QRTZ_TRIGGERS.TRIGGER_STATE FROM QRTZ_JOB_DETAILS JOIN QRTZ_TRIGGERS JOIN QRTZ_CRON_TRIGGERS ON QRTZ_JOB_DETAILS.JOB_NAME = QRTZ_TRIGGERS.JOB_NAME AND QRTZ_TRIGGERS.TRIGGER_NAME = QRTZ_CRON_TRIGGERS.TRIGGER_NAME AND QRTZ_TRIGGERS.TRIGGER_GROUP = QRTZ_CRON_TRIGGERS.TRIGGER_GROUP where 1=1 and QRTZ_TRIGGERS.TRIGGER_STATE = 'ACQUIRED' OR QRTZ_TRIGGERS.TRIGGER_STATE = 'PAUSED' LIMIT 5 
2018-06-11 10:53:50,953 DEBUG (BaseJdbcLogger.java:159)- ==> Parameters: 
2018-06-11 10:53:50,955 DEBUG (BaseJdbcLogger.java:159)- <==      Total: 3
2018-06-11 10:53:50,956 DEBUG (BaseJdbcLogger.java:159)- ==>  Preparing: SELECT count(0) FROM TB_GROUP 
2018-06-11 10:53:50,957 DEBUG (BaseJdbcLogger.java:159)- ==> Parameters: 
2018-06-11 10:53:50,958 DEBUG (BaseJdbcLogger.java:159)- <==      Total: 1
2018-06-11 10:53:50,958 DEBUG (BaseJdbcLogger.java:159)- ==>  Preparing: SELECT *FROM TB_GROUP LIMIT 100 
2018-06-11 10:53:50,959 DEBUG (BaseJdbcLogger.java:159)- ==> Parameters: 
2018-06-11 10:53:50,962 DEBUG (BaseJdbcLogger.java:159)- <==      Total: 4
2018-06-11 10:53:50,963 DEBUG (BaseJdbcLogger.java:159)- ==>  Preparing: SELECT *FROM TB_GROUP where GID=? 
2018-06-11 10:53:50,963 DEBUG (BaseJdbcLogger.java:159)- ==> Parameters: 39(Integer)
2018-06-11 10:53:50,965 DEBUG (BaseJdbcLogger.java:159)- <==      Total: 1
2018-06-11 10:53:50,966 DEBUG (BaseJdbcLogger.java:159)- ==>  Preparing: select *from TB_USER u where u.UID = ? 
2018-06-11 10:53:50,966 DEBUG (BaseJdbcLogger.java:159)- ==> Parameters: 1(Integer)
2018-06-11 10:53:50,967 DEBUG (BaseJdbcLogger.java:159)- <==      Total: 1
2018-06-11 10:53:50,968 DEBUG (BaseJdbcLogger.java:159)- ==>  Preparing: SELECT *FROM TB_GROUP where GID=? 
2018-06-11 10:53:50,969 DEBUG (BaseJdbcLogger.java:159)- ==> Parameters: 40(Integer)
2018-06-11 10:53:50,970 DEBUG (BaseJdbcLogger.java:159)- <==      Total: 1
2018-06-11 10:53:50,971 DEBUG (BaseJdbcLogger.java:159)- ==>  Preparing: select *from TB_USER u where u.UID = ? 
2018-06-11 10:53:50,971 DEBUG (BaseJdbcLogger.java:159)- ==> Parameters: 2(Integer)
2018-06-11 10:53:50,972 DEBUG (BaseJdbcLogger.java:159)- <==      Total: 1
2018-06-11 10:53:50,973 DEBUG (BaseJdbcLogger.java:159)- ==>  Preparing: SELECT *FROM TB_GROUP where GID=? 
2018-06-11 10:53:50,973 DEBUG (BaseJdbcLogger.java:159)- ==> Parameters: 39(Integer)
2018-06-11 10:53:50,974 DEBUG (BaseJdbcLogger.java:159)- <==      Total: 1
2018-06-11 10:53:50,975 DEBUG (BaseJdbcLogger.java:159)- ==>  Preparing: select *from TB_USER u where u.UID = ? 
2018-06-11 10:53:50,975 DEBUG (BaseJdbcLogger.java:159)- ==> Parameters: 1(Integer)
2018-06-11 10:53:50,976 DEBUG (BaseJdbcLogger.java:159)- <==      Total: 1
