2018-06-05 17:40:54,688 DEBUG (BaseJdbcLogger.java:159)- <==      Total: 1
2018-06-05 17:40:55,368 DEBUG (BaseJdbcLogger.java:159)- ==>  Preparing: SELECT count(0) FROM QRTZ_JOB_DETAILS JOIN QRTZ_TRIGGERS JOIN QRTZ_CRON_TRIGGERS ON QRTZ_JOB_DETAILS.JOB_NAME = QRTZ_TRIGGERS.JOB_NAME AND QRTZ_TRIGGERS.TRIGGER_NAME = QRTZ_CRON_TRIGGERS.TRIGGER_NAME AND QRTZ_TRIGGERS.TRIGGER_GROUP = QRTZ_CRON_TRIGGERS.TRIGGER_GROUP WHERE 1 = 1 
2018-06-05 17:40:55,369 DEBUG (BaseJdbcLogger.java:159)- ==> Parameters: 
2018-06-05 17:40:55,371 DEBUG (BaseJdbcLogger.java:159)- <==      Total: 1
2018-06-05 17:40:55,371 DEBUG (BaseJdbcLogger.java:159)- ==>  Preparing: SELECT QRTZ_JOB_DETAILS.JOB_NAME, QRTZ_JOB_DETAILS.JOB_GROUP, QRTZ_JOB_DETAILS.JOB_CLASS_NAME, QRTZ_JOB_DETAILS.DESCRIPTION, QRTZ_TRIGGERS.TRIGGER_NAME, QRTZ_TRIGGERS.TRIGGER_GROUP, QRTZ_CRON_TRIGGERS.CRON_EXPRESSION, QRTZ_CRON_TRIGGERS.TIME_ZONE_ID, QRTZ_TRIGGERS.TRIGGER_STATE FROM QRTZ_JOB_DETAILS JOIN QRTZ_TRIGGERS JOIN QRTZ_CRON_TRIGGERS ON QRTZ_JOB_DETAILS.JOB_NAME = QRTZ_TRIGGERS.JOB_NAME AND QRTZ_TRIGGERS.TRIGGER_NAME = QRTZ_CRON_TRIGGERS.TRIGGER_NAME AND QRTZ_TRIGGERS.TRIGGER_GROUP = QRTZ_CRON_TRIGGERS.TRIGGER_GROUP where 1=1 LIMIT 5 
2018-06-05 17:40:55,371 DEBUG (BaseJdbcLogger.java:159)- ==> Parameters: 
2018-06-05 17:40:55,373 DEBUG (BaseJdbcLogger.java:159)- <==      Total: 4
2018-06-05 17:40:55,374 DEBUG (BaseJdbcLogger.java:159)- ==>  Preparing: SELECT count(0) FROM TB_GROUP 
2018-06-05 17:40:55,374 DEBUG (BaseJdbcLogger.java:159)- ==> Parameters: 
2018-06-05 17:40:55,375 DEBUG (BaseJdbcLogger.java:159)- <==      Total: 1
2018-06-05 17:40:55,375 DEBUG (BaseJdbcLogger.java:159)- ==>  Preparing: SELECT *FROM TB_GROUP LIMIT 100 
2018-06-05 17:40:55,375 DEBUG (BaseJdbcLogger.java:159)- ==> Parameters: 
2018-06-05 17:40:55,376 DEBUG (BaseJdbcLogger.java:159)- <==      Total: 4
2018-06-05 17:40:55,377 DEBUG (BaseJdbcLogger.java:159)- ==>  Preparing: SELECT *FROM TB_GROUP where GID=? 
2018-06-05 17:40:55,377 DEBUG (BaseJdbcLogger.java:159)- ==> Parameters: 37(Integer)
2018-06-05 17:40:55,378 DEBUG (BaseJdbcLogger.java:159)- <==      Total: 1
2018-06-05 17:40:55,379 DEBUG (BaseJdbcLogger.java:159)- ==>  Preparing: select *from TB_USER u where u.UID = ? 
2018-06-05 17:40:55,379 DEBUG (BaseJdbcLogger.java:159)- ==> Parameters: 6(Integer)
2018-06-05 17:40:55,380 DEBUG (BaseJdbcLogger.java:159)- <==      Total: 1
2018-06-05 17:40:55,381 DEBUG (BaseJdbcLogger.java:159)- ==>  Preparing: SELECT *FROM TB_GROUP where GID=? 
2018-06-05 17:40:55,381 DEBUG (BaseJdbcLogger.java:159)- ==> Parameters: 40(Integer)
2018-06-05 17:40:55,383 DEBUG (BaseJdbcLogger.java:159)- <==      Total: 1
2018-06-05 17:40:55,383 DEBUG (BaseJdbcLogger.java:159)- ==>  Preparing: select *from TB_USER u where u.UID = ? 
2018-06-05 17:40:55,384 DEBUG (BaseJdbcLogger.java:159)- ==> Parameters: 2(Integer)
2018-06-05 17:40:55,385 DEBUG (BaseJdbcLogger.java:159)- <==      Total: 1
2018-06-05 17:40:55,386 DEBUG (BaseJdbcLogger.java:159)- ==>  Preparing: SELECT *FROM TB_GROUP where GID=? 
2018-06-05 17:40:55,386 DEBUG (BaseJdbcLogger.java:159)- ==> Parameters: 41(Integer)
2018-06-05 17:40:55,387 DEBUG (BaseJdbcLogger.java:159)- <==      Total: 1
2018-06-05 17:40:55,388 DEBUG (BaseJdbcLogger.java:159)- ==>  Preparing: select *from TB_USER u where u.UID = ? 
2018-06-05 17:40:55,388 DEBUG (BaseJdbcLogger.java:159)- ==> Parameters: 5(Integer)
2018-06-05 17:40:55,389 DEBUG (BaseJdbcLogger.java:159)- <==      Total: 1
2018-06-05 17:40:55,389 DEBUG (BaseJdbcLogger.java:159)- ==>  Preparing: SELECT *FROM TB_GROUP where GID=? 
2018-06-05 17:40:55,389 DEBUG (BaseJdbcLogger.java:159)- ==> Parameters: 39(Integer)
2018-06-05 17:40:55,390 DEBUG (BaseJdbcLogger.java:159)- <==      Total: 1
2018-06-05 17:40:55,391 DEBUG (BaseJdbcLogger.java:159)- ==>  Preparing: select *from TB_USER u where u.UID = ? 
2018-06-05 17:40:55,391 DEBUG (BaseJdbcLogger.java:159)- ==> Parameters: 1(Integer)
2018-06-05 17:40:55,392 DEBUG (BaseJdbcLogger.java:159)- <==      Total: 1
