2018-06-01 14:32:20,624 DEBUG (BaseJdbcLogger.java:159)- <==      Total: 1
2018-06-01 14:32:20,626 INFO (GroupController.java:48)- -------group:list---------
2018-06-01 14:32:21,527 DEBUG (BaseJdbcLogger.java:159)- ==>  Preparing: SELECT count(0) FROM TB_GROUP 
2018-06-01 14:32:21,528 DEBUG (BaseJdbcLogger.java:159)- ==> Parameters: 
2018-06-01 14:32:21,529 DEBUG (BaseJdbcLogger.java:159)- <==      Total: 1
2018-06-01 14:32:21,530 DEBUG (BaseJdbcLogger.java:159)- ==>  Preparing: SELECT *FROM TB_GROUP LIMIT 100 
2018-06-01 14:32:21,530 DEBUG (BaseJdbcLogger.java:159)- ==> Parameters: 
2018-06-01 14:32:21,532 DEBUG (BaseJdbcLogger.java:159)- <==      Total: 1
2018-06-01 14:32:21,533 INFO (GroupController.java:48)- -------group:list---------
2018-06-01 14:32:21,924 DEBUG (BaseJdbcLogger.java:159)- ==>  Preparing: SELECT count(0) FROM TB_GROUP 
2018-06-01 14:32:21,925 DEBUG (BaseJdbcLogger.java:159)- ==> Parameters: 
2018-06-01 14:32:21,926 DEBUG (BaseJdbcLogger.java:159)- <==      Total: 1
2018-06-01 14:32:21,926 DEBUG (BaseJdbcLogger.java:159)- ==>  Preparing: SELECT *FROM TB_GROUP LIMIT 100 
2018-06-01 14:32:21,927 DEBUG (BaseJdbcLogger.java:159)- ==> Parameters: 
2018-06-01 14:32:21,928 DEBUG (BaseJdbcLogger.java:159)- <==      Total: 1
2018-06-01 14:32:21,928 INFO (GroupController.java:48)- -------group:list---------
2018-06-01 14:32:22,101 DEBUG (BaseJdbcLogger.java:159)- ==>  Preparing: SELECT count(0) FROM TB_GROUP 
2018-06-01 14:32:22,101 DEBUG (BaseJdbcLogger.java:159)- ==> Parameters: 
2018-06-01 14:32:22,103 DEBUG (BaseJdbcLogger.java:159)- <==      Total: 1
2018-06-01 14:32:22,103 DEBUG (BaseJdbcLogger.java:159)- ==>  Preparing: SELECT *FROM TB_GROUP LIMIT 100 
