2018-06-04 14:59:38,822 DEBUG (BaseJdbcLogger.java:159)- ==> Parameters: 研发1组(String), 微信小程序调研工作(String), 1(String), 37(Integer)
2018-06-04 14:59:38,853 DEBUG (BaseJdbcLogger.java:159)- <==    Updates: 1
2018-06-04 14:59:38,855 DEBUG (BaseJdbcLogger.java:159)- ==>  Preparing: SELECT count(0) FROM TB_GROUP 
2018-06-04 14:59:38,855 DEBUG (BaseJdbcLogger.java:159)- ==> Parameters: 
2018-06-04 14:59:38,856 DEBUG (BaseJdbcLogger.java:159)- <==      Total: 1
2018-06-04 14:59:38,857 DEBUG (BaseJdbcLogger.java:159)- ==>  Preparing: SELECT *FROM TB_GROUP LIMIT 100 
2018-06-04 14:59:38,857 DEBUG (BaseJdbcLogger.java:159)- ==> Parameters: 
2018-06-04 14:59:38,858 DEBUG (BaseJdbcLogger.java:159)- <==      Total: 1
2018-06-04 14:59:38,858 INFO (GroupController.java:106)- -------group:disable---------
2018-06-04 14:59:39,011 DEBUG (BaseJdbcLogger.java:159)- ==>  Preparing: SELECT *FROM TB_GROUP where GID=? 
2018-06-04 14:59:39,013 DEBUG (BaseJdbcLogger.java:159)- ==> Parameters: 37(Integer)
2018-06-04 14:59:39,017 DEBUG (BaseJdbcLogger.java:159)- <==      Total: 1
2018-06-04 14:59:39,019 DEBUG (BaseJdbcLogger.java:159)- ==>  Preparing: UPDATE TB_GROUP set GNAME=?, DESCRIPTION=?, ISABLE=? WHERE GID=? 
2018-06-04 14:59:39,020 DEBUG (BaseJdbcLogger.java:159)- ==> Parameters: 研发1组(String), 微信小程序调研工作(String), 0(String), 37(Integer)
2018-06-04 14:59:39,077 DEBUG (BaseJdbcLogger.java:159)- <==    Updates: 1
2018-06-04 14:59:39,077 DEBUG (BaseJdbcLogger.java:159)- ==>  Preparing: SELECT count(0) FROM TB_GROUP 
2018-06-04 14:59:39,077 DEBUG (BaseJdbcLogger.java:159)- ==> Parameters: 
2018-06-04 14:59:39,078 DEBUG (BaseJdbcLogger.java:159)- <==      Total: 1
2018-06-04 14:59:39,079 DEBUG (BaseJdbcLogger.java:159)- ==>  Preparing: SELECT *FROM TB_GROUP LIMIT 100 
2018-06-04 14:59:39,079 DEBUG (BaseJdbcLogger.java:159)- ==> Parameters: 
2018-06-04 14:59:39,080 DEBUG (BaseJdbcLogger.java:159)- <==      Total: 1
2018-06-04 14:59:39,080 INFO (GroupController.java:93)- -------group:enable---------
2018-06-04 14:59:39,214 DEBUG (BaseJdbcLogger.java:159)- ==>  Preparing: SELECT *FROM TB_GROUP where GID=? 
2018-06-04 14:59:39,216 DEBUG (BaseJdbcLogger.java:159)- ==> Parameters: 37(Integer)
2018-06-04 14:59:39,218 DEBUG (BaseJdbcLogger.java:159)- <==      Total: 1
2018-06-04 14:59:39,220 DEBUG (BaseJdbcLogger.java:159)- ==>  Preparing: UPDATE TB_GROUP set GNAME=?, DESCRIPTION=?, ISABLE=? WHERE GID=? 
2018-06-04 14:59:39,220 DEBUG (BaseJdbcLogger.java:159)- ==> Parameters: 研发1组(String), 微信小程序调研工作(String), 1(String), 37(Integer)
2018-06-04 14:59:39,255 DEBUG (BaseJdbcLogger.java:159)- <==    Updates: 1
2018-06-04 14:59:39,256 DEBUG (BaseJdbcLogger.java:159)- ==>  Preparing: SELECT count(0) FROM TB_GROUP 
2018-06-04 14:59:39,256 DEBUG (BaseJdbcLogger.java:159)- ==> Parameters: 
2018-06-04 14:59:39,257 DEBUG (BaseJdbcLogger.java:159)- <==      Total: 1
2018-06-04 14:59:39,258 DEBUG (BaseJdbcLogger.java:159)- ==>  Preparing: SELECT *FROM TB_GROUP LIMIT 100 
