2018-06-06 08:03:17,617 DEBUG (BaseJdbcLogger.java:159)- ==> Parameters: 
2018-06-06 08:03:17,620 DEBUG (BaseJdbcLogger.java:159)- <==      Total: 1
2018-06-06 08:03:17,620 DEBUG (BaseJdbcLogger.java:159)- ==>  Preparing: SELECT *FROM TB_GROUP LIMIT 100 
2018-06-06 08:03:17,620 DEBUG (BaseJdbcLogger.java:159)- ==> Parameters: 
2018-06-06 08:03:17,621 DEBUG (BaseJdbcLogger.java:159)- <==      Total: 4
2018-06-06 08:03:17,622 DEBUG (BaseJdbcLogger.java:159)- ==>  Preparing: SELECT *FROM TB_GROUP where GID=? 
2018-06-06 08:03:17,622 DEBUG (BaseJdbcLogger.java:159)- ==> Parameters: 37(Integer)
2018-06-06 08:03:17,623 DEBUG (BaseJdbcLogger.java:159)- <==      Total: 1
2018-06-06 08:03:17,624 DEBUG (BaseJdbcLogger.java:159)- ==>  Preparing: select *from TB_USER u where u.UID = ? 
2018-06-06 08:03:17,624 DEBUG (BaseJdbcLogger.java:159)- ==> Parameters: 6(Integer)
2018-06-06 08:03:17,625 DEBUG (BaseJdbcLogger.java:159)- <==      Total: 1
2018-06-06 08:03:17,625 DEBUG (BaseJdbcLogger.java:159)- ==>  Preparing: SELECT *FROM TB_GROUP where GID=? 
2018-06-06 08:03:17,626 DEBUG (BaseJdbcLogger.java:159)- ==> Parameters: 40(Integer)
2018-06-06 08:03:17,626 DEBUG (BaseJdbcLogger.java:159)- <==      Total: 1
2018-06-06 08:03:17,627 DEBUG (BaseJdbcLogger.java:159)- ==>  Preparing: select *from TB_USER u where u.UID = ? 
2018-06-06 08:03:17,627 DEBUG (BaseJdbcLogger.java:159)- ==> Parameters: 2(Integer)
2018-06-06 08:03:17,628 DEBUG (BaseJdbcLogger.java:159)- <==      Total: 1
2018-06-06 08:03:17,629 DEBUG (BaseJdbcLogger.java:159)- ==>  Preparing: SELECT *FROM TB_GROUP where GID=? 
2018-06-06 08:03:17,629 DEBUG (BaseJdbcLogger.java:159)- ==> Parameters: 41(Integer)
2018-06-06 08:03:17,630 DEBUG (BaseJdbcLogger.java:159)- <==      Total: 1
2018-06-06 08:03:17,631 DEBUG (BaseJdbcLogger.java:159)- ==>  Preparing: select *from TB_USER u where u.UID = ? 
2018-06-06 08:03:17,631 DEBUG (BaseJdbcLogger.java:159)- ==> Parameters: 5(Integer)
2018-06-06 08:03:17,632 DEBUG (BaseJdbcLogger.java:159)- <==      Total: 1
2018-06-06 08:03:17,633 DEBUG (BaseJdbcLogger.java:159)- ==>  Preparing: SELECT *FROM TB_GROUP where GID=? 
