2018-06-15 14:36:19,112 DEBUG (BaseJdbcLogger.java:159)- <==      Total: 4
2018-06-15 14:36:19,114 DEBUG (BaseJdbcLogger.java:159)- ==>  Preparing: SELECT count(0) FROM TB_GROUP 
2018-06-15 14:36:19,115 DEBUG (BaseJdbcLogger.java:159)- ==> Parameters: 
2018-06-15 14:36:19,115 DEBUG (BaseJdbcLogger.java:159)- <==      Total: 1
2018-06-15 14:36:19,116 DEBUG (BaseJdbcLogger.java:159)- ==>  Preparing: SELECT *FROM TB_GROUP LIMIT 100 
2018-06-15 14:36:19,116 DEBUG (BaseJdbcLogger.java:159)- ==> Parameters: 
2018-06-15 14:36:19,118 DEBUG (BaseJdbcLogger.java:159)- <==      Total: 4
2018-06-15 14:36:19,119 DEBUG (BaseJdbcLogger.java:159)- ==>  Preparing: SELECT *FROM TB_GROUP where GID=? 
2018-06-15 14:36:19,120 DEBUG (BaseJdbcLogger.java:159)- ==> Parameters: 39(Integer)
2018-06-15 14:36:19,121 DEBUG (BaseJdbcLogger.java:159)- <==      Total: 1
2018-06-15 14:36:19,122 DEBUG (BaseJdbcLogger.java:159)- ==>  Preparing: select *from TB_USER u where u.UID = ? 
2018-06-15 14:36:19,122 DEBUG (BaseJdbcLogger.java:159)- ==> Parameters: 1(Integer)
2018-06-15 14:36:19,123 DEBUG (BaseJdbcLogger.java:159)- <==      Total: 1
2018-06-15 14:36:19,124 DEBUG (BaseJdbcLogger.java:159)- ==>  Preparing: SELECT *FROM TB_GROUP where GID=? 
2018-06-15 14:36:19,124 DEBUG (BaseJdbcLogger.java:159)- ==> Parameters: 41(Integer)
2018-06-15 14:36:19,125 DEBUG (BaseJdbcLogger.java:159)- <==      Total: 1
2018-06-15 14:36:19,126 DEBUG (BaseJdbcLogger.java:159)- ==>  Preparing: select *from TB_USER u where u.UID = ? 
2018-06-15 14:36:19,127 DEBUG (BaseJdbcLogger.java:159)- ==> Parameters: 7(Integer)
2018-06-15 14:36:19,128 DEBUG (BaseJdbcLogger.java:159)- <==      Total: 1
2018-06-15 14:36:19,130 DEBUG (BaseJdbcLogger.java:159)- ==>  Preparing: SELECT *FROM TB_GROUP where GID=? 
2018-06-15 14:36:19,130 DEBUG (BaseJdbcLogger.java:159)- ==> Parameters: 40(Integer)
2018-06-15 14:36:19,131 DEBUG (BaseJdbcLogger.java:159)- <==      Total: 1
2018-06-15 14:36:19,132 DEBUG (BaseJdbcLogger.java:159)- ==>  Preparing: select *from TB_USER u where u.UID = ? 
2018-06-15 14:36:19,132 DEBUG (BaseJdbcLogger.java:159)- ==> Parameters: 2(Integer)
