2018-06-11 14:12:37,921 DEBUG (BaseJdbcLogger.java:159)- <==      Total: 3
2018-06-11 14:12:37,924 DEBUG (BaseJdbcLogger.java:159)- ==>  Preparing: SELECT count(0) FROM TB_GROUP 
2018-06-11 14:12:37,925 DEBUG (BaseJdbcLogger.java:159)- ==> Parameters: 
2018-06-11 14:12:37,926 DEBUG (BaseJdbcLogger.java:159)- <==      Total: 1
2018-06-11 14:12:37,926 DEBUG (BaseJdbcLogger.java:159)- ==>  Preparing: SELECT *FROM TB_GROUP LIMIT 100 
2018-06-11 14:12:37,927 DEBUG (BaseJdbcLogger.java:159)- ==> Parameters: 
2018-06-11 14:12:37,928 DEBUG (BaseJdbcLogger.java:159)- <==      Total: 4
2018-06-11 14:12:37,928 DEBUG (BaseJdbcLogger.java:159)- ==>  Preparing: SELECT *FROM TB_GROUP where GID=? 
2018-06-11 14:12:37,929 DEBUG (BaseJdbcLogger.java:159)- ==> Parameters: 39(Integer)
2018-06-11 14:12:37,930 DEBUG (BaseJdbcLogger.java:159)- <==      Total: 1
2018-06-11 14:12:37,931 DEBUG (BaseJdbcLogger.java:159)- ==>  Preparing: select *from TB_USER u where u.UID = ? 
2018-06-11 14:12:37,932 DEBUG (BaseJdbcLogger.java:159)- ==> Parameters: 1(Integer)
2018-06-11 14:12:37,934 DEBUG (BaseJdbcLogger.java:159)- <==      Total: 1
2018-06-11 14:12:37,935 DEBUG (BaseJdbcLogger.java:159)- ==>  Preparing: SELECT *FROM TB_GROUP where GID=? 
2018-06-11 14:12:37,935 DEBUG (BaseJdbcLogger.java:159)- ==> Parameters: 40(Integer)
2018-06-11 14:12:37,937 DEBUG (BaseJdbcLogger.java:159)- <==      Total: 1
2018-06-11 14:12:37,938 DEBUG (BaseJdbcLogger.java:159)- ==>  Preparing: select *from TB_USER u where u.UID = ? 
2018-06-11 14:12:37,938 DEBUG (BaseJdbcLogger.java:159)- ==> Parameters: 2(Integer)
2018-06-11 14:12:37,939 DEBUG (BaseJdbcLogger.java:159)- <==      Total: 1
2018-06-11 14:12:37,939 DEBUG (BaseJdbcLogger.java:159)- ==>  Preparing: SELECT *FROM TB_GROUP where GID=? 
2018-06-11 14:12:37,939 DEBUG (BaseJdbcLogger.java:159)- ==> Parameters: 39(Integer)
2018-06-11 14:12:37,941 DEBUG (BaseJdbcLogger.java:159)- <==      Total: 1
2018-06-11 14:12:37,942 DEBUG (BaseJdbcLogger.java:159)- ==>  Preparing: select *from TB_USER u where u.UID = ? 
2018-06-11 14:12:37,942 DEBUG (BaseJdbcLogger.java:159)- ==> Parameters: 1(Integer)
