2018-06-15 14:39:36,988 DEBUG (BaseJdbcLogger.java:159)- <==      Total: 4
2018-06-15 14:39:36,991 DEBUG (BaseJdbcLogger.java:159)- ==>  Preparing: SELECT count(0) FROM TB_GROUP 
2018-06-15 14:39:36,991 DEBUG (BaseJdbcLogger.java:159)- ==> Parameters: 
2018-06-15 14:39:36,992 DEBUG (BaseJdbcLogger.java:159)- <==      Total: 1
2018-06-15 14:39:36,992 DEBUG (BaseJdbcLogger.java:159)- ==>  Preparing: SELECT *FROM TB_GROUP LIMIT 100 
2018-06-15 14:39:36,993 DEBUG (BaseJdbcLogger.java:159)- ==> Parameters: 
2018-06-15 14:39:36,994 DEBUG (BaseJdbcLogger.java:159)- <==      Total: 4
2018-06-15 14:39:36,995 DEBUG (BaseJdbcLogger.java:159)- ==>  Preparing: SELECT *FROM TB_GROUP where GID=? 
2018-06-15 14:39:36,995 DEBUG (BaseJdbcLogger.java:159)- ==> Parameters: 39(Integer)
2018-06-15 14:39:36,996 DEBUG (BaseJdbcLogger.java:159)- <==      Total: 1
2018-06-15 14:39:36,997 DEBUG (BaseJdbcLogger.java:159)- ==>  Preparing: select *from TB_USER u where u.UID = ? 
2018-06-15 14:39:36,998 DEBUG (BaseJdbcLogger.java:159)- ==> Parameters: 1(Integer)
2018-06-15 14:39:36,999 DEBUG (BaseJdbcLogger.java:159)- <==      Total: 1
2018-06-15 14:39:37,000 DEBUG (BaseJdbcLogger.java:159)- ==>  Preparing: SELECT *FROM TB_GROUP where GID=? 
2018-06-15 14:39:37,000 DEBUG (BaseJdbcLogger.java:159)- ==> Parameters: 41(Integer)
2018-06-15 14:39:37,001 DEBUG (BaseJdbcLogger.java:159)- <==      Total: 1
2018-06-15 14:39:37,002 DEBUG (BaseJdbcLogger.java:159)- ==>  Preparing: select *from TB_USER u where u.UID = ? 
2018-06-15 14:39:37,002 DEBUG (BaseJdbcLogger.java:159)- ==> Parameters: 7(Integer)
2018-06-15 14:39:37,003 DEBUG (BaseJdbcLogger.java:159)- <==      Total: 1
2018-06-15 14:39:37,004 DEBUG (BaseJdbcLogger.java:159)- ==>  Preparing: SELECT *FROM TB_GROUP where GID=? 
2018-06-15 14:39:37,004 DEBUG (BaseJdbcLogger.java:159)- ==> Parameters: 40(Integer)
2018-06-15 14:39:37,006 DEBUG (BaseJdbcLogger.java:159)- <==      Total: 1
2018-06-15 14:39:37,007 DEBUG (BaseJdbcLogger.java:159)- ==>  Preparing: select *from TB_USER u where u.UID = ? 
2018-06-15 14:39:37,007 DEBUG (BaseJdbcLogger.java:159)- ==> Parameters: 2(Integer)
2018-06-15 14:39:37,008 DEBUG (BaseJdbcLogger.java:159)- <==      Total: 1
2018-06-15 14:39:37,008 DEBUG (BaseJdbcLogger.java:159)- ==>  Preparing: SELECT *FROM TB_GROUP where GID=? 
2018-06-15 14:39:37,009 DEBUG (BaseJdbcLogger.java:159)- ==> Parameters: 39(Integer)
2018-06-15 14:39:37,010 DEBUG (BaseJdbcLogger.java:159)- <==      Total: 1
2018-06-15 14:39:37,010 DEBUG (BaseJdbcLogger.java:159)- ==>  Preparing: select *from TB_USER u where u.UID = ? 
2018-06-15 14:39:37,011 DEBUG (BaseJdbcLogger.java:159)- ==> Parameters: 1(Integer)
2018-06-15 14:39:37,012 DEBUG (BaseJdbcLogger.java:159)- <==      Total: 1
