2018-06-08 09:35:09,786 DEBUG (BaseJdbcLogger.java:159)- ==>  Preparing: SELECT count(0) FROM TB_GROUP 
2018-06-08 09:35:09,788 DEBUG (BaseJdbcLogger.java:159)- ==> Parameters: 
2018-06-08 09:35:09,789 DEBUG (BaseJdbcLogger.java:159)- <==      Total: 1
2018-06-08 09:35:09,790 DEBUG (BaseJdbcLogger.java:159)- ==>  Preparing: SELECT *FROM TB_GROUP LIMIT 100 
2018-06-08 09:35:09,790 DEBUG (BaseJdbcLogger.java:159)- ==> Parameters: 
2018-06-08 09:35:09,791 DEBUG (BaseJdbcLogger.java:159)- <==      Total: 4
2018-06-08 09:35:09,792 DEBUG (BaseJdbcLogger.java:159)- ==>  Preparing: SELECT *FROM TB_GROUP where GID=? 
2018-06-08 09:35:09,792 DEBUG (BaseJdbcLogger.java:159)- ==> Parameters: 37(Integer)
2018-06-08 09:35:09,793 DEBUG (BaseJdbcLogger.java:159)- <==      Total: 1
2018-06-08 09:35:09,794 DEBUG (BaseJdbcLogger.java:159)- ==>  Preparing: select *from TB_USER u where u.UID = ? 
2018-06-08 09:35:09,794 DEBUG (BaseJdbcLogger.java:159)- ==> Parameters: 6(Integer)
2018-06-08 09:35:09,795 DEBUG (BaseJdbcLogger.java:159)- <==      Total: 1
2018-06-08 09:35:09,795 DEBUG (BaseJdbcLogger.java:159)- ==>  Preparing: SELECT *FROM TB_GROUP where GID=? 
2018-06-08 09:35:09,796 DEBUG (BaseJdbcLogger.java:159)- ==> Parameters: 40(Integer)
2018-06-08 09:35:09,796 DEBUG (BaseJdbcLogger.java:159)- <==      Total: 1
2018-06-08 09:35:09,797 DEBUG (BaseJdbcLogger.java:159)- ==>  Preparing: select *from TB_USER u where u.UID = ? 
2018-06-08 09:35:09,797 DEBUG (BaseJdbcLogger.java:159)- ==> Parameters: 2(Integer)
2018-06-08 09:35:09,798 DEBUG (BaseJdbcLogger.java:159)- <==      Total: 1
2018-06-08 09:35:09,799 DEBUG (BaseJdbcLogger.java:159)- ==>  Preparing: SELECT *FROM TB_GROUP where GID=? 
2018-06-08 09:35:09,799 DEBUG (BaseJdbcLogger.java:159)- ==> Parameters: 39(Integer)
2018-06-08 09:35:09,800 DEBUG (BaseJdbcLogger.java:159)- <==      Total: 1
2018-06-08 09:35:09,800 DEBUG (BaseJdbcLogger.java:159)- ==>  Preparing: select *from TB_USER u where u.UID = ? 
2018-06-08 09:35:09,801 DEBUG (BaseJdbcLogger.java:159)- ==> Parameters: 1(Integer)
2018-06-08 09:35:09,802 DEBUG (BaseJdbcLogger.java:159)- <==      Total: 1
2018-06-08 09:35:10,055 INFO (LoopJob.java:27)- 测试人
2018-06-08 09:35:10,055 INFO (LoopJob.java:28)- 39
2018-06-08 09:35:10,055 ERROR (LoopJob.java:29)- Hello Job执行时间: Fri Jun 08 09:35:10 CST 2018
