2018-06-08 09:35:07,521 DEBUG (BaseJdbcLogger.java:159)- ==>  Preparing: SELECT *FROM TB_GROUP where GID=? 
2018-06-08 09:35:07,522 DEBUG (BaseJdbcLogger.java:159)- ==> Parameters: 39(Integer)
2018-06-08 09:35:07,523 DEBUG (BaseJdbcLogger.java:159)- <==      Total: 1
2018-06-08 09:35:07,524 DEBUG (BaseJdbcLogger.java:159)- ==>  Preparing: select *from TB_USER u where u.UID = ? 
2018-06-08 09:35:07,524 DEBUG (BaseJdbcLogger.java:159)- ==> Parameters: 1(Integer)
2018-06-08 09:35:07,525 DEBUG (BaseJdbcLogger.java:159)- <==      Total: 1
2018-06-08 09:35:08,159 DEBUG (BaseJdbcLogger.java:159)- ==>  Preparing: SELECT count(0) FROM QRTZ_JOB_DETAILS JOIN QRTZ_TRIGGERS JOIN QRTZ_CRON_TRIGGERS ON QRTZ_JOB_DETAILS.JOB_NAME = QRTZ_TRIGGERS.JOB_NAME AND QRTZ_TRIGGERS.TRIGGER_NAME = QRTZ_CRON_TRIGGERS.TRIGGER_NAME AND QRTZ_TRIGGERS.TRIGGER_GROUP = QRTZ_CRON_TRIGGERS.TRIGGER_GROUP WHERE 1 = 1 
2018-06-08 09:35:08,159 DEBUG (BaseJdbcLogger.java:159)- ==> Parameters: 
2018-06-08 09:35:08,160 DEBUG (BaseJdbcLogger.java:159)- <==      Total: 1
2018-06-08 09:35:08,161 DEBUG (BaseJdbcLogger.java:159)- ==>  Preparing: SELECT QRTZ_JOB_DETAILS.JOB_NAME, QRTZ_JOB_DETAILS.JOB_GROUP, QRTZ_JOB_DETAILS.JOB_CLASS_NAME, QRTZ_JOB_DETAILS.DESCRIPTION, QRTZ_TRIGGERS.TRIGGER_NAME, QRTZ_TRIGGERS.TRIGGER_GROUP, QRTZ_CRON_TRIGGERS.CRON_EXPRESSION, QRTZ_CRON_TRIGGERS.TIME_ZONE_ID, QRTZ_TRIGGERS.TRIGGER_STATE FROM QRTZ_JOB_DETAILS JOIN QRTZ_TRIGGERS JOIN QRTZ_CRON_TRIGGERS ON QRTZ_JOB_DETAILS.JOB_NAME = QRTZ_TRIGGERS.JOB_NAME AND QRTZ_TRIGGERS.TRIGGER_NAME = QRTZ_CRON_TRIGGERS.TRIGGER_NAME AND QRTZ_TRIGGERS.TRIGGER_GROUP = QRTZ_CRON_TRIGGERS.TRIGGER_GROUP where 1=1 LIMIT 5 
2018-06-08 09:35:08,161 DEBUG (BaseJdbcLogger.java:159)- ==> Parameters: 
2018-06-08 09:35:08,162 DEBUG (BaseJdbcLogger.java:159)- <==      Total: 3
2018-06-08 09:35:08,162 DEBUG (BaseJdbcLogger.java:159)- ==>  Preparing: SELECT count(0) FROM TB_GROUP 
2018-06-08 09:35:08,162 DEBUG (BaseJdbcLogger.java:159)- ==> Parameters: 
2018-06-08 09:35:08,163 DEBUG (BaseJdbcLogger.java:159)- <==      Total: 1
2018-06-08 09:35:08,163 DEBUG (BaseJdbcLogger.java:159)- ==>  Preparing: SELECT *FROM TB_GROUP LIMIT 100 
2018-06-08 09:35:08,164 DEBUG (BaseJdbcLogger.java:159)- ==> Parameters: 
2018-06-08 09:35:08,164 DEBUG (BaseJdbcLogger.java:159)- <==      Total: 4
2018-06-08 09:35:08,165 DEBUG (BaseJdbcLogger.java:159)- ==>  Preparing: SELECT *FROM TB_GROUP where GID=? 
2018-06-08 09:35:08,165 DEBUG (BaseJdbcLogger.java:159)- ==> Parameters: 37(Integer)
2018-06-08 09:35:08,166 DEBUG (BaseJdbcLogger.java:159)- <==      Total: 1
2018-06-08 09:35:08,167 DEBUG (BaseJdbcLogger.java:159)- ==>  Preparing: select *from TB_USER u where u.UID = ? 
2018-06-08 09:35:08,167 DEBUG (BaseJdbcLogger.java:159)- ==> Parameters: 6(Integer)
2018-06-08 09:35:08,168 DEBUG (BaseJdbcLogger.java:159)- <==      Total: 1
2018-06-08 09:35:08,169 DEBUG (BaseJdbcLogger.java:159)- ==>  Preparing: SELECT *FROM TB_GROUP where GID=? 
2018-06-08 09:35:08,169 DEBUG (BaseJdbcLogger.java:159)- ==> Parameters: 40(Integer)
2018-06-08 09:35:08,170 DEBUG (BaseJdbcLogger.java:159)- <==      Total: 1
2018-06-08 09:35:08,170 DEBUG (BaseJdbcLogger.java:159)- ==>  Preparing: select *from TB_USER u where u.UID = ? 
2018-06-08 09:35:08,170 DEBUG (BaseJdbcLogger.java:159)- ==> Parameters: 2(Integer)
2018-06-08 09:35:08,171 DEBUG (BaseJdbcLogger.java:159)- <==      Total: 1
2018-06-08 09:35:08,172 DEBUG (BaseJdbcLogger.java:159)- ==>  Preparing: SELECT *FROM TB_GROUP where GID=? 
2018-06-08 09:35:08,172 DEBUG (BaseJdbcLogger.java:159)- ==> Parameters: 39(Integer)
