2018-06-11 10:36:48,638 DEBUG (BaseJdbcLogger.java:159)- ==>  Preparing: SELECT *FROM TB_GROUP LIMIT 100 
2018-06-11 10:36:48,640 DEBUG (BaseJdbcLogger.java:159)- ==> Parameters: 
2018-06-11 10:36:48,640 DEBUG (BaseJdbcLogger.java:159)- <==      Total: 4
2018-06-11 10:36:48,641 DEBUG (BaseJdbcLogger.java:159)- ==>  Preparing: SELECT *FROM TB_GROUP where GID=? 
2018-06-11 10:36:48,641 DEBUG (BaseJdbcLogger.java:159)- ==> Parameters: 39(Integer)
2018-06-11 10:36:48,642 DEBUG (BaseJdbcLogger.java:159)- <==      Total: 1
2018-06-11 10:36:48,643 DEBUG (BaseJdbcLogger.java:159)- ==>  Preparing: select *from TB_USER u where u.UID = ? 
2018-06-11 10:36:48,643 DEBUG (BaseJdbcLogger.java:159)- ==> Parameters: 1(Integer)
2018-06-11 10:36:48,644 DEBUG (BaseJdbcLogger.java:159)- <==      Total: 1
2018-06-11 10:36:48,645 DEBUG (BaseJdbcLogger.java:159)- ==>  Preparing: SELECT *FROM TB_GROUP where GID=? 
2018-06-11 10:36:48,645 DEBUG (BaseJdbcLogger.java:159)- ==> Parameters: 37(Integer)
2018-06-11 10:36:48,646 DEBUG (BaseJdbcLogger.java:159)- <==      Total: 1
2018-06-11 10:36:48,647 DEBUG (BaseJdbcLogger.java:159)- ==>  Preparing: select *from TB_USER u where u.UID = ? 
2018-06-11 10:36:48,647 DEBUG (BaseJdbcLogger.java:159)- ==> Parameters: 6(Integer)
2018-06-11 10:36:48,648 DEBUG (BaseJdbcLogger.java:159)- <==      Total: 1
2018-06-11 10:36:48,648 DEBUG (BaseJdbcLogger.java:159)- ==>  Preparing: SELECT *FROM TB_GROUP where GID=? 
2018-06-11 10:36:48,649 DEBUG (BaseJdbcLogger.java:159)- ==> Parameters: 37(Integer)
2018-06-11 10:36:48,650 DEBUG (BaseJdbcLogger.java:159)- <==      Total: 1
2018-06-11 10:36:48,651 DEBUG (BaseJdbcLogger.java:159)- ==>  Preparing: select *from TB_USER u where u.UID = ? 
2018-06-11 10:36:48,651 DEBUG (BaseJdbcLogger.java:159)- ==> Parameters: 6(Integer)
2018-06-11 10:36:48,652 DEBUG (BaseJdbcLogger.java:159)- <==      Total: 1
2018-06-11 10:36:48,653 DEBUG (BaseJdbcLogger.java:159)- ==>  Preparing: SELECT *FROM TB_GROUP where GID=? 
2018-06-11 10:36:48,653 DEBUG (BaseJdbcLogger.java:159)- ==> Parameters: 40(Integer)
2018-06-11 10:36:48,654 DEBUG (BaseJdbcLogger.java:159)- <==      Total: 1
