2018-06-04 14:27:37,361 DEBUG (BaseJdbcLogger.java:159)- ==> Parameters: 
2018-06-04 14:27:37,364 DEBUG (BaseJdbcLogger.java:159)- <==      Total: 7
2018-06-04 14:27:37,365 INFO (GroupController.java:46)- -------group:list---------
2018-06-04 14:27:39,483 DEBUG (BaseJdbcLogger.java:159)- ==>  Preparing: delete from TB_GROUP where GID=? 
2018-06-04 14:27:39,486 DEBUG (BaseJdbcLogger.java:159)- ==> Parameters: 17(Integer)
2018-06-04 14:27:39,516 DEBUG (BaseJdbcLogger.java:159)- <==    Updates: 1
2018-06-04 14:27:39,518 DEBUG (BaseJdbcLogger.java:159)- ==>  Preparing: SELECT count(0) FROM TB_GROUP 
2018-06-04 14:27:39,520 DEBUG (BaseJdbcLogger.java:159)- ==> Parameters: 
2018-06-04 14:27:39,522 DEBUG (BaseJdbcLogger.java:159)- <==      Total: 1
2018-06-04 14:27:39,524 DEBUG (BaseJdbcLogger.java:159)- ==>  Preparing: SELECT *FROM TB_GROUP LIMIT 100 
2018-06-04 14:27:39,525 DEBUG (BaseJdbcLogger.java:159)- ==> Parameters: 
2018-06-04 14:27:39,528 DEBUG (BaseJdbcLogger.java:159)- <==      Total: 6
2018-06-04 14:27:39,532 INFO (GroupController.java:67)- -------group:remove---------
2018-06-04 14:27:39,949 DEBUG (BaseJdbcLogger.java:159)- ==>  Preparing: delete from TB_GROUP where GID=? 
2018-06-04 14:27:39,950 DEBUG (BaseJdbcLogger.java:159)- ==> Parameters: 16(Integer)
2018-06-04 14:27:39,973 DEBUG (BaseJdbcLogger.java:159)- <==    Updates: 1
2018-06-04 14:27:39,976 DEBUG (BaseJdbcLogger.java:159)- ==>  Preparing: SELECT count(0) FROM TB_GROUP 
2018-06-04 14:27:39,977 DEBUG (BaseJdbcLogger.java:159)- ==> Parameters: 
2018-06-04 14:27:39,981 DEBUG (BaseJdbcLogger.java:159)- <==      Total: 1
2018-06-04 14:27:39,984 DEBUG (BaseJdbcLogger.java:159)- ==>  Preparing: SELECT *FROM TB_GROUP LIMIT 100 
