2018-06-04 16:45:47,291 DEBUG (BaseJdbcLogger.java:159)- ==> Parameters: 
2018-06-04 16:45:47,295 DEBUG (BaseJdbcLogger.java:159)- <==      Total: 1
2018-06-04 16:45:47,295 DEBUG (BaseJdbcLogger.java:159)- ==>  Preparing: SELECT u.*,g.GNAME FROM TB_USER u left join TB_GROUP g on u.GID=g.GID LIMIT 5 
2018-06-04 16:45:47,296 DEBUG (BaseJdbcLogger.java:159)- ==> Parameters: 
2018-06-04 16:45:47,298 DEBUG (BaseJdbcLogger.java:159)- <==      Total: 4
2018-06-04 16:45:47,298 DEBUG (BaseJdbcLogger.java:159)- ==>  Preparing: SELECT count(0) FROM TB_GROUP 
2018-06-04 16:45:47,299 DEBUG (BaseJdbcLogger.java:159)- ==> Parameters: 
2018-06-04 16:45:47,309 DEBUG (BaseJdbcLogger.java:159)- <==      Total: 1
2018-06-04 16:45:47,309 DEBUG (BaseJdbcLogger.java:159)- ==>  Preparing: SELECT *FROM TB_GROUP LIMIT 100 
2018-06-04 16:45:47,311 DEBUG (BaseJdbcLogger.java:159)- ==> Parameters: 
2018-06-04 16:45:47,315 DEBUG (BaseJdbcLogger.java:159)- <==      Total: 3
2018-06-04 16:45:47,316 INFO (UserController.java:84)- -------user:listdto---------
2018-06-04 16:45:48,077 DEBUG (BaseJdbcLogger.java:159)- ==>  Preparing: SELECT count(0) FROM TB_USER u LEFT JOIN TB_GROUP g ON u.GID = g.GID 
2018-06-04 16:45:48,077 DEBUG (BaseJdbcLogger.java:159)- ==> Parameters: 
2018-06-04 16:45:48,078 DEBUG (BaseJdbcLogger.java:159)- <==      Total: 1
2018-06-04 16:45:48,079 DEBUG (BaseJdbcLogger.java:159)- ==>  Preparing: SELECT u.*,g.GNAME FROM TB_USER u left join TB_GROUP g on u.GID=g.GID LIMIT 5 
2018-06-04 16:45:48,079 DEBUG (BaseJdbcLogger.java:159)- ==> Parameters: 
2018-06-04 16:45:48,081 DEBUG (BaseJdbcLogger.java:159)- <==      Total: 4
2018-06-04 16:45:48,082 DEBUG (BaseJdbcLogger.java:159)- ==>  Preparing: SELECT count(0) FROM TB_GROUP 
2018-06-04 16:45:48,082 DEBUG (BaseJdbcLogger.java:159)- ==> Parameters: 
2018-06-04 16:45:48,083 DEBUG (BaseJdbcLogger.java:159)- <==      Total: 1
2018-06-04 16:45:48,083 DEBUG (BaseJdbcLogger.java:159)- ==>  Preparing: SELECT *FROM TB_GROUP LIMIT 100 
2018-06-04 16:45:48,084 DEBUG (BaseJdbcLogger.java:159)- ==> Parameters: 
2018-06-04 16:45:48,084 DEBUG (BaseJdbcLogger.java:159)- <==      Total: 3
2018-06-04 16:45:48,085 INFO (UserController.java:84)- -------user:listdto---------
