2018-06-08 09:34:49,578 DEBUG (BaseJdbcLogger.java:159)- ==>  Preparing: SELECT count(0) FROM TB_GROUP 
2018-06-08 09:34:49,580 DEBUG (BaseJdbcLogger.java:159)- ==> Parameters: 
2018-06-08 09:34:49,581 DEBUG (BaseJdbcLogger.java:159)- <==      Total: 1
2018-06-08 09:34:49,582 DEBUG (BaseJdbcLogger.java:159)- ==>  Preparing: SELECT *FROM TB_GROUP LIMIT 100 
2018-06-08 09:34:49,582 DEBUG (BaseJdbcLogger.java:159)- ==> Parameters: 
2018-06-08 09:34:49,586 DEBUG (BaseJdbcLogger.java:159)- <==      Total: 4
2018-06-08 09:34:49,589 DEBUG (BaseJdbcLogger.java:159)- ==>  Preparing: SELECT *FROM TB_GROUP where GID=? 
2018-06-08 09:34:49,589 DEBUG (BaseJdbcLogger.java:159)- ==> Parameters: 37(Integer)
2018-06-08 09:34:49,591 INFO (LoopJob.java:27)- 测试人
2018-06-08 09:34:49,591 DEBUG (BaseJdbcLogger.java:159)- <==      Total: 1
2018-06-08 09:34:49,592 DEBUG (BaseJdbcLogger.java:159)- ==>  Preparing: select *from TB_USER u where u.UID = ? 
2018-06-08 09:34:49,593 DEBUG (BaseJdbcLogger.java:159)- ==> Parameters: 6(Integer)
2018-06-08 09:34:49,592 INFO (LoopJob.java:28)- 39
2018-06-08 09:34:49,596 ERROR (LoopJob.java:29)- Hello Job执行时间: Fri Jun 08 09:34:49 CST 2018
2018-06-08 09:34:49,596 DEBUG (BaseJdbcLogger.java:159)- <==      Total: 1
2018-06-08 09:34:49,597 DEBUG (BaseJdbcLogger.java:159)- ==>  Preparing: SELECT *FROM TB_GROUP where GID=? 
2018-06-08 09:34:49,597 DEBUG (BaseJdbcLogger.java:159)- ==> Parameters: 40(Integer)
2018-06-08 09:34:49,599 DEBUG (BaseJdbcLogger.java:159)- <==      Total: 1
2018-06-08 09:34:49,600 DEBUG (BaseJdbcLogger.java:159)- ==>  Preparing: select *from TB_USER u where u.UID = ? 
2018-06-08 09:34:49,600 DEBUG (BaseJdbcLogger.java:159)- ==> Parameters: 2(Integer)
2018-06-08 09:34:49,601 DEBUG (BaseJdbcLogger.java:159)- <==      Total: 1
2018-06-08 09:34:49,601 DEBUG (BaseJdbcLogger.java:159)- ==>  Preparing: SELECT *FROM TB_GROUP where GID=? 
2018-06-08 09:34:49,602 DEBUG (BaseJdbcLogger.java:159)- ==> Parameters: 39(Integer)
2018-06-08 09:34:49,602 DEBUG (BaseJdbcLogger.java:159)- <==      Total: 1
2018-06-08 09:34:49,603 DEBUG (BaseJdbcLogger.java:159)- ==>  Preparing: select *from TB_USER u where u.UID = ? 
2018-06-08 09:34:49,603 DEBUG (BaseJdbcLogger.java:159)- ==> Parameters: 1(Integer)
2018-06-08 09:34:49,604 DEBUG (BaseJdbcLogger.java:159)- <==      Total: 1
2018-06-08 09:34:50,056 INFO (LoopJob.java:27)- 测试人
