2018-06-08 09:35:08,173 DEBUG (BaseJdbcLogger.java:159)- <==      Total: 1
2018-06-08 09:35:08,175 DEBUG (BaseJdbcLogger.java:159)- ==>  Preparing: select *from TB_USER u where u.UID = ? 
2018-06-08 09:35:08,175 DEBUG (BaseJdbcLogger.java:159)- ==> Parameters: 1(Integer)
2018-06-08 09:35:08,176 DEBUG (BaseJdbcLogger.java:159)- <==      Total: 1
2018-06-08 09:35:08,636 DEBUG (BaseJdbcLogger.java:159)- ==>  Preparing: SELECT count(0) FROM QRTZ_JOB_DETAILS JOIN QRTZ_TRIGGERS JOIN QRTZ_CRON_TRIGGERS ON QRTZ_JOB_DETAILS.JOB_NAME = QRTZ_TRIGGERS.JOB_NAME AND QRTZ_TRIGGERS.TRIGGER_NAME = QRTZ_CRON_TRIGGERS.TRIGGER_NAME AND QRTZ_TRIGGERS.TRIGGER_GROUP = QRTZ_CRON_TRIGGERS.TRIGGER_GROUP WHERE 1 = 1 
2018-06-08 09:35:08,636 DEBUG (BaseJdbcLogger.java:159)- ==> Parameters: 
2018-06-08 09:35:08,637 DEBUG (BaseJdbcLogger.java:159)- <==      Total: 1
2018-06-08 09:35:08,638 DEBUG (BaseJdbcLogger.java:159)- ==>  Preparing: SELECT QRTZ_JOB_DETAILS.JOB_NAME, QRTZ_JOB_DETAILS.JOB_GROUP, QRTZ_JOB_DETAILS.JOB_CLASS_NAME, QRTZ_JOB_DETAILS.DESCRIPTION, QRTZ_TRIGGERS.TRIGGER_NAME, QRTZ_TRIGGERS.TRIGGER_GROUP, QRTZ_CRON_TRIGGERS.CRON_EXPRESSION, QRTZ_CRON_TRIGGERS.TIME_ZONE_ID, QRTZ_TRIGGERS.TRIGGER_STATE FROM QRTZ_JOB_DETAILS JOIN QRTZ_TRIGGERS JOIN QRTZ_CRON_TRIGGERS ON QRTZ_JOB_DETAILS.JOB_NAME = QRTZ_TRIGGERS.JOB_NAME AND QRTZ_TRIGGERS.TRIGGER_NAME = QRTZ_CRON_TRIGGERS.TRIGGER_NAME AND QRTZ_TRIGGERS.TRIGGER_GROUP = QRTZ_CRON_TRIGGERS.TRIGGER_GROUP where 1=1 LIMIT 5 
2018-06-08 09:35:08,638 DEBUG (BaseJdbcLogger.java:159)- ==> Parameters: 
2018-06-08 09:35:08,639 DEBUG (BaseJdbcLogger.java:159)- <==      Total: 3
2018-06-08 09:35:08,640 DEBUG (BaseJdbcLogger.java:159)- ==>  Preparing: SELECT count(0) FROM TB_GROUP 
2018-06-08 09:35:08,640 DEBUG (BaseJdbcLogger.java:159)- ==> Parameters: 
2018-06-08 09:35:08,640 DEBUG (BaseJdbcLogger.java:159)- <==      Total: 1
2018-06-08 09:35:08,641 DEBUG (BaseJdbcLogger.java:159)- ==>  Preparing: SELECT *FROM TB_GROUP LIMIT 100 
2018-06-08 09:35:08,641 DEBUG (BaseJdbcLogger.java:159)- ==> Parameters: 
2018-06-08 09:35:08,642 DEBUG (BaseJdbcLogger.java:159)- <==      Total: 4
2018-06-08 09:35:08,642 DEBUG (BaseJdbcLogger.java:159)- ==>  Preparing: SELECT *FROM TB_GROUP where GID=? 
2018-06-08 09:35:08,643 DEBUG (BaseJdbcLogger.java:159)- ==> Parameters: 37(Integer)
2018-06-08 09:35:08,644 DEBUG (BaseJdbcLogger.java:159)- <==      Total: 1
2018-06-08 09:35:08,644 DEBUG (BaseJdbcLogger.java:159)- ==>  Preparing: select *from TB_USER u where u.UID = ? 
2018-06-08 09:35:08,645 DEBUG (BaseJdbcLogger.java:159)- ==> Parameters: 6(Integer)
2018-06-08 09:35:08,646 DEBUG (BaseJdbcLogger.java:159)- <==      Total: 1
2018-06-08 09:35:08,646 DEBUG (BaseJdbcLogger.java:159)- ==>  Preparing: SELECT *FROM TB_GROUP where GID=? 
2018-06-08 09:35:08,647 DEBUG (BaseJdbcLogger.java:159)- ==> Parameters: 40(Integer)
2018-06-08 09:35:08,647 DEBUG (BaseJdbcLogger.java:159)- <==      Total: 1
2018-06-08 09:35:08,648 DEBUG (BaseJdbcLogger.java:159)- ==>  Preparing: select *from TB_USER u where u.UID = ? 
2018-06-08 09:35:08,648 DEBUG (BaseJdbcLogger.java:159)- ==> Parameters: 2(Integer)
2018-06-08 09:35:08,649 DEBUG (BaseJdbcLogger.java:159)- <==      Total: 1
2018-06-08 09:35:08,650 DEBUG (BaseJdbcLogger.java:159)- ==>  Preparing: SELECT *FROM TB_GROUP where GID=? 
2018-06-08 09:35:08,651 DEBUG (BaseJdbcLogger.java:159)- ==> Parameters: 39(Integer)
2018-06-08 09:35:08,651 DEBUG (BaseJdbcLogger.java:159)- <==      Total: 1
2018-06-08 09:35:08,652 DEBUG (BaseJdbcLogger.java:159)- ==>  Preparing: select *from TB_USER u where u.UID = ? 
