2018-06-04 14:59:35,937 DEBUG (BaseJdbcLogger.java:159)- <==      Total: 1
2018-06-04 14:59:35,941 DEBUG (BaseJdbcLogger.java:159)- ==>  Preparing: SELECT *FROM TB_GROUP LIMIT 100 
2018-06-04 14:59:35,941 DEBUG (BaseJdbcLogger.java:159)- ==> Parameters: 
2018-06-04 14:59:35,943 DEBUG (BaseJdbcLogger.java:159)- <==      Total: 1
2018-06-04 14:59:35,945 INFO (GroupController.java:106)- -------group:disable---------
2018-06-04 14:59:36,350 DEBUG (BaseJdbcLogger.java:159)- ==>  Preparing: SELECT *FROM TB_GROUP where GID=? 
2018-06-04 14:59:36,352 DEBUG (BaseJdbcLogger.java:159)- ==> Parameters: 37(Integer)
2018-06-04 14:59:36,356 DEBUG (BaseJdbcLogger.java:159)- <==      Total: 1
2018-06-04 14:59:36,360 DEBUG (BaseJdbcLogger.java:159)- ==>  Preparing: UPDATE TB_GROUP set GNAME=?, DESCRIPTION=?, ISABLE=? WHERE GID=? 
2018-06-04 14:59:36,363 DEBUG (BaseJdbcLogger.java:159)- ==> Parameters: 研发1组(String), 微信小程序调研工作(String), 0(String), 37(Integer)
2018-06-04 14:59:36,412 DEBUG (BaseJdbcLogger.java:159)- <==    Updates: 1
2018-06-04 14:59:36,414 DEBUG (BaseJdbcLogger.java:159)- ==>  Preparing: SELECT count(0) FROM TB_GROUP 
2018-06-04 14:59:36,414 DEBUG (BaseJdbcLogger.java:159)- ==> Parameters: 
2018-06-04 14:59:36,416 DEBUG (BaseJdbcLogger.java:159)- <==      Total: 1
2018-06-04 14:59:36,417 DEBUG (BaseJdbcLogger.java:159)- ==>  Preparing: SELECT *FROM TB_GROUP LIMIT 100 
2018-06-04 14:59:36,417 DEBUG (BaseJdbcLogger.java:159)- ==> Parameters: 
2018-06-04 14:59:36,419 DEBUG (BaseJdbcLogger.java:159)- <==      Total: 1
2018-06-04 14:59:36,420 INFO (GroupController.java:93)- -------group:enable---------
2018-06-04 14:59:36,786 DEBUG (BaseJdbcLogger.java:159)- ==>  Preparing: SELECT *FROM TB_GROUP where GID=? 
2018-06-04 14:59:36,786 DEBUG (BaseJdbcLogger.java:159)- ==> Parameters: 37(Integer)
2018-06-04 14:59:36,788 DEBUG (BaseJdbcLogger.java:159)- <==      Total: 1
2018-06-04 14:59:36,789 DEBUG (BaseJdbcLogger.java:159)- ==>  Preparing: UPDATE TB_GROUP set GNAME=?, DESCRIPTION=?, ISABLE=? WHERE GID=? 
2018-06-04 14:59:36,789 DEBUG (BaseJdbcLogger.java:159)- ==> Parameters: 研发1组(String), 微信小程序调研工作(String), 1(String), 37(Integer)
2018-06-04 14:59:36,841 DEBUG (BaseJdbcLogger.java:159)- <==    Updates: 1
