2018-06-04 14:22:54,961 DEBUG (BaseJdbcLogger.java:159)- ==>  Preparing: SELECT *FROM TB_GROUP LIMIT 100 
2018-06-04 14:22:54,964 DEBUG (BaseJdbcLogger.java:159)- ==> Parameters: 
2018-06-04 14:22:54,965 DEBUG (BaseJdbcLogger.java:159)- <==      Total: 1
2018-06-04 14:22:54,965 INFO (GroupController.java:66)- -------group:remove---------
2018-06-04 14:22:55,770 DEBUG (BaseJdbcLogger.java:159)- ==>  Preparing: delete from TB_GROUP where GID=? 
2018-06-04 14:22:55,771 DEBUG (BaseJdbcLogger.java:159)- ==> Parameters: 9(Integer)
2018-06-04 14:22:55,807 DEBUG (BaseJdbcLogger.java:159)- <==    Updates: 1
2018-06-04 14:22:55,810 DEBUG (BaseJdbcLogger.java:159)- ==>  Preparing: SELECT count(0) FROM TB_GROUP 
2018-06-04 14:22:55,811 DEBUG (BaseJdbcLogger.java:159)- ==> Parameters: 
2018-06-04 14:22:55,815 DEBUG (BaseJdbcLogger.java:159)- <==      Total: 1
2018-06-04 14:22:55,816 INFO (GroupController.java:66)- -------group:remove---------
2018-06-04 14:23:18,688 INFO (StartupInfoLogger.java:48)- Starting DemoApplication on Stronger-PC with PID 5768 (F:\Learn\met-parent\met-web\target\classes started by Stronger in F:\Learn\met-parent\met-web)
2018-06-04 14:23:18,688 DEBUG (StartupInfoLogger.java:51)- Running with Spring Boot v1.5.9.RELEASE, Spring v4.3.13.RELEASE
2018-06-04 14:23:18,688 INFO (SpringApplication.java:593)- No active profile set, falling back to default profiles: default
2018-06-04 14:23:22,222 INFO (StartupInfoLogger.java:48)- Starting DemoApplication on Stronger-PC with PID 12048 (F:\Learn\met-parent\met-web\target\classes started by Stronger in F:\Learn\met-parent\met-web)
2018-06-04 14:23:22,223 DEBUG (StartupInfoLogger.java:51)- Running with Spring Boot v1.5.9.RELEASE, Spring v4.3.13.RELEASE
2018-06-04 14:23:22,223 INFO (SpringApplication.java:593)- No active profile set, falling back to default profiles: default
2018-06-04 14:23:25,668 INFO (StartupInfoLogger.java:48)- Starting DemoApplication on Stronger-PC with PID 9772 (F:\Learn\met-parent\met-web\target\classes started by Stronger in F:\Learn\met-parent\met-web)
2018-06-04 14:23:25,668 DEBUG (StartupInfoLogger.java:51)- Running with Spring Boot v1.5.9.RELEASE, Spring v4.3.13.RELEASE
2018-06-04 14:23:25,669 INFO (SpringApplication.java:593)- No active profile set, falling back to default profiles: default
