2018-06-04 16:37:54,831 DEBUG (BaseJdbcLogger.java:159)- ==> Parameters: 
2018-06-04 16:37:54,834 DEBUG (BaseJdbcLogger.java:159)- <==      Total: 1
2018-06-04 16:37:54,834 DEBUG (BaseJdbcLogger.java:159)- ==>  Preparing: SELECT *FROM TB_GROUP LIMIT 100 
2018-06-04 16:37:54,835 DEBUG (BaseJdbcLogger.java:159)- ==> Parameters: 
2018-06-04 16:37:54,836 DEBUG (BaseJdbcLogger.java:159)- <==      Total: 3
2018-06-04 16:37:54,836 INFO (UserController.java:65)- -------user:list---------
2018-06-04 16:38:00,999 DEBUG (BaseJdbcLogger.java:159)- ==>  Preparing: insert into TB_USER(UNAME, EMPNUM,ISABLE,GID) values(?,?,?,?) 
2018-06-04 16:38:01,002 DEBUG (BaseJdbcLogger.java:159)- ==> Parameters: werw(String), werwer(String), null, 39(Long)
2018-06-04 16:38:01,033 DEBUG (BaseJdbcLogger.java:159)- <==    Updates: 1
2018-06-04 16:38:01,035 DEBUG (BaseJdbcLogger.java:159)- ==>  Preparing: SELECT count(0) FROM TB_USER 
2018-06-04 16:38:01,035 DEBUG (BaseJdbcLogger.java:159)- ==> Parameters: 
2018-06-04 16:38:01,036 DEBUG (BaseJdbcLogger.java:159)- <==      Total: 1
2018-06-04 16:38:01,037 DEBUG (BaseJdbcLogger.java:159)- ==>  Preparing: SELECT *FROM TB_USER LIMIT 100 
2018-06-04 16:38:01,037 DEBUG (BaseJdbcLogger.java:159)- ==> Parameters: 
2018-06-04 16:38:01,039 DEBUG (BaseJdbcLogger.java:159)- <==      Total: 4
2018-06-04 16:38:01,040 INFO (UserController.java:88)- -------user:save---------
2018-06-04 16:40:17,606 INFO (StartupInfoLogger.java:48)- Starting DemoApplication on Stronger-PC with PID 10556 (F:\Learn\met-parent\met-web\target\classes started by Stronger in F:\Learn\met-parent\met-web)
2018-06-04 16:40:17,607 DEBUG (StartupInfoLogger.java:51)- Running with Spring Boot v1.5.9.RELEASE, Spring v4.3.13.RELEASE
2018-06-04 16:40:17,607 INFO (SpringApplication.java:593)- No active profile set, falling back to default profiles: default
2018-06-04 16:40:25,037 INFO (StartupInfoLogger.java:48)- Starting DemoApplication on Stronger-PC with PID 10556 (F:\Learn\met-parent\met-web\target\classes started by Stronger in F:\Learn\met-parent\met-web)
2018-06-04 16:40:25,037 DEBUG (StartupInfoLogger.java:51)- Running with Spring Boot v1.5.9.RELEASE, Spring v4.3.13.RELEASE
2018-06-04 16:40:25,037 INFO (SpringApplication.java:593)- No active profile set, falling back to default profiles: default
2018-06-04 16:40:30,384 INFO (StartupInfoLogger.java:48)- Starting DemoApplication on Stronger-PC with PID 10556 (F:\Learn\met-parent\met-web\target\classes started by Stronger in F:\Learn\met-parent\met-web)
2018-06-04 16:40:30,384 DEBUG (StartupInfoLogger.java:51)- Running with Spring Boot v1.5.9.RELEASE, Spring v4.3.13.RELEASE
2018-06-04 16:40:30,384 INFO (SpringApplication.java:593)- No active profile set, falling back to default profiles: default
2018-06-04 16:40:32,578 INFO (StartupInfoLogger.java:48)- Starting DemoApplication on Stronger-PC with PID 10556 (F:\Learn\met-parent\met-web\target\classes started by Stronger in F:\Learn\met-parent\met-web)
2018-06-04 16:40:32,578 DEBUG (StartupInfoLogger.java:51)- Running with Spring Boot v1.5.9.RELEASE, Spring v4.3.13.RELEASE
2018-06-04 16:40:32,578 INFO (SpringApplication.java:593)- No active profile set, falling back to default profiles: default
2018-06-04 16:40:47,088 INFO (StartupInfoLogger.java:48)- Starting DemoApplication on Stronger-PC with PID 10556 (F:\Learn\met-parent\met-web\target\classes started by Stronger in F:\Learn\met-parent\met-web)
2018-06-04 16:40:47,088 DEBUG (StartupInfoLogger.java:51)- Running with Spring Boot v1.5.9.RELEASE, Spring v4.3.13.RELEASE
2018-06-04 16:40:47,088 INFO (SpringApplication.java:593)- No active profile set, falling back to default profiles: default
