2018-06-04 14:59:38,326 DEBUG (BaseJdbcLogger.java:159)- <==      Total: 1
2018-06-04 14:59:38,328 INFO (GroupController.java:93)- -------group:enable---------
2018-06-04 14:59:38,452 DEBUG (BaseJdbcLogger.java:159)- ==>  Preparing: SELECT *FROM TB_GROUP where GID=? 
2018-06-04 14:59:38,455 DEBUG (BaseJdbcLogger.java:159)- ==> Parameters: 37(Integer)
2018-06-04 14:59:38,458 DEBUG (BaseJdbcLogger.java:159)- <==      Total: 1
2018-06-04 14:59:38,461 DEBUG (BaseJdbcLogger.java:159)- ==>  Preparing: UPDATE TB_GROUP set GNAME=?, DESCRIPTION=?, ISABLE=? WHERE GID=? 
2018-06-04 14:59:38,463 DEBUG (BaseJdbcLogger.java:159)- ==> Parameters: 研发1组(String), 微信小程序调研工作(String), 1(String), 37(Integer)
2018-06-04 14:59:38,488 DEBUG (BaseJdbcLogger.java:159)- <==    Updates: 1
2018-06-04 14:59:38,489 DEBUG (BaseJdbcLogger.java:159)- ==>  Preparing: SELECT count(0) FROM TB_GROUP 
2018-06-04 14:59:38,490 DEBUG (BaseJdbcLogger.java:159)- ==> Parameters: 
2018-06-04 14:59:38,491 DEBUG (BaseJdbcLogger.java:159)- <==      Total: 1
2018-06-04 14:59:38,491 DEBUG (BaseJdbcLogger.java:159)- ==>  Preparing: SELECT *FROM TB_GROUP LIMIT 100 
2018-06-04 14:59:38,492 DEBUG (BaseJdbcLogger.java:159)- ==> Parameters: 
2018-06-04 14:59:38,493 DEBUG (BaseJdbcLogger.java:159)- <==      Total: 1
2018-06-04 14:59:38,494 INFO (GroupController.java:106)- -------group:disable---------
2018-06-04 14:59:38,648 DEBUG (BaseJdbcLogger.java:159)- ==>  Preparing: SELECT *FROM TB_GROUP where GID=? 
2018-06-04 14:59:38,649 DEBUG (BaseJdbcLogger.java:159)- ==> Parameters: 37(Integer)
2018-06-04 14:59:38,651 DEBUG (BaseJdbcLogger.java:159)- <==      Total: 1
2018-06-04 14:59:38,654 DEBUG (BaseJdbcLogger.java:159)- ==>  Preparing: UPDATE TB_GROUP set GNAME=?, DESCRIPTION=?, ISABLE=? WHERE GID=? 
2018-06-04 14:59:38,655 DEBUG (BaseJdbcLogger.java:159)- ==> Parameters: 研发1组(String), 微信小程序调研工作(String), 0(String), 37(Integer)
2018-06-04 14:59:38,729 DEBUG (BaseJdbcLogger.java:159)- <==    Updates: 1
2018-06-04 14:59:38,730 DEBUG (BaseJdbcLogger.java:159)- ==>  Preparing: SELECT count(0) FROM TB_GROUP 
2018-06-04 14:59:38,730 DEBUG (BaseJdbcLogger.java:159)- ==> Parameters: 
2018-06-04 14:59:38,731 DEBUG (BaseJdbcLogger.java:159)- <==      Total: 1
2018-06-04 14:59:38,732 DEBUG (BaseJdbcLogger.java:159)- ==>  Preparing: SELECT *FROM TB_GROUP LIMIT 100 
2018-06-04 14:59:38,732 DEBUG (BaseJdbcLogger.java:159)- ==> Parameters: 
2018-06-04 14:59:38,733 DEBUG (BaseJdbcLogger.java:159)- <==      Total: 1
2018-06-04 14:59:38,733 INFO (GroupController.java:93)- -------group:enable---------
2018-06-04 14:59:38,814 DEBUG (BaseJdbcLogger.java:159)- ==>  Preparing: SELECT *FROM TB_GROUP where GID=? 
2018-06-04 14:59:38,815 DEBUG (BaseJdbcLogger.java:159)- ==> Parameters: 37(Integer)
2018-06-04 14:59:38,818 DEBUG (BaseJdbcLogger.java:159)- <==      Total: 1
2018-06-04 14:59:38,820 DEBUG (BaseJdbcLogger.java:159)- ==>  Preparing: UPDATE TB_GROUP set GNAME=?, DESCRIPTION=?, ISABLE=? WHERE GID=? 
