2018-06-08 09:36:17,617 DEBUG (BaseJdbcLogger.java:159)- <==      Total: 1
2018-06-08 09:36:17,619 DEBUG (BaseJdbcLogger.java:159)- ==>  Preparing: select *from TB_USER u where u.UID = ? 
2018-06-08 09:36:17,619 DEBUG (BaseJdbcLogger.java:159)- ==> Parameters: 2(Integer)
2018-06-08 09:36:17,620 DEBUG (BaseJdbcLogger.java:159)- <==      Total: 1
2018-06-08 09:36:17,620 DEBUG (BaseJdbcLogger.java:159)- ==>  Preparing: SELECT *FROM TB_GROUP where GID=? 
2018-06-08 09:36:17,621 DEBUG (BaseJdbcLogger.java:159)- ==> Parameters: 39(Integer)
2018-06-08 09:36:17,621 DEBUG (BaseJdbcLogger.java:159)- <==      Total: 1
2018-06-08 09:36:17,622 DEBUG (BaseJdbcLogger.java:159)- ==>  Preparing: select *from TB_USER u where u.UID = ? 
2018-06-08 09:36:17,622 DEBUG (BaseJdbcLogger.java:159)- ==> Parameters: 1(Integer)
2018-06-08 09:36:17,623 DEBUG (BaseJdbcLogger.java:159)- <==      Total: 1
2018-06-08 09:36:18,303 DEBUG (BaseJdbcLogger.java:159)- ==>  Preparing: SELECT count(0) FROM QRTZ_JOB_DETAILS JOIN QRTZ_TRIGGERS JOIN QRTZ_CRON_TRIGGERS ON QRTZ_JOB_DETAILS.JOB_NAME = QRTZ_TRIGGERS.JOB_NAME AND QRTZ_TRIGGERS.TRIGGER_NAME = QRTZ_CRON_TRIGGERS.TRIGGER_NAME AND QRTZ_TRIGGERS.TRIGGER_GROUP = QRTZ_CRON_TRIGGERS.TRIGGER_GROUP WHERE 1 = 1 
2018-06-08 09:36:18,304 DEBUG (BaseJdbcLogger.java:159)- ==> Parameters: 
2018-06-08 09:36:18,305 DEBUG (BaseJdbcLogger.java:159)- <==      Total: 1
2018-06-08 09:36:18,305 DEBUG (BaseJdbcLogger.java:159)- ==>  Preparing: SELECT QRTZ_JOB_DETAILS.JOB_NAME, QRTZ_JOB_DETAILS.JOB_GROUP, QRTZ_JOB_DETAILS.JOB_CLASS_NAME, QRTZ_JOB_DETAILS.DESCRIPTION, QRTZ_TRIGGERS.TRIGGER_NAME, QRTZ_TRIGGERS.TRIGGER_GROUP, QRTZ_CRON_TRIGGERS.CRON_EXPRESSION, QRTZ_CRON_TRIGGERS.TIME_ZONE_ID, QRTZ_TRIGGERS.TRIGGER_STATE FROM QRTZ_JOB_DETAILS JOIN QRTZ_TRIGGERS JOIN QRTZ_CRON_TRIGGERS ON QRTZ_JOB_DETAILS.JOB_NAME = QRTZ_TRIGGERS.JOB_NAME AND QRTZ_TRIGGERS.TRIGGER_NAME = QRTZ_CRON_TRIGGERS.TRIGGER_NAME AND QRTZ_TRIGGERS.TRIGGER_GROUP = QRTZ_CRON_TRIGGERS.TRIGGER_GROUP where 1=1 LIMIT 5 
2018-06-08 09:36:18,306 DEBUG (BaseJdbcLogger.java:159)- ==> Parameters: 
2018-06-08 09:36:18,307 DEBUG (BaseJdbcLogger.java:159)- <==      Total: 3
2018-06-08 09:36:18,307 DEBUG (BaseJdbcLogger.java:159)- ==>  Preparing: SELECT count(0) FROM TB_GROUP 
2018-06-08 09:36:18,308 DEBUG (BaseJdbcLogger.java:159)- ==> Parameters: 
2018-06-08 09:36:18,309 DEBUG (BaseJdbcLogger.java:159)- <==      Total: 1
2018-06-08 09:36:18,309 DEBUG (BaseJdbcLogger.java:159)- ==>  Preparing: SELECT *FROM TB_GROUP LIMIT 100 
2018-06-08 09:36:18,309 DEBUG (BaseJdbcLogger.java:159)- ==> Parameters: 
2018-06-08 09:36:18,310 DEBUG (BaseJdbcLogger.java:159)- <==      Total: 4
2018-06-08 09:36:18,311 DEBUG (BaseJdbcLogger.java:159)- ==>  Preparing: SELECT *FROM TB_GROUP where GID=? 
2018-06-08 09:36:18,311 DEBUG (BaseJdbcLogger.java:159)- ==> Parameters: 37(Integer)
2018-06-08 09:36:18,312 DEBUG (BaseJdbcLogger.java:159)- <==      Total: 1
2018-06-08 09:36:18,313 DEBUG (BaseJdbcLogger.java:159)- ==>  Preparing: select *from TB_USER u where u.UID = ? 
2018-06-08 09:36:18,313 DEBUG (BaseJdbcLogger.java:159)- ==> Parameters: 6(Integer)
2018-06-08 09:36:18,314 DEBUG (BaseJdbcLogger.java:159)- <==      Total: 1
2018-06-08 09:36:18,315 DEBUG (BaseJdbcLogger.java:159)- ==>  Preparing: SELECT *FROM TB_GROUP where GID=? 
2018-06-08 09:36:18,316 DEBUG (BaseJdbcLogger.java:159)- ==> Parameters: 40(Integer)
2018-06-08 09:36:18,317 DEBUG (BaseJdbcLogger.java:159)- <==      Total: 1
2018-06-08 09:36:18,317 DEBUG (BaseJdbcLogger.java:159)- ==>  Preparing: select *from TB_USER u where u.UID = ? 
