2018-06-11 10:53:52,129 DEBUG (BaseJdbcLogger.java:159)- ==>  Preparing: SELECT QRTZ_JOB_DETAILS.JOB_NAME, QRTZ_JOB_DETAILS.JOB_GROUP, QRTZ_JOB_DETAILS.JOB_CLASS_NAME, QRTZ_JOB_DETAILS.DESCRIPTION, QRTZ_TRIGGERS.TRIGGER_NAME, QRTZ_TRIGGERS.TRIGGER_GROUP, QRTZ_CRON_TRIGGERS.CRON_EXPRESSION, QRTZ_CRON_TRIGGERS.TIME_ZONE_ID, QRTZ_TRIGGERS.TRIGGER_STATE FROM QRTZ_JOB_DETAILS JOIN QRTZ_TRIGGERS JOIN QRTZ_CRON_TRIGGERS ON QRTZ_JOB_DETAILS.JOB_NAME = QRTZ_TRIGGERS.JOB_NAME AND QRTZ_TRIGGERS.TRIGGER_NAME = QRTZ_CRON_TRIGGERS.TRIGGER_NAME AND QRTZ_TRIGGERS.TRIGGER_GROUP = QRTZ_CRON_TRIGGERS.TRIGGER_GROUP where 1=1 LIMIT 5 
2018-06-11 10:53:52,131 DEBUG (BaseJdbcLogger.java:159)- ==> Parameters: 
2018-06-11 10:53:52,132 DEBUG (BaseJdbcLogger.java:159)- <==      Total: 5
2018-06-11 10:53:52,133 DEBUG (BaseJdbcLogger.java:159)- ==>  Preparing: SELECT count(0) FROM TB_GROUP 
2018-06-11 10:53:52,134 DEBUG (BaseJdbcLogger.java:159)- ==> Parameters: 
2018-06-11 10:53:52,135 DEBUG (BaseJdbcLogger.java:159)- <==      Total: 1
2018-06-11 10:53:52,135 DEBUG (BaseJdbcLogger.java:159)- ==>  Preparing: SELECT *FROM TB_GROUP LIMIT 100 
2018-06-11 10:53:52,136 DEBUG (BaseJdbcLogger.java:159)- ==> Parameters: 
2018-06-11 10:53:52,137 DEBUG (BaseJdbcLogger.java:159)- <==      Total: 4
2018-06-11 10:53:52,138 DEBUG (BaseJdbcLogger.java:159)- ==>  Preparing: SELECT *FROM TB_GROUP where GID=? 
2018-06-11 10:53:52,138 DEBUG (BaseJdbcLogger.java:159)- ==> Parameters: 39(Integer)
2018-06-11 10:53:52,139 DEBUG (BaseJdbcLogger.java:159)- <==      Total: 1
2018-06-11 10:53:52,140 DEBUG (BaseJdbcLogger.java:159)- ==>  Preparing: select *from TB_USER u where u.UID = ? 
2018-06-11 10:53:52,140 DEBUG (BaseJdbcLogger.java:159)- ==> Parameters: 1(Integer)
2018-06-11 10:53:52,141 DEBUG (BaseJdbcLogger.java:159)- <==      Total: 1
2018-06-11 10:53:52,142 DEBUG (BaseJdbcLogger.java:159)- ==>  Preparing: SELECT *FROM TB_GROUP where GID=? 
2018-06-11 10:53:52,142 DEBUG (BaseJdbcLogger.java:159)- ==> Parameters: 37(Integer)
2018-06-11 10:53:52,143 DEBUG (BaseJdbcLogger.java:159)- <==      Total: 1
2018-06-11 10:53:52,144 DEBUG (BaseJdbcLogger.java:159)- ==>  Preparing: select *from TB_USER u where u.UID = ? 
2018-06-11 10:53:52,144 DEBUG (BaseJdbcLogger.java:159)- ==> Parameters: 6(Integer)
2018-06-11 10:53:52,145 DEBUG (BaseJdbcLogger.java:159)- <==      Total: 1
2018-06-11 10:53:52,146 DEBUG (BaseJdbcLogger.java:159)- ==>  Preparing: SELECT *FROM TB_GROUP where GID=? 
2018-06-11 10:53:52,147 DEBUG (BaseJdbcLogger.java:159)- ==> Parameters: 37(Integer)
2018-06-11 10:53:52,148 DEBUG (BaseJdbcLogger.java:159)- <==      Total: 1
2018-06-11 10:53:52,148 DEBUG (BaseJdbcLogger.java:159)- ==>  Preparing: select *from TB_USER u where u.UID = ? 
2018-06-11 10:53:52,149 DEBUG (BaseJdbcLogger.java:159)- ==> Parameters: 6(Integer)
2018-06-11 10:53:52,150 DEBUG (BaseJdbcLogger.java:159)- <==      Total: 1
2018-06-11 10:53:52,151 DEBUG (BaseJdbcLogger.java:159)- ==>  Preparing: SELECT *FROM TB_GROUP where GID=? 
2018-06-11 10:53:52,152 DEBUG (BaseJdbcLogger.java:159)- ==> Parameters: 40(Integer)
2018-06-11 10:53:52,153 DEBUG (BaseJdbcLogger.java:159)- <==      Total: 1
2018-06-11 10:53:52,153 DEBUG (BaseJdbcLogger.java:159)- ==>  Preparing: select *from TB_USER u where u.UID = ? 
2018-06-11 10:53:52,153 DEBUG (BaseJdbcLogger.java:159)- ==> Parameters: 2(Integer)
