2018-06-15 14:44:56,697 DEBUG (BaseJdbcLogger.java:159)- ==> Parameters: 
2018-06-15 14:44:56,700 DEBUG (BaseJdbcLogger.java:159)- <==      Total: 1
2018-06-15 14:44:56,700 DEBUG (BaseJdbcLogger.java:159)- ==>  Preparing: SELECT *FROM TB_GROUP LIMIT 100 
2018-06-15 14:44:56,700 DEBUG (BaseJdbcLogger.java:159)- ==> Parameters: 
2018-06-15 14:44:56,701 DEBUG (BaseJdbcLogger.java:159)- <==      Total: 4
2018-06-15 14:44:56,702 DEBUG (BaseJdbcLogger.java:159)- ==>  Preparing: SELECT *FROM TB_GROUP where GID=? 
2018-06-15 14:44:56,702 DEBUG (BaseJdbcLogger.java:159)- ==> Parameters: 39(Integer)
2018-06-15 14:44:56,703 DEBUG (BaseJdbcLogger.java:159)- <==      Total: 1
2018-06-15 14:44:56,704 DEBUG (BaseJdbcLogger.java:159)- ==>  Preparing: select *from TB_USER u where u.UID = ? 
2018-06-15 14:44:56,704 DEBUG (BaseJdbcLogger.java:159)- ==> Parameters: 1(Integer)
2018-06-15 14:44:56,705 DEBUG (BaseJdbcLogger.java:159)- <==      Total: 1
2018-06-15 14:44:56,706 DEBUG (BaseJdbcLogger.java:159)- ==>  Preparing: SELECT *FROM TB_GROUP where GID=? 
2018-06-15 14:44:56,706 DEBUG (BaseJdbcLogger.java:159)- ==> Parameters: 41(Integer)
2018-06-15 14:44:56,707 DEBUG (BaseJdbcLogger.java:159)- <==      Total: 1
2018-06-15 14:44:56,708 DEBUG (BaseJdbcLogger.java:159)- ==>  Preparing: select *from TB_USER u where u.UID = ? 
2018-06-15 14:44:56,708 DEBUG (BaseJdbcLogger.java:159)- ==> Parameters: 7(Integer)
2018-06-15 14:44:56,709 DEBUG (BaseJdbcLogger.java:159)- <==      Total: 1
2018-06-15 14:44:56,710 DEBUG (BaseJdbcLogger.java:159)- ==>  Preparing: SELECT *FROM TB_GROUP where GID=? 
2018-06-15 14:44:56,710 DEBUG (BaseJdbcLogger.java:159)- ==> Parameters: 40(Integer)
2018-06-15 14:44:56,712 DEBUG (BaseJdbcLogger.java:159)- <==      Total: 1
2018-06-15 14:44:56,713 DEBUG (BaseJdbcLogger.java:159)- ==>  Preparing: select *from TB_USER u where u.UID = ? 
2018-06-15 14:44:56,713 DEBUG (BaseJdbcLogger.java:159)- ==> Parameters: 2(Integer)
2018-06-15 14:44:56,714 DEBUG (BaseJdbcLogger.java:159)- <==      Total: 1
2018-06-15 14:44:56,715 DEBUG (BaseJdbcLogger.java:159)- ==>  Preparing: SELECT *FROM TB_GROUP where GID=? 
2018-06-15 14:44:56,715 DEBUG (BaseJdbcLogger.java:159)- ==> Parameters: 39(Integer)
2018-06-15 14:44:56,716 DEBUG (BaseJdbcLogger.java:159)- <==      Total: 1
2018-06-15 14:44:56,717 DEBUG (BaseJdbcLogger.java:159)- ==>  Preparing: select *from TB_USER u where u.UID = ? 
2018-06-15 14:44:56,717 DEBUG (BaseJdbcLogger.java:159)- ==> Parameters: 1(Integer)
2018-06-15 14:44:56,718 DEBUG (BaseJdbcLogger.java:159)- <==      Total: 1
