2018-06-05 11:30:23,786 DEBUG (BaseJdbcLogger.java:159)- ==> Parameters: 
2018-06-05 11:30:23,789 DEBUG (BaseJdbcLogger.java:159)- <==      Total: 1
2018-06-05 11:30:23,789 DEBUG (BaseJdbcLogger.java:159)- ==>  Preparing: SELECT *FROM TB_GROUP LIMIT 100 
2018-06-05 11:30:23,790 DEBUG (BaseJdbcLogger.java:159)- ==> Parameters: 
2018-06-05 11:30:23,791 DEBUG (BaseJdbcLogger.java:159)- <==      Total: 4
2018-06-05 11:30:24,439 DEBUG (BaseJdbcLogger.java:159)- ==>  Preparing: SELECT count(0) FROM QRTZ_JOB_DETAILS JOIN QRTZ_TRIGGERS JOIN QRTZ_CRON_TRIGGERS ON QRTZ_JOB_DETAILS.JOB_GROUP = QRTZ_TRIGGERS.TRIGGER_GROUP AND QRTZ_TRIGGERS.TRIGGER_GROUP = QRTZ_CRON_TRIGGERS.TRIGGER_GROUP AND QRTZ_TRIGGERS.TRIGGER_GROUP = QRTZ_CRON_TRIGGERS.TRIGGER_GROUP 
2018-06-05 11:30:24,440 DEBUG (BaseJdbcLogger.java:159)- ==> Parameters: 
2018-06-05 11:30:24,441 DEBUG (BaseJdbcLogger.java:159)- <==      Total: 1
2018-06-05 11:30:24,442 DEBUG (BaseJdbcLogger.java:159)- ==>  Preparing: SELECT QRTZ_JOB_DETAILS.JOB_NAME, QRTZ_JOB_DETAILS.JOB_GROUP, QRTZ_JOB_DETAILS.JOB_CLASS_NAME, QRTZ_JOB_DETAILS.DESCRIPTION, QRTZ_TRIGGERS.TRIGGER_NAME, QRTZ_TRIGGERS.TRIGGER_GROUP, QRTZ_CRON_TRIGGERS.CRON_EXPRESSION, QRTZ_CRON_TRIGGERS.TIME_ZONE_ID FROM QRTZ_JOB_DETAILS JOIN QRTZ_TRIGGERS JOIN QRTZ_CRON_TRIGGERS ON QRTZ_JOB_DETAILS.JOB_GROUP = QRTZ_TRIGGERS.TRIGGER_GROUP AND QRTZ_TRIGGERS.TRIGGER_GROUP = QRTZ_CRON_TRIGGERS.TRIGGER_GROUP AND QRTZ_TRIGGERS.TRIGGER_GROUP = QRTZ_CRON_TRIGGERS.TRIGGER_GROUP LIMIT 5 
2018-06-05 11:30:24,442 DEBUG (BaseJdbcLogger.java:159)- ==> Parameters: 
2018-06-05 11:30:24,443 DEBUG (BaseJdbcLogger.java:159)- <==      Total: 2
2018-06-05 11:30:24,444 DEBUG (BaseJdbcLogger.java:159)- ==>  Preparing: SELECT count(0) FROM TB_GROUP 
2018-06-05 11:30:24,444 DEBUG (BaseJdbcLogger.java:159)- ==> Parameters: 
2018-06-05 11:30:24,446 DEBUG (BaseJdbcLogger.java:159)- <==      Total: 1
2018-06-05 11:30:24,446 DEBUG (BaseJdbcLogger.java:159)- ==>  Preparing: SELECT *FROM TB_GROUP LIMIT 100 
2018-06-05 11:30:24,447 DEBUG (BaseJdbcLogger.java:159)- ==> Parameters: 
2018-06-05 11:30:24,448 DEBUG (BaseJdbcLogger.java:159)- <==      Total: 4
2018-06-05 11:30:53,032 INFO (StartupInfoLogger.java:48)- Starting DemoApplication on Stronger-PC with PID 11568 (F:\Learn\met-parent\met-web\target\classes started by Stronger in F:\Learn\met-parent\met-web)
2018-06-05 11:30:53,032 DEBUG (StartupInfoLogger.java:51)- Running with Spring Boot v1.5.9.RELEASE, Spring v4.3.13.RELEASE
2018-06-05 11:30:53,032 INFO (SpringApplication.java:593)- No active profile set, falling back to default profiles: default
