2018-06-06 07:56:57,646 DEBUG (BaseJdbcLogger.java:159)- ==> Parameters: 
2018-06-06 07:56:57,649 DEBUG (BaseJdbcLogger.java:159)- <==      Total: 5
2018-06-06 07:56:57,649 INFO (UserController.java:159)- -------user:disable---------
2018-06-06 07:56:58,735 DEBUG (BaseJdbcLogger.java:159)- ==>  Preparing: select *from TB_USER u where u.UID = ? 
2018-06-06 07:56:58,736 DEBUG (BaseJdbcLogger.java:159)- ==> Parameters: 6(Integer)
2018-06-06 07:56:58,738 DEBUG (BaseJdbcLogger.java:159)- <==      Total: 1
2018-06-06 07:56:58,739 DEBUG (BaseJdbcLogger.java:159)- ==>  Preparing: UPDATE TB_USER set GID=?, UNAME=?, EMPNUM=?, ISABLE=? WHERE UID=? 
2018-06-06 07:56:58,740 DEBUG (BaseJdbcLogger.java:159)- ==> Parameters: 37(Long), 韩丽(String), 0001(String), 0(String), 6(Integer)
2018-06-06 07:56:58,767 DEBUG (BaseJdbcLogger.java:159)- <==    Updates: 1
2018-06-06 07:56:58,768 DEBUG (BaseJdbcLogger.java:159)- ==>  Preparing: SELECT count(0) FROM TB_USER u LEFT JOIN TB_GROUP g ON u.GID = g.GID 
2018-06-06 07:56:58,768 DEBUG (BaseJdbcLogger.java:159)- ==> Parameters: 
2018-06-06 07:56:58,769 DEBUG (BaseJdbcLogger.java:159)- <==      Total: 1
2018-06-06 07:56:58,770 DEBUG (BaseJdbcLogger.java:159)- ==>  Preparing: SELECT u.*,g.GNAME,g.DESCRIPTION FROM TB_USER u left join TB_GROUP g on u.GID=g.GID LIMIT 100 
2018-06-06 07:56:58,770 DEBUG (BaseJdbcLogger.java:159)- ==> Parameters: 
2018-06-06 07:56:58,772 DEBUG (BaseJdbcLogger.java:159)- <==      Total: 5
2018-06-06 07:56:58,772 INFO (UserController.java:146)- -------user:enable---------
2018-06-06 07:56:59,236 DEBUG (BaseJdbcLogger.java:159)- ==>  Preparing: select *from TB_USER u where u.UID = ? 
2018-06-06 07:56:59,237 DEBUG (BaseJdbcLogger.java:159)- ==> Parameters: 1(Integer)
2018-06-06 07:56:59,239 DEBUG (BaseJdbcLogger.java:159)- <==      Total: 1
2018-06-06 07:56:59,241 DEBUG (BaseJdbcLogger.java:159)- ==>  Preparing: UPDATE TB_USER set GID=?, UNAME=?, EMPNUM=?, ISABLE=? WHERE UID=? 
2018-06-06 07:56:59,242 DEBUG (BaseJdbcLogger.java:159)- ==> Parameters: 39(Long), 刘提提(String), 0002(String), 0(String), 1(Integer)
2018-06-06 07:56:59,310 DEBUG (BaseJdbcLogger.java:159)- <==    Updates: 1
2018-06-06 07:56:59,313 DEBUG (BaseJdbcLogger.java:159)- ==>  Preparing: SELECT count(0) FROM TB_USER u LEFT JOIN TB_GROUP g ON u.GID = g.GID 
2018-06-06 07:56:59,314 DEBUG (BaseJdbcLogger.java:159)- ==> Parameters: 
