2018-06-05 12:21:25,815 DEBUG (BaseJdbcLogger.java:159)- <==      Total: 4
2018-06-05 12:21:25,817 DEBUG (BaseJdbcLogger.java:159)- ==>  Preparing: SELECT *FROM TB_GROUP where GID=? 
2018-06-05 12:21:25,818 DEBUG (BaseJdbcLogger.java:159)- ==> Parameters: 39(Integer)
2018-06-05 12:21:25,819 DEBUG (BaseJdbcLogger.java:159)- <==      Total: 1
2018-06-05 12:21:25,820 DEBUG (BaseJdbcLogger.java:159)- ==>  Preparing: select *from TB_USER u where u.UID = ? 
2018-06-05 12:21:25,820 DEBUG (BaseJdbcLogger.java:159)- ==> Parameters: 1(Integer)
2018-06-05 12:21:25,821 DEBUG (BaseJdbcLogger.java:159)- <==      Total: 1
2018-06-05 12:21:26,593 DEBUG (BaseJdbcLogger.java:159)- ==>  Preparing: SELECT count(0) FROM QRTZ_JOB_DETAILS JOIN QRTZ_TRIGGERS JOIN QRTZ_CRON_TRIGGERS ON QRTZ_JOB_DETAILS.JOB_GROUP = QRTZ_TRIGGERS.TRIGGER_GROUP AND QRTZ_TRIGGERS.TRIGGER_GROUP = QRTZ_CRON_TRIGGERS.TRIGGER_GROUP AND QRTZ_TRIGGERS.TRIGGER_GROUP = QRTZ_CRON_TRIGGERS.TRIGGER_GROUP 
2018-06-05 12:21:26,593 DEBUG (BaseJdbcLogger.java:159)- ==> Parameters: 
2018-06-05 12:21:26,595 DEBUG (BaseJdbcLogger.java:159)- <==      Total: 1
2018-06-05 12:21:26,595 DEBUG (BaseJdbcLogger.java:159)- ==>  Preparing: SELECT QRTZ_JOB_DETAILS.JOB_NAME, QRTZ_JOB_DETAILS.JOB_GROUP, QRTZ_JOB_DETAILS.JOB_CLASS_NAME, QRTZ_JOB_DETAILS.DESCRIPTION, QRTZ_TRIGGERS.TRIGGER_NAME, QRTZ_TRIGGERS.TRIGGER_GROUP, QRTZ_CRON_TRIGGERS.CRON_EXPRESSION, QRTZ_CRON_TRIGGERS.TIME_ZONE_ID FROM QRTZ_JOB_DETAILS JOIN QRTZ_TRIGGERS JOIN QRTZ_CRON_TRIGGERS ON QRTZ_JOB_DETAILS.JOB_GROUP = QRTZ_TRIGGERS.TRIGGER_GROUP AND QRTZ_TRIGGERS.TRIGGER_GROUP = QRTZ_CRON_TRIGGERS.TRIGGER_GROUP AND QRTZ_TRIGGERS.TRIGGER_GROUP = QRTZ_CRON_TRIGGERS.TRIGGER_GROUP LIMIT 5 
2018-06-05 12:21:26,596 DEBUG (BaseJdbcLogger.java:159)- ==> Parameters: 
2018-06-05 12:21:26,597 DEBUG (BaseJdbcLogger.java:159)- <==      Total: 1
2018-06-05 12:21:26,598 DEBUG (BaseJdbcLogger.java:159)- ==>  Preparing: SELECT count(0) FROM TB_GROUP 
2018-06-05 12:21:26,598 DEBUG (BaseJdbcLogger.java:159)- ==> Parameters: 
2018-06-05 12:21:26,599 DEBUG (BaseJdbcLogger.java:159)- <==      Total: 1
2018-06-05 12:21:26,600 DEBUG (BaseJdbcLogger.java:159)- ==>  Preparing: SELECT *FROM TB_GROUP LIMIT 100 
2018-06-05 12:21:26,600 DEBUG (BaseJdbcLogger.java:159)- ==> Parameters: 
2018-06-05 12:21:26,601 DEBUG (BaseJdbcLogger.java:159)- <==      Total: 4
2018-06-05 12:21:26,602 DEBUG (BaseJdbcLogger.java:159)- ==>  Preparing: SELECT *FROM TB_GROUP where GID=? 
2018-06-05 12:21:26,602 DEBUG (BaseJdbcLogger.java:159)- ==> Parameters: 39(Integer)
2018-06-05 12:21:26,603 DEBUG (BaseJdbcLogger.java:159)- <==      Total: 1
2018-06-05 12:21:26,604 DEBUG (BaseJdbcLogger.java:159)- ==>  Preparing: select *from TB_USER u where u.UID = ? 
2018-06-05 12:21:26,604 DEBUG (BaseJdbcLogger.java:159)- ==> Parameters: 1(Integer)
