2018-06-06 14:36:55,249 DEBUG (BaseJdbcLogger.java:159)- <==      Total: 4
2018-06-06 14:36:55,251 DEBUG (BaseJdbcLogger.java:159)- ==>  Preparing: SELECT count(0) FROM TB_GROUP 
2018-06-06 14:36:55,251 DEBUG (BaseJdbcLogger.java:159)- ==> Parameters: 
2018-06-06 14:36:55,252 DEBUG (BaseJdbcLogger.java:159)- <==      Total: 1
2018-06-06 14:36:55,252 DEBUG (BaseJdbcLogger.java:159)- ==>  Preparing: SELECT *FROM TB_GROUP LIMIT 100 
2018-06-06 14:36:55,252 DEBUG (BaseJdbcLogger.java:159)- ==> Parameters: 
2018-06-06 14:36:55,253 DEBUG (BaseJdbcLogger.java:159)- <==      Total: 4
2018-06-06 14:36:55,254 DEBUG (BaseJdbcLogger.java:159)- ==>  Preparing: SELECT *FROM TB_GROUP where GID=? 
2018-06-06 14:36:55,254 DEBUG (BaseJdbcLogger.java:159)- ==> Parameters: 37(Integer)
2018-06-06 14:36:55,255 DEBUG (BaseJdbcLogger.java:159)- <==      Total: 1
2018-06-06 14:36:55,255 DEBUG (BaseJdbcLogger.java:159)- ==>  Preparing: select *from TB_USER u where u.UID = ? 
2018-06-06 14:36:55,255 DEBUG (BaseJdbcLogger.java:159)- ==> Parameters: 6(Integer)
2018-06-06 14:36:55,256 DEBUG (BaseJdbcLogger.java:159)- <==      Total: 1
2018-06-06 14:36:55,256 DEBUG (BaseJdbcLogger.java:159)- ==>  Preparing: SELECT *FROM TB_GROUP where GID=? 
2018-06-06 14:36:55,257 DEBUG (BaseJdbcLogger.java:159)- ==> Parameters: 40(Integer)
2018-06-06 14:36:55,258 DEBUG (BaseJdbcLogger.java:159)- <==      Total: 1
2018-06-06 14:36:55,258 DEBUG (BaseJdbcLogger.java:159)- ==>  Preparing: select *from TB_USER u where u.UID = ? 
2018-06-06 14:36:55,259 DEBUG (BaseJdbcLogger.java:159)- ==> Parameters: 2(Integer)
2018-06-06 14:36:55,260 DEBUG (BaseJdbcLogger.java:159)- <==      Total: 1
2018-06-06 14:36:55,260 DEBUG (BaseJdbcLogger.java:159)- ==>  Preparing: SELECT *FROM TB_GROUP where GID=? 
