2018-06-08 09:41:58,745 DEBUG (BaseJdbcLogger.java:159)- ==>  Preparing: SELECT *FROM TB_GROUP LIMIT 100 
2018-06-08 09:41:58,747 DEBUG (BaseJdbcLogger.java:159)- ==> Parameters: 
2018-06-08 09:41:58,748 DEBUG (BaseJdbcLogger.java:159)- <==      Total: 4
2018-06-08 09:41:58,748 DEBUG (BaseJdbcLogger.java:159)- ==>  Preparing: SELECT *FROM TB_GROUP where GID=? 
2018-06-08 09:41:58,749 DEBUG (BaseJdbcLogger.java:159)- ==> Parameters: 37(Integer)
2018-06-08 09:41:58,750 DEBUG (BaseJdbcLogger.java:159)- <==      Total: 1
2018-06-08 09:41:58,750 DEBUG (BaseJdbcLogger.java:159)- ==>  Preparing: select *from TB_USER u where u.UID = ? 
2018-06-08 09:41:58,751 DEBUG (BaseJdbcLogger.java:159)- ==> Parameters: 6(Integer)
2018-06-08 09:41:58,752 DEBUG (BaseJdbcLogger.java:159)- <==      Total: 1
2018-06-08 09:41:58,752 DEBUG (BaseJdbcLogger.java:159)- ==>  Preparing: SELECT *FROM TB_GROUP where GID=? 
2018-06-08 09:41:58,752 DEBUG (BaseJdbcLogger.java:159)- ==> Parameters: 40(Integer)
2018-06-08 09:41:58,753 DEBUG (BaseJdbcLogger.java:159)- <==      Total: 1
2018-06-08 09:41:58,754 DEBUG (BaseJdbcLogger.java:159)- ==>  Preparing: select *from TB_USER u where u.UID = ? 
2018-06-08 09:41:58,754 DEBUG (BaseJdbcLogger.java:159)- ==> Parameters: 2(Integer)
2018-06-08 09:41:58,755 DEBUG (BaseJdbcLogger.java:159)- <==      Total: 1
2018-06-08 09:41:58,755 DEBUG (BaseJdbcLogger.java:159)- ==>  Preparing: SELECT *FROM TB_GROUP where GID=? 
2018-06-08 09:41:58,756 DEBUG (BaseJdbcLogger.java:159)- ==> Parameters: 39(Integer)
2018-06-08 09:41:58,756 DEBUG (BaseJdbcLogger.java:159)- <==      Total: 1
2018-06-08 09:41:58,757 DEBUG (BaseJdbcLogger.java:159)- ==>  Preparing: select *from TB_USER u where u.UID = ? 
2018-06-08 09:41:58,757 DEBUG (BaseJdbcLogger.java:159)- ==> Parameters: 1(Integer)
2018-06-08 09:41:58,758 DEBUG (BaseJdbcLogger.java:159)- <==      Total: 1
