2018-06-04 16:47:44,075 DEBUG (BaseJdbcLogger.java:159)- ==> Parameters: 
2018-06-04 16:47:44,079 DEBUG (BaseJdbcLogger.java:159)- <==      Total: 1
2018-06-04 16:47:44,079 DEBUG (BaseJdbcLogger.java:159)- ==>  Preparing: SELECT u.*,g.GNAME FROM TB_USER u left join TB_GROUP g on u.GID=g.GID LIMIT 5 
2018-06-04 16:47:44,079 DEBUG (BaseJdbcLogger.java:159)- ==> Parameters: 
2018-06-04 16:47:44,081 DEBUG (BaseJdbcLogger.java:159)- <==      Total: 4
2018-06-04 16:47:44,082 DEBUG (BaseJdbcLogger.java:159)- ==>  Preparing: SELECT count(0) FROM TB_GROUP 
2018-06-04 16:47:44,082 DEBUG (BaseJdbcLogger.java:159)- ==> Parameters: 
2018-06-04 16:47:44,084 DEBUG (BaseJdbcLogger.java:159)- <==      Total: 1
2018-06-04 16:47:44,084 DEBUG (BaseJdbcLogger.java:159)- ==>  Preparing: SELECT *FROM TB_GROUP LIMIT 100 
2018-06-04 16:47:44,084 DEBUG (BaseJdbcLogger.java:159)- ==> Parameters: 
2018-06-04 16:47:44,086 DEBUG (BaseJdbcLogger.java:159)- <==      Total: 3
2018-06-04 16:47:44,086 INFO (UserController.java:84)- -------user:listdto---------
2018-06-04 16:47:44,744 DEBUG (BaseJdbcLogger.java:159)- ==>  Preparing: SELECT count(0) FROM TB_USER u LEFT JOIN TB_GROUP g ON u.GID = g.GID 
2018-06-04 16:47:44,745 DEBUG (BaseJdbcLogger.java:159)- ==> Parameters: 
2018-06-04 16:47:44,746 DEBUG (BaseJdbcLogger.java:159)- <==      Total: 1
2018-06-04 16:47:44,746 DEBUG (BaseJdbcLogger.java:159)- ==>  Preparing: SELECT u.*,g.GNAME FROM TB_USER u left join TB_GROUP g on u.GID=g.GID LIMIT 5 
2018-06-04 16:47:44,746 DEBUG (BaseJdbcLogger.java:159)- ==> Parameters: 
2018-06-04 16:47:44,747 DEBUG (BaseJdbcLogger.java:159)- <==      Total: 4
2018-06-04 16:47:44,748 DEBUG (BaseJdbcLogger.java:159)- ==>  Preparing: SELECT count(0) FROM TB_GROUP 
2018-06-04 16:47:44,749 DEBUG (BaseJdbcLogger.java:159)- ==> Parameters: 
