2018-06-11 10:35:18,717 DEBUG (BaseJdbcLogger.java:159)- <==      Total: 1
2018-06-11 10:35:19,377 DEBUG (BaseJdbcLogger.java:159)- ==>  Preparing: SELECT count(0) FROM QRTZ_JOB_DETAILS JOIN QRTZ_TRIGGERS JOIN QRTZ_CRON_TRIGGERS ON QRTZ_JOB_DETAILS.JOB_NAME = QRTZ_TRIGGERS.JOB_NAME AND QRTZ_TRIGGERS.TRIGGER_NAME = QRTZ_CRON_TRIGGERS.TRIGGER_NAME AND QRTZ_TRIGGERS.TRIGGER_GROUP = QRTZ_CRON_TRIGGERS.TRIGGER_GROUP WHERE 1 = 1 
2018-06-11 10:35:19,377 DEBUG (BaseJdbcLogger.java:159)- ==> Parameters: 
2018-06-11 10:35:19,379 DEBUG (BaseJdbcLogger.java:159)- <==      Total: 1
2018-06-11 10:35:19,379 DEBUG (BaseJdbcLogger.java:159)- ==>  Preparing: SELECT QRTZ_JOB_DETAILS.JOB_NAME, QRTZ_JOB_DETAILS.JOB_GROUP, QRTZ_JOB_DETAILS.JOB_CLASS_NAME, QRTZ_JOB_DETAILS.DESCRIPTION, QRTZ_TRIGGERS.TRIGGER_NAME, QRTZ_TRIGGERS.TRIGGER_GROUP, QRTZ_CRON_TRIGGERS.CRON_EXPRESSION, QRTZ_CRON_TRIGGERS.TIME_ZONE_ID, QRTZ_TRIGGERS.TRIGGER_STATE FROM QRTZ_JOB_DETAILS JOIN QRTZ_TRIGGERS JOIN QRTZ_CRON_TRIGGERS ON QRTZ_JOB_DETAILS.JOB_NAME = QRTZ_TRIGGERS.JOB_NAME AND QRTZ_TRIGGERS.TRIGGER_NAME = QRTZ_CRON_TRIGGERS.TRIGGER_NAME AND QRTZ_TRIGGERS.TRIGGER_GROUP = QRTZ_CRON_TRIGGERS.TRIGGER_GROUP where 1=1 LIMIT 5 
2018-06-11 10:35:19,379 DEBUG (BaseJdbcLogger.java:159)- ==> Parameters: 
2018-06-11 10:35:19,380 DEBUG (BaseJdbcLogger.java:159)- <==      Total: 5
2018-06-11 10:35:19,381 DEBUG (BaseJdbcLogger.java:159)- ==>  Preparing: SELECT count(0) FROM TB_GROUP 
2018-06-11 10:35:19,382 DEBUG (BaseJdbcLogger.java:159)- ==> Parameters: 
2018-06-11 10:35:19,383 DEBUG (BaseJdbcLogger.java:159)- <==      Total: 1
2018-06-11 10:35:19,383 DEBUG (BaseJdbcLogger.java:159)- ==>  Preparing: SELECT *FROM TB_GROUP LIMIT 100 
2018-06-11 10:35:19,384 DEBUG (BaseJdbcLogger.java:159)- ==> Parameters: 
2018-06-11 10:35:19,385 DEBUG (BaseJdbcLogger.java:159)- <==      Total: 4
2018-06-11 10:35:19,385 DEBUG (BaseJdbcLogger.java:159)- ==>  Preparing: SELECT *FROM TB_GROUP where GID=? 
2018-06-11 10:35:19,386 DEBUG (BaseJdbcLogger.java:159)- ==> Parameters: 39(Integer)
2018-06-11 10:35:19,387 DEBUG (BaseJdbcLogger.java:159)- <==      Total: 1
2018-06-11 10:35:19,387 DEBUG (BaseJdbcLogger.java:159)- ==>  Preparing: select *from TB_USER u where u.UID = ? 
2018-06-11 10:35:19,388 DEBUG (BaseJdbcLogger.java:159)- ==> Parameters: 1(Integer)
2018-06-11 10:35:19,388 DEBUG (BaseJdbcLogger.java:159)- <==      Total: 1
2018-06-11 10:35:19,389 DEBUG (BaseJdbcLogger.java:159)- ==>  Preparing: SELECT *FROM TB_GROUP where GID=? 
2018-06-11 10:35:19,389 DEBUG (BaseJdbcLogger.java:159)- ==> Parameters: 37(Integer)
2018-06-11 10:35:19,390 DEBUG (BaseJdbcLogger.java:159)- <==      Total: 1
2018-06-11 10:35:19,390 DEBUG (BaseJdbcLogger.java:159)- ==>  Preparing: select *from TB_USER u where u.UID = ? 
2018-06-11 10:35:19,390 DEBUG (BaseJdbcLogger.java:159)- ==> Parameters: 6(Integer)
2018-06-11 10:35:19,391 DEBUG (BaseJdbcLogger.java:159)- <==      Total: 1
2018-06-11 10:35:19,391 DEBUG (BaseJdbcLogger.java:159)- ==>  Preparing: SELECT *FROM TB_GROUP where GID=? 
2018-06-11 10:35:19,392 DEBUG (BaseJdbcLogger.java:159)- ==> Parameters: 40(Integer)
2018-06-11 10:35:19,392 DEBUG (BaseJdbcLogger.java:159)- <==      Total: 1
2018-06-11 10:35:19,393 DEBUG (BaseJdbcLogger.java:159)- ==>  Preparing: select *from TB_USER u where u.UID = ? 
2018-06-11 10:35:19,393 DEBUG (BaseJdbcLogger.java:159)- ==> Parameters: 2(Integer)
2018-06-11 10:35:19,394 DEBUG (BaseJdbcLogger.java:159)- <==      Total: 1
2018-06-11 10:35:19,395 DEBUG (BaseJdbcLogger.java:159)- ==>  Preparing: SELECT *FROM TB_GROUP where GID=? 
2018-06-11 10:35:19,395 DEBUG (BaseJdbcLogger.java:159)- ==> Parameters: 39(Integer)
2018-06-11 10:35:19,396 DEBUG (BaseJdbcLogger.java:159)- <==      Total: 1
2018-06-11 10:35:19,396 DEBUG (BaseJdbcLogger.java:159)- ==>  Preparing: select *from TB_USER u where u.UID = ? 
2018-06-11 10:35:19,397 DEBUG (BaseJdbcLogger.java:159)- ==> Parameters: 1(Integer)
2018-06-11 10:35:19,398 DEBUG (BaseJdbcLogger.java:159)- <==      Total: 1
2018-06-11 10:35:19,398 DEBUG (BaseJdbcLogger.java:159)- ==>  Preparing: SELECT *FROM TB_GROUP where GID=? 
2018-06-11 10:35:19,398 DEBUG (BaseJdbcLogger.java:159)- ==> Parameters: 41(Integer)
2018-06-11 10:35:19,399 DEBUG (BaseJdbcLogger.java:159)- <==      Total: 1
2018-06-11 10:35:19,400 DEBUG (BaseJdbcLogger.java:159)- ==>  Preparing: select *from TB_USER u where u.UID = ? 
2018-06-11 10:35:19,400 DEBUG (BaseJdbcLogger.java:159)- ==> Parameters: 5(Integer)
2018-06-11 10:35:19,401 DEBUG (BaseJdbcLogger.java:159)- <==      Total: 1
