2018-06-11 14:39:51,292 DEBUG (BaseJdbcLogger.java:159)- ==> Parameters: 
2018-06-11 14:39:51,295 DEBUG (BaseJdbcLogger.java:159)- <==      Total: 4
2018-06-11 14:39:51,295 DEBUG (BaseJdbcLogger.java:159)- ==>  Preparing: SELECT count(0) FROM TB_GROUP 
2018-06-11 14:39:51,295 DEBUG (BaseJdbcLogger.java:159)- ==> Parameters: 
2018-06-11 14:39:51,296 DEBUG (BaseJdbcLogger.java:159)- <==      Total: 1
2018-06-11 14:39:51,296 DEBUG (BaseJdbcLogger.java:159)- ==>  Preparing: SELECT *FROM TB_GROUP LIMIT 100 
2018-06-11 14:39:51,297 DEBUG (BaseJdbcLogger.java:159)- ==> Parameters: 
2018-06-11 14:39:51,297 DEBUG (BaseJdbcLogger.java:159)- <==      Total: 4
2018-06-11 14:39:51,298 DEBUG (BaseJdbcLogger.java:159)- ==>  Preparing: SELECT *FROM TB_GROUP where GID=? 
2018-06-11 14:39:51,298 DEBUG (BaseJdbcLogger.java:159)- ==> Parameters: 39(Integer)
2018-06-11 14:39:51,299 DEBUG (BaseJdbcLogger.java:159)- <==      Total: 1
2018-06-11 14:39:51,300 DEBUG (BaseJdbcLogger.java:159)- ==>  Preparing: select *from TB_USER u where u.UID = ? 
2018-06-11 14:39:51,300 DEBUG (BaseJdbcLogger.java:159)- ==> Parameters: 1(Integer)
2018-06-11 14:39:51,301 DEBUG (BaseJdbcLogger.java:159)- <==      Total: 1
2018-06-11 14:39:51,301 DEBUG (BaseJdbcLogger.java:159)- ==>  Preparing: SELECT *FROM TB_GROUP where GID=? 
2018-06-11 14:39:51,302 DEBUG (BaseJdbcLogger.java:159)- ==> Parameters: 41(Integer)
2018-06-11 14:39:51,302 DEBUG (BaseJdbcLogger.java:159)- <==      Total: 1
2018-06-11 14:39:51,303 DEBUG (BaseJdbcLogger.java:159)- ==>  Preparing: select *from TB_USER u where u.UID = ? 
2018-06-11 14:39:51,303 DEBUG (BaseJdbcLogger.java:159)- ==> Parameters: 7(Integer)
2018-06-11 14:39:51,303 DEBUG (BaseJdbcLogger.java:159)- <==      Total: 1
