2018-06-06 08:24:42,479 DEBUG (BaseJdbcLogger.java:159)- ==>  Preparing: SELECT QRTZ_JOB_DETAILS.JOB_NAME, QRTZ_JOB_DETAILS.JOB_GROUP, QRTZ_JOB_DETAILS.JOB_CLASS_NAME, QRTZ_JOB_DETAILS.DESCRIPTION, QRTZ_TRIGGERS.TRIGGER_NAME, QRTZ_TRIGGERS.TRIGGER_GROUP, QRTZ_CRON_TRIGGERS.CRON_EXPRESSION, QRTZ_CRON_TRIGGERS.TIME_ZONE_ID, QRTZ_TRIGGERS.TRIGGER_STATE FROM QRTZ_JOB_DETAILS JOIN QRTZ_TRIGGERS JOIN QRTZ_CRON_TRIGGERS ON QRTZ_JOB_DETAILS.JOB_NAME = QRTZ_TRIGGERS.JOB_NAME AND QRTZ_TRIGGERS.TRIGGER_NAME = QRTZ_CRON_TRIGGERS.TRIGGER_NAME AND QRTZ_TRIGGERS.TRIGGER_GROUP = QRTZ_CRON_TRIGGERS.TRIGGER_GROUP where 1=1 and QRTZ_TRIGGERS.TRIGGER_STATE = 'ACQUIRED' OR QRTZ_TRIGGERS.TRIGGER_STATE = 'PAUSED' LIMIT 5 
2018-06-06 08:24:42,481 DEBUG (BaseJdbcLogger.java:159)- ==> Parameters: 
2018-06-06 08:24:42,482 DEBUG (BaseJdbcLogger.java:159)- <==      Total: 2
2018-06-06 08:24:42,483 DEBUG (BaseJdbcLogger.java:159)- ==>  Preparing: SELECT count(0) FROM TB_GROUP 
2018-06-06 08:24:42,484 DEBUG (BaseJdbcLogger.java:159)- ==> Parameters: 
2018-06-06 08:24:42,485 DEBUG (BaseJdbcLogger.java:159)- <==      Total: 1
2018-06-06 08:24:42,485 DEBUG (BaseJdbcLogger.java:159)- ==>  Preparing: SELECT *FROM TB_GROUP LIMIT 100 
2018-06-06 08:24:42,485 DEBUG (BaseJdbcLogger.java:159)- ==> Parameters: 
2018-06-06 08:24:42,486 DEBUG (BaseJdbcLogger.java:159)- <==      Total: 4
2018-06-06 08:24:42,487 DEBUG (BaseJdbcLogger.java:159)- ==>  Preparing: SELECT *FROM TB_GROUP where GID=? 
2018-06-06 08:24:42,487 DEBUG (BaseJdbcLogger.java:159)- ==> Parameters: 40(Integer)
2018-06-06 08:24:42,488 DEBUG (BaseJdbcLogger.java:159)- <==      Total: 1
2018-06-06 08:24:42,489 DEBUG (BaseJdbcLogger.java:159)- ==>  Preparing: select *from TB_USER u where u.UID = ? 
2018-06-06 08:24:42,489 DEBUG (BaseJdbcLogger.java:159)- ==> Parameters: 2(Integer)
2018-06-06 08:24:42,490 DEBUG (BaseJdbcLogger.java:159)- <==      Total: 1
2018-06-06 08:24:42,491 DEBUG (BaseJdbcLogger.java:159)- ==>  Preparing: SELECT *FROM TB_GROUP where GID=? 
2018-06-06 08:24:42,491 DEBUG (BaseJdbcLogger.java:159)- ==> Parameters: 39(Integer)
2018-06-06 08:24:42,492 DEBUG (BaseJdbcLogger.java:159)- <==      Total: 1
2018-06-06 08:24:42,492 DEBUG (BaseJdbcLogger.java:159)- ==>  Preparing: select *from TB_USER u where u.UID = ? 
2018-06-06 08:24:42,493 DEBUG (BaseJdbcLogger.java:159)- ==> Parameters: 1(Integer)
