2018-06-11 14:25:18,773 DEBUG (BaseJdbcLogger.java:159)- ==>  Preparing: SELECT QRTZ_JOB_DETAILS.JOB_NAME, QRTZ_JOB_DETAILS.JOB_GROUP, QRTZ_JOB_DETAILS.JOB_CLASS_NAME, QRTZ_JOB_DETAILS.DESCRIPTION, QRTZ_TRIGGERS.TRIGGER_NAME, QRTZ_TRIGGERS.TRIGGER_GROUP, QRTZ_CRON_TRIGGERS.CRON_EXPRESSION, QRTZ_CRON_TRIGGERS.TIME_ZONE_ID, QRTZ_TRIGGERS.TRIGGER_STATE FROM QRTZ_JOB_DETAILS JOIN QRTZ_TRIGGERS JOIN QRTZ_CRON_TRIGGERS ON QRTZ_JOB_DETAILS.JOB_NAME = QRTZ_TRIGGERS.JOB_NAME AND QRTZ_TRIGGERS.TRIGGER_NAME = QRTZ_CRON_TRIGGERS.TRIGGER_NAME AND QRTZ_TRIGGERS.TRIGGER_GROUP = QRTZ_CRON_TRIGGERS.TRIGGER_GROUP where 1=1 LIMIT 5 
2018-06-11 14:25:18,775 DEBUG (BaseJdbcLogger.java:159)- ==> Parameters: 
2018-06-11 14:25:18,776 DEBUG (BaseJdbcLogger.java:159)- <==      Total: 5
2018-06-11 14:25:18,777 DEBUG (BaseJdbcLogger.java:159)- ==>  Preparing: SELECT count(0) FROM TB_GROUP 
2018-06-11 14:25:18,777 DEBUG (BaseJdbcLogger.java:159)- ==> Parameters: 
2018-06-11 14:25:18,778 DEBUG (BaseJdbcLogger.java:159)- <==      Total: 1
2018-06-11 14:25:18,779 DEBUG (BaseJdbcLogger.java:159)- ==>  Preparing: SELECT *FROM TB_GROUP LIMIT 100 
2018-06-11 14:25:18,779 DEBUG (BaseJdbcLogger.java:159)- ==> Parameters: 
2018-06-11 14:25:18,780 DEBUG (BaseJdbcLogger.java:159)- <==      Total: 4
2018-06-11 14:25:18,780 DEBUG (BaseJdbcLogger.java:159)- ==>  Preparing: SELECT *FROM TB_GROUP where GID=? 
2018-06-11 14:25:18,780 DEBUG (BaseJdbcLogger.java:159)- ==> Parameters: 39(Integer)
2018-06-11 14:25:18,781 DEBUG (BaseJdbcLogger.java:159)- <==      Total: 1
2018-06-11 14:25:18,782 DEBUG (BaseJdbcLogger.java:159)- ==>  Preparing: select *from TB_USER u where u.UID = ? 
2018-06-11 14:25:18,782 DEBUG (BaseJdbcLogger.java:159)- ==> Parameters: 1(Integer)
2018-06-11 14:25:18,783 DEBUG (BaseJdbcLogger.java:159)- <==      Total: 1
2018-06-11 14:25:18,783 DEBUG (BaseJdbcLogger.java:159)- ==>  Preparing: SELECT *FROM TB_GROUP where GID=? 
2018-06-11 14:25:18,783 DEBUG (BaseJdbcLogger.java:159)- ==> Parameters: 37(Integer)
2018-06-11 14:25:18,784 DEBUG (BaseJdbcLogger.java:159)- <==      Total: 1
2018-06-11 14:25:18,785 DEBUG (BaseJdbcLogger.java:159)- ==>  Preparing: select *from TB_USER u where u.UID = ? 
2018-06-11 14:25:18,785 DEBUG (BaseJdbcLogger.java:159)- ==> Parameters: 6(Integer)
