2018-06-08 09:34:59,447 DEBUG (BaseJdbcLogger.java:159)- ==> Parameters: 1(Integer)
2018-06-08 09:34:59,449 DEBUG (BaseJdbcLogger.java:159)- <==      Total: 1
2018-06-08 09:35:00,044 DEBUG (BaseJdbcLogger.java:159)- ==>  Preparing: SELECT count(0) FROM QRTZ_JOB_DETAILS JOIN QRTZ_TRIGGERS JOIN QRTZ_CRON_TRIGGERS ON QRTZ_JOB_DETAILS.JOB_NAME = QRTZ_TRIGGERS.JOB_NAME AND QRTZ_TRIGGERS.TRIGGER_NAME = QRTZ_CRON_TRIGGERS.TRIGGER_NAME AND QRTZ_TRIGGERS.TRIGGER_GROUP = QRTZ_CRON_TRIGGERS.TRIGGER_GROUP WHERE 1 = 1 
2018-06-08 09:35:00,045 DEBUG (BaseJdbcLogger.java:159)- ==> Parameters: 
2018-06-08 09:35:00,046 DEBUG (BaseJdbcLogger.java:159)- <==      Total: 1
2018-06-08 09:35:00,046 DEBUG (BaseJdbcLogger.java:159)- ==>  Preparing: SELECT QRTZ_JOB_DETAILS.JOB_NAME, QRTZ_JOB_DETAILS.JOB_GROUP, QRTZ_JOB_DETAILS.JOB_CLASS_NAME, QRTZ_JOB_DETAILS.DESCRIPTION, QRTZ_TRIGGERS.TRIGGER_NAME, QRTZ_TRIGGERS.TRIGGER_GROUP, QRTZ_CRON_TRIGGERS.CRON_EXPRESSION, QRTZ_CRON_TRIGGERS.TIME_ZONE_ID, QRTZ_TRIGGERS.TRIGGER_STATE FROM QRTZ_JOB_DETAILS JOIN QRTZ_TRIGGERS JOIN QRTZ_CRON_TRIGGERS ON QRTZ_JOB_DETAILS.JOB_NAME = QRTZ_TRIGGERS.JOB_NAME AND QRTZ_TRIGGERS.TRIGGER_NAME = QRTZ_CRON_TRIGGERS.TRIGGER_NAME AND QRTZ_TRIGGERS.TRIGGER_GROUP = QRTZ_CRON_TRIGGERS.TRIGGER_GROUP where 1=1 LIMIT 5 
2018-06-08 09:35:00,047 DEBUG (BaseJdbcLogger.java:159)- ==> Parameters: 
2018-06-08 09:35:00,048 DEBUG (BaseJdbcLogger.java:159)- <==      Total: 3
2018-06-08 09:35:00,048 DEBUG (BaseJdbcLogger.java:159)- ==>  Preparing: SELECT count(0) FROM TB_GROUP 
2018-06-08 09:35:00,048 DEBUG (BaseJdbcLogger.java:159)- ==> Parameters: 
2018-06-08 09:35:00,049 DEBUG (BaseJdbcLogger.java:159)- <==      Total: 1
2018-06-08 09:35:00,050 DEBUG (BaseJdbcLogger.java:159)- ==>  Preparing: SELECT *FROM TB_GROUP LIMIT 100 
2018-06-08 09:35:00,050 DEBUG (BaseJdbcLogger.java:159)- ==> Parameters: 
2018-06-08 09:35:00,051 DEBUG (BaseJdbcLogger.java:159)- <==      Total: 4
2018-06-08 09:35:00,052 DEBUG (BaseJdbcLogger.java:159)- ==>  Preparing: SELECT *FROM TB_GROUP where GID=? 
2018-06-08 09:35:00,052 DEBUG (BaseJdbcLogger.java:159)- ==> Parameters: 37(Integer)
2018-06-08 09:35:00,053 DEBUG (BaseJdbcLogger.java:159)- <==      Total: 1
2018-06-08 09:35:00,054 DEBUG (BaseJdbcLogger.java:159)- ==>  Preparing: select *from TB_USER u where u.UID = ? 
2018-06-08 09:35:00,054 DEBUG (BaseJdbcLogger.java:159)- ==> Parameters: 6(Integer)
2018-06-08 09:35:00,055 DEBUG (BaseJdbcLogger.java:159)- <==      Total: 1
2018-06-08 09:35:00,056 DEBUG (BaseJdbcLogger.java:159)- ==>  Preparing: SELECT *FROM TB_GROUP where GID=? 
2018-06-08 09:35:00,056 DEBUG (BaseJdbcLogger.java:159)- ==> Parameters: 40(Integer)
2018-06-08 09:35:00,057 DEBUG (BaseJdbcLogger.java:159)- <==      Total: 1
2018-06-08 09:35:00,058 DEBUG (BaseJdbcLogger.java:159)- ==>  Preparing: select *from TB_USER u where u.UID = ? 
2018-06-08 09:35:00,058 DEBUG (BaseJdbcLogger.java:159)- ==> Parameters: 2(Integer)
2018-06-08 09:35:00,059 DEBUG (BaseJdbcLogger.java:159)- <==      Total: 1
2018-06-08 09:35:00,059 DEBUG (BaseJdbcLogger.java:159)- ==>  Preparing: SELECT *FROM TB_GROUP where GID=? 
2018-06-08 09:35:00,059 DEBUG (BaseJdbcLogger.java:159)- ==> Parameters: 39(Integer)
2018-06-08 09:35:00,061 DEBUG (BaseJdbcLogger.java:159)- <==      Total: 1
2018-06-08 09:35:00,061 DEBUG (BaseJdbcLogger.java:159)- ==>  Preparing: select *from TB_USER u where u.UID = ? 
2018-06-08 09:35:00,062 DEBUG (BaseJdbcLogger.java:159)- ==> Parameters: 1(Integer)
2018-06-08 09:35:00,063 DEBUG (BaseJdbcLogger.java:159)- <==      Total: 1
2018-06-08 09:35:00,065 INFO (LoopJob.java:27)- 测试2
2018-06-08 09:35:00,065 INFO (LoopJob.java:28)- 40
2018-06-08 09:35:00,065 ERROR (LoopJob.java:29)- Hello Job执行时间: Fri Jun 08 09:35:00 CST 2018
