2018-06-04 16:48:30,913 INFO (UserController.java:84)- -------user:listdto---------
2018-06-04 16:48:31,746 DEBUG (BaseJdbcLogger.java:159)- ==>  Preparing: SELECT count(0) FROM TB_USER u LEFT JOIN TB_GROUP g ON u.GID = g.GID 
2018-06-04 16:48:31,747 DEBUG (BaseJdbcLogger.java:159)- ==> Parameters: 
2018-06-04 16:48:31,748 DEBUG (BaseJdbcLogger.java:159)- <==      Total: 1
2018-06-04 16:48:31,749 DEBUG (BaseJdbcLogger.java:159)- ==>  Preparing: SELECT u.*,g.GNAME FROM TB_USER u left join TB_GROUP g on u.GID=g.GID LIMIT 5 
2018-06-04 16:48:31,749 DEBUG (BaseJdbcLogger.java:159)- ==> Parameters: 
2018-06-04 16:48:31,750 DEBUG (BaseJdbcLogger.java:159)- <==      Total: 4
2018-06-04 16:48:31,751 DEBUG (BaseJdbcLogger.java:159)- ==>  Preparing: SELECT count(0) FROM TB_GROUP 
2018-06-04 16:48:31,751 DEBUG (BaseJdbcLogger.java:159)- ==> Parameters: 
2018-06-04 16:48:31,752 DEBUG (BaseJdbcLogger.java:159)- <==      Total: 1
2018-06-04 16:48:31,752 DEBUG (BaseJdbcLogger.java:159)- ==>  Preparing: SELECT *FROM TB_GROUP LIMIT 100 
2018-06-04 16:48:31,753 DEBUG (BaseJdbcLogger.java:159)- ==> Parameters: 
2018-06-04 16:48:31,754 DEBUG (BaseJdbcLogger.java:159)- <==      Total: 3
2018-06-04 16:48:31,755 INFO (UserController.java:84)- -------user:listdto---------
2018-06-04 16:48:32,292 DEBUG (BaseJdbcLogger.java:159)- ==>  Preparing: SELECT count(0) FROM TB_USER u LEFT JOIN TB_GROUP g ON u.GID = g.GID 
2018-06-04 16:48:32,292 DEBUG (BaseJdbcLogger.java:159)- ==> Parameters: 
2018-06-04 16:48:32,294 DEBUG (BaseJdbcLogger.java:159)- <==      Total: 1
2018-06-04 16:48:32,294 DEBUG (BaseJdbcLogger.java:159)- ==>  Preparing: SELECT u.*,g.GNAME FROM TB_USER u left join TB_GROUP g on u.GID=g.GID LIMIT 5 
2018-06-04 16:48:32,294 DEBUG (BaseJdbcLogger.java:159)- ==> Parameters: 
2018-06-04 16:48:32,296 DEBUG (BaseJdbcLogger.java:159)- <==      Total: 4
2018-06-04 16:48:32,296 DEBUG (BaseJdbcLogger.java:159)- ==>  Preparing: SELECT count(0) FROM TB_GROUP 
2018-06-04 16:48:32,297 DEBUG (BaseJdbcLogger.java:159)- ==> Parameters: 
2018-06-04 16:48:32,298 DEBUG (BaseJdbcLogger.java:159)- <==      Total: 1
2018-06-04 16:48:32,298 DEBUG (BaseJdbcLogger.java:159)- ==>  Preparing: SELECT *FROM TB_GROUP LIMIT 100 
