2018-06-08 09:35:27,394 DEBUG (BaseJdbcLogger.java:159)- ==>  Preparing: select *from TB_USER u where u.UID = ? 
2018-06-08 09:35:27,396 DEBUG (BaseJdbcLogger.java:159)- ==> Parameters: 2(Integer)
2018-06-08 09:35:27,397 DEBUG (BaseJdbcLogger.java:159)- <==      Total: 1
2018-06-08 09:35:27,398 DEBUG (BaseJdbcLogger.java:159)- ==>  Preparing: SELECT *FROM TB_GROUP where GID=? 
2018-06-08 09:35:27,398 DEBUG (BaseJdbcLogger.java:159)- ==> Parameters: 39(Integer)
2018-06-08 09:35:27,399 DEBUG (BaseJdbcLogger.java:159)- <==      Total: 1
2018-06-08 09:35:27,400 DEBUG (BaseJdbcLogger.java:159)- ==>  Preparing: select *from TB_USER u where u.UID = ? 
2018-06-08 09:35:27,400 DEBUG (BaseJdbcLogger.java:159)- ==> Parameters: 1(Integer)
2018-06-08 09:35:27,401 DEBUG (BaseJdbcLogger.java:159)- <==      Total: 1
2018-06-08 09:35:28,047 DEBUG (BaseJdbcLogger.java:159)- ==>  Preparing: SELECT count(0) FROM QRTZ_JOB_DETAILS JOIN QRTZ_TRIGGERS JOIN QRTZ_CRON_TRIGGERS ON QRTZ_JOB_DETAILS.JOB_NAME = QRTZ_TRIGGERS.JOB_NAME AND QRTZ_TRIGGERS.TRIGGER_NAME = QRTZ_CRON_TRIGGERS.TRIGGER_NAME AND QRTZ_TRIGGERS.TRIGGER_GROUP = QRTZ_CRON_TRIGGERS.TRIGGER_GROUP WHERE 1 = 1 
2018-06-08 09:35:28,048 DEBUG (BaseJdbcLogger.java:159)- ==> Parameters: 
2018-06-08 09:35:28,049 DEBUG (BaseJdbcLogger.java:159)- <==      Total: 1
2018-06-08 09:35:28,049 DEBUG (BaseJdbcLogger.java:159)- ==>  Preparing: SELECT QRTZ_JOB_DETAILS.JOB_NAME, QRTZ_JOB_DETAILS.JOB_GROUP, QRTZ_JOB_DETAILS.JOB_CLASS_NAME, QRTZ_JOB_DETAILS.DESCRIPTION, QRTZ_TRIGGERS.TRIGGER_NAME, QRTZ_TRIGGERS.TRIGGER_GROUP, QRTZ_CRON_TRIGGERS.CRON_EXPRESSION, QRTZ_CRON_TRIGGERS.TIME_ZONE_ID, QRTZ_TRIGGERS.TRIGGER_STATE FROM QRTZ_JOB_DETAILS JOIN QRTZ_TRIGGERS JOIN QRTZ_CRON_TRIGGERS ON QRTZ_JOB_DETAILS.JOB_NAME = QRTZ_TRIGGERS.JOB_NAME AND QRTZ_TRIGGERS.TRIGGER_NAME = QRTZ_CRON_TRIGGERS.TRIGGER_NAME AND QRTZ_TRIGGERS.TRIGGER_GROUP = QRTZ_CRON_TRIGGERS.TRIGGER_GROUP where 1=1 LIMIT 5 
2018-06-08 09:35:28,050 DEBUG (BaseJdbcLogger.java:159)- ==> Parameters: 
2018-06-08 09:35:28,051 DEBUG (BaseJdbcLogger.java:159)- <==      Total: 3
2018-06-08 09:35:28,051 DEBUG (BaseJdbcLogger.java:159)- ==>  Preparing: SELECT count(0) FROM TB_GROUP 
2018-06-08 09:35:28,051 DEBUG (BaseJdbcLogger.java:159)- ==> Parameters: 
2018-06-08 09:35:28,052 DEBUG (BaseJdbcLogger.java:159)- <==      Total: 1
2018-06-08 09:35:28,053 DEBUG (BaseJdbcLogger.java:159)- ==>  Preparing: SELECT *FROM TB_GROUP LIMIT 100 
2018-06-08 09:35:28,053 DEBUG (BaseJdbcLogger.java:159)- ==> Parameters: 
2018-06-08 09:35:28,054 DEBUG (BaseJdbcLogger.java:159)- <==      Total: 4
2018-06-08 09:35:28,055 DEBUG (BaseJdbcLogger.java:159)- ==>  Preparing: SELECT *FROM TB_GROUP where GID=? 
2018-06-08 09:35:28,055 DEBUG (BaseJdbcLogger.java:159)- ==> Parameters: 37(Integer)
2018-06-08 09:35:28,056 DEBUG (BaseJdbcLogger.java:159)- <==      Total: 1
2018-06-08 09:35:28,056 DEBUG (BaseJdbcLogger.java:159)- ==>  Preparing: select *from TB_USER u where u.UID = ? 
2018-06-08 09:35:28,057 DEBUG (BaseJdbcLogger.java:159)- ==> Parameters: 6(Integer)
2018-06-08 09:35:28,057 DEBUG (BaseJdbcLogger.java:159)- <==      Total: 1
2018-06-08 09:35:28,058 DEBUG (BaseJdbcLogger.java:159)- ==>  Preparing: SELECT *FROM TB_GROUP where GID=? 
2018-06-08 09:35:28,058 DEBUG (BaseJdbcLogger.java:159)- ==> Parameters: 40(Integer)
2018-06-08 09:35:28,059 DEBUG (BaseJdbcLogger.java:159)- <==      Total: 1
2018-06-08 09:35:28,060 DEBUG (BaseJdbcLogger.java:159)- ==>  Preparing: select *from TB_USER u where u.UID = ? 
2018-06-08 09:35:28,060 DEBUG (BaseJdbcLogger.java:159)- ==> Parameters: 2(Integer)
