2018-06-11 14:16:02,980 DEBUG (BaseJdbcLogger.java:159)- ==> Parameters: 
2018-06-11 14:16:02,983 DEBUG (BaseJdbcLogger.java:159)- <==      Total: 1
2018-06-11 14:16:02,983 DEBUG (BaseJdbcLogger.java:159)- ==>  Preparing: SELECT *FROM TB_GROUP LIMIT 100 
2018-06-11 14:16:02,983 DEBUG (BaseJdbcLogger.java:159)- ==> Parameters: 
2018-06-11 14:16:02,984 DEBUG (BaseJdbcLogger.java:159)- <==      Total: 4
2018-06-11 14:16:02,985 DEBUG (BaseJdbcLogger.java:159)- ==>  Preparing: SELECT *FROM TB_GROUP where GID=? 
2018-06-11 14:16:02,985 DEBUG (BaseJdbcLogger.java:159)- ==> Parameters: 39(Integer)
2018-06-11 14:16:02,986 DEBUG (BaseJdbcLogger.java:159)- <==      Total: 1
2018-06-11 14:16:02,987 DEBUG (BaseJdbcLogger.java:159)- ==>  Preparing: select *from TB_USER u where u.UID = ? 
2018-06-11 14:16:02,987 DEBUG (BaseJdbcLogger.java:159)- ==> Parameters: 1(Integer)
2018-06-11 14:16:02,988 DEBUG (BaseJdbcLogger.java:159)- <==      Total: 1
2018-06-11 14:16:02,988 DEBUG (BaseJdbcLogger.java:159)- ==>  Preparing: SELECT *FROM TB_GROUP where GID=? 
2018-06-11 14:16:02,989 DEBUG (BaseJdbcLogger.java:159)- ==> Parameters: 41(Integer)
2018-06-11 14:16:02,990 DEBUG (BaseJdbcLogger.java:159)- <==      Total: 1
2018-06-11 14:16:02,990 DEBUG (BaseJdbcLogger.java:159)- ==>  Preparing: select *from TB_USER u where u.UID = ? 
2018-06-11 14:16:02,991 DEBUG (BaseJdbcLogger.java:159)- ==> Parameters: 7(Integer)
2018-06-11 14:16:02,992 DEBUG (BaseJdbcLogger.java:159)- <==      Total: 1
2018-06-11 14:16:02,992 DEBUG (BaseJdbcLogger.java:159)- ==>  Preparing: SELECT *FROM TB_GROUP where GID=? 
2018-06-11 14:16:02,993 DEBUG (BaseJdbcLogger.java:159)- ==> Parameters: 40(Integer)
2018-06-11 14:16:02,994 DEBUG (BaseJdbcLogger.java:159)- <==      Total: 1
2018-06-11 14:16:02,994 DEBUG (BaseJdbcLogger.java:159)- ==>  Preparing: select *from TB_USER u where u.UID = ? 
2018-06-11 14:16:02,994 DEBUG (BaseJdbcLogger.java:159)- ==> Parameters: 2(Integer)
2018-06-11 14:16:02,995 DEBUG (BaseJdbcLogger.java:159)- <==      Total: 1
2018-06-11 14:16:02,995 DEBUG (BaseJdbcLogger.java:159)- ==>  Preparing: SELECT *FROM TB_GROUP where GID=? 
2018-06-11 14:16:02,996 DEBUG (BaseJdbcLogger.java:159)- ==> Parameters: 39(Integer)
2018-06-11 14:16:02,996 DEBUG (BaseJdbcLogger.java:159)- <==      Total: 1
2018-06-11 14:16:02,997 DEBUG (BaseJdbcLogger.java:159)- ==>  Preparing: select *from TB_USER u where u.UID = ? 
2018-06-11 14:16:02,997 DEBUG (BaseJdbcLogger.java:159)- ==> Parameters: 1(Integer)
2018-06-11 14:16:02,998 DEBUG (BaseJdbcLogger.java:159)- <==      Total: 1
