2018-06-11 10:11:56,435 DEBUG (BaseJdbcLogger.java:159)- ==> Parameters: 
2018-06-11 10:11:56,438 DEBUG (BaseJdbcLogger.java:159)- <==      Total: 1
2018-06-11 10:11:56,439 DEBUG (BaseJdbcLogger.java:159)- ==>  Preparing: SELECT *FROM TB_GROUP LIMIT 100 
2018-06-11 10:11:56,440 DEBUG (BaseJdbcLogger.java:159)- ==> Parameters: 
2018-06-11 10:11:56,442 DEBUG (BaseJdbcLogger.java:159)- <==      Total: 4
2018-06-11 10:11:56,444 DEBUG (BaseJdbcLogger.java:159)- ==>  Preparing: SELECT *FROM TB_GROUP where GID=? 
2018-06-11 10:11:56,444 DEBUG (BaseJdbcLogger.java:159)- ==> Parameters: 39(Integer)
2018-06-11 10:11:56,446 DEBUG (BaseJdbcLogger.java:159)- <==      Total: 1
2018-06-11 10:11:56,447 DEBUG (BaseJdbcLogger.java:159)- ==>  Preparing: select *from TB_USER u where u.UID = ? 
2018-06-11 10:11:56,448 DEBUG (BaseJdbcLogger.java:159)- ==> Parameters: 1(Integer)
2018-06-11 10:11:56,449 DEBUG (BaseJdbcLogger.java:159)- <==      Total: 1
2018-06-11 10:11:56,450 DEBUG (BaseJdbcLogger.java:159)- ==>  Preparing: SELECT *FROM TB_GROUP where GID=? 
2018-06-11 10:11:56,450 DEBUG (BaseJdbcLogger.java:159)- ==> Parameters: 40(Integer)
2018-06-11 10:11:56,451 DEBUG (BaseJdbcLogger.java:159)- <==      Total: 1
2018-06-11 10:11:56,452 DEBUG (BaseJdbcLogger.java:159)- ==>  Preparing: select *from TB_USER u where u.UID = ? 
2018-06-11 10:11:56,453 DEBUG (BaseJdbcLogger.java:159)- ==> Parameters: 2(Integer)
2018-06-11 10:11:56,454 DEBUG (BaseJdbcLogger.java:159)- <==      Total: 1
2018-06-11 10:11:56,455 DEBUG (BaseJdbcLogger.java:159)- ==>  Preparing: SELECT *FROM TB_GROUP where GID=? 
2018-06-11 10:11:56,455 DEBUG (BaseJdbcLogger.java:159)- ==> Parameters: 39(Integer)
2018-06-11 10:11:56,456 DEBUG (BaseJdbcLogger.java:159)- <==      Total: 1
