2018-06-04 16:47:34,238 DEBUG (BaseJdbcLogger.java:159)- ==>  Preparing: SELECT count(0) FROM TB_USER u LEFT JOIN TB_GROUP g ON u.GID = g.GID 
2018-06-04 16:47:34,240 DEBUG (BaseJdbcLogger.java:159)- ==> Parameters: 
2018-06-04 16:47:34,242 DEBUG (BaseJdbcLogger.java:159)- <==      Total: 1
2018-06-04 16:47:34,242 DEBUG (BaseJdbcLogger.java:159)- ==>  Preparing: SELECT u.*,g.GNAME FROM TB_USER u left join TB_GROUP g on u.GID=g.GID LIMIT 5 
2018-06-04 16:47:34,242 DEBUG (BaseJdbcLogger.java:159)- ==> Parameters: 
2018-06-04 16:47:34,245 DEBUG (BaseJdbcLogger.java:159)- <==      Total: 4
2018-06-04 16:47:34,245 DEBUG (BaseJdbcLogger.java:159)- ==>  Preparing: SELECT count(0) FROM TB_GROUP 
2018-06-04 16:47:34,246 DEBUG (BaseJdbcLogger.java:159)- ==> Parameters: 
2018-06-04 16:47:34,247 DEBUG (BaseJdbcLogger.java:159)- <==      Total: 1
2018-06-04 16:47:34,247 DEBUG (BaseJdbcLogger.java:159)- ==>  Preparing: SELECT *FROM TB_GROUP LIMIT 100 
2018-06-04 16:47:34,247 DEBUG (BaseJdbcLogger.java:159)- ==> Parameters: 
2018-06-04 16:47:34,248 DEBUG (BaseJdbcLogger.java:159)- <==      Total: 3
2018-06-04 16:47:34,249 INFO (UserController.java:84)- -------user:listdto---------
2018-06-04 16:47:34,775 DEBUG (BaseJdbcLogger.java:159)- ==>  Preparing: SELECT count(0) FROM TB_USER u LEFT JOIN TB_GROUP g ON u.GID = g.GID 
2018-06-04 16:47:34,775 DEBUG (BaseJdbcLogger.java:159)- ==> Parameters: 
2018-06-04 16:47:34,776 DEBUG (BaseJdbcLogger.java:159)- <==      Total: 1
2018-06-04 16:47:34,777 DEBUG (BaseJdbcLogger.java:159)- ==>  Preparing: SELECT u.*,g.GNAME FROM TB_USER u left join TB_GROUP g on u.GID=g.GID LIMIT 5 
2018-06-04 16:47:34,777 DEBUG (BaseJdbcLogger.java:159)- ==> Parameters: 
2018-06-04 16:47:34,778 DEBUG (BaseJdbcLogger.java:159)- <==      Total: 4
2018-06-04 16:47:34,779 DEBUG (BaseJdbcLogger.java:159)- ==>  Preparing: SELECT count(0) FROM TB_GROUP 
2018-06-04 16:47:34,779 DEBUG (BaseJdbcLogger.java:159)- ==> Parameters: 
2018-06-04 16:47:34,780 DEBUG (BaseJdbcLogger.java:159)- <==      Total: 1
2018-06-04 16:47:34,781 DEBUG (BaseJdbcLogger.java:159)- ==>  Preparing: SELECT *FROM TB_GROUP LIMIT 100 
2018-06-04 16:47:34,781 DEBUG (BaseJdbcLogger.java:159)- ==> Parameters: 
2018-06-04 16:47:34,783 DEBUG (BaseJdbcLogger.java:159)- <==      Total: 3
