2018-06-15 14:33:48,273 DEBUG (BaseJdbcLogger.java:159)- ==> Parameters: 
2018-06-15 14:33:48,279 DEBUG (BaseJdbcLogger.java:159)- <==      Total: 4
2018-06-15 14:33:48,281 DEBUG (BaseJdbcLogger.java:159)- ==>  Preparing: SELECT count(0) FROM TB_GROUP 
2018-06-15 14:33:48,282 DEBUG (BaseJdbcLogger.java:159)- ==> Parameters: 
2018-06-15 14:33:48,283 DEBUG (BaseJdbcLogger.java:159)- <==      Total: 1
2018-06-15 14:33:48,284 DEBUG (BaseJdbcLogger.java:159)- ==>  Preparing: SELECT *FROM TB_GROUP LIMIT 100 
2018-06-15 14:33:48,284 DEBUG (BaseJdbcLogger.java:159)- ==> Parameters: 
2018-06-15 14:33:48,286 DEBUG (BaseJdbcLogger.java:159)- <==      Total: 4
2018-06-15 14:33:48,287 DEBUG (BaseJdbcLogger.java:159)- ==>  Preparing: SELECT *FROM TB_GROUP where GID=? 
2018-06-15 14:33:48,289 DEBUG (BaseJdbcLogger.java:159)- ==> Parameters: 39(Integer)
2018-06-15 14:33:48,292 DEBUG (BaseJdbcLogger.java:159)- <==      Total: 1
2018-06-15 14:33:48,293 DEBUG (BaseJdbcLogger.java:159)- ==>  Preparing: select *from TB_USER u where u.UID = ? 
2018-06-15 14:33:48,293 DEBUG (BaseJdbcLogger.java:159)- ==> Parameters: 1(Integer)
2018-06-15 14:33:48,295 DEBUG (BaseJdbcLogger.java:159)- <==      Total: 1
2018-06-15 14:33:48,295 DEBUG (BaseJdbcLogger.java:159)- ==>  Preparing: SELECT *FROM TB_GROUP where GID=? 
2018-06-15 14:33:48,296 DEBUG (BaseJdbcLogger.java:159)- ==> Parameters: 41(Integer)
2018-06-15 14:33:48,297 DEBUG (BaseJdbcLogger.java:159)- <==      Total: 1
2018-06-15 14:33:48,298 DEBUG (BaseJdbcLogger.java:159)- ==>  Preparing: select *from TB_USER u where u.UID = ? 
2018-06-15 14:33:48,298 DEBUG (BaseJdbcLogger.java:159)- ==> Parameters: 7(Integer)
2018-06-15 14:33:48,300 DEBUG (BaseJdbcLogger.java:159)- <==      Total: 1
2018-06-15 14:33:48,301 DEBUG (BaseJdbcLogger.java:159)- ==>  Preparing: SELECT *FROM TB_GROUP where GID=? 
2018-06-15 14:33:48,301 DEBUG (BaseJdbcLogger.java:159)- ==> Parameters: 40(Integer)
2018-06-15 14:33:48,303 DEBUG (BaseJdbcLogger.java:159)- <==      Total: 1
2018-06-15 14:33:48,304 DEBUG (BaseJdbcLogger.java:159)- ==>  Preparing: select *from TB_USER u where u.UID = ? 
