2018-06-11 11:13:42,596 DEBUG (BaseJdbcLogger.java:159)- ==> Parameters: 
2018-06-11 11:13:42,598 DEBUG (BaseJdbcLogger.java:159)- <==      Total: 1
2018-06-11 11:13:42,599 DEBUG (BaseJdbcLogger.java:159)- ==>  Preparing: SELECT *FROM TB_GROUP LIMIT 100 
2018-06-11 11:13:42,599 DEBUG (BaseJdbcLogger.java:159)- ==> Parameters: 
2018-06-11 11:13:42,600 DEBUG (BaseJdbcLogger.java:159)- <==      Total: 4
2018-06-11 11:13:42,602 DEBUG (BaseJdbcLogger.java:159)- ==>  Preparing: SELECT *FROM TB_GROUP where GID=? 
2018-06-11 11:13:42,603 DEBUG (BaseJdbcLogger.java:159)- ==> Parameters: 39(Integer)
2018-06-11 11:13:42,604 DEBUG (BaseJdbcLogger.java:159)- <==      Total: 1
2018-06-11 11:13:42,605 DEBUG (BaseJdbcLogger.java:159)- ==>  Preparing: select *from TB_USER u where u.UID = ? 
2018-06-11 11:13:42,606 DEBUG (BaseJdbcLogger.java:159)- ==> Parameters: 1(Integer)
2018-06-11 11:13:42,607 DEBUG (BaseJdbcLogger.java:159)- <==      Total: 1
2018-06-11 11:13:42,608 DEBUG (BaseJdbcLogger.java:159)- ==>  Preparing: SELECT *FROM TB_GROUP where GID=? 
2018-06-11 11:13:42,608 DEBUG (BaseJdbcLogger.java:159)- ==> Parameters: 37(Integer)
2018-06-11 11:13:42,609 DEBUG (BaseJdbcLogger.java:159)- <==      Total: 1
2018-06-11 11:13:42,610 DEBUG (BaseJdbcLogger.java:159)- ==>  Preparing: select *from TB_USER u where u.UID = ? 
2018-06-11 11:13:42,611 DEBUG (BaseJdbcLogger.java:159)- ==> Parameters: 6(Integer)
2018-06-11 11:13:42,612 DEBUG (BaseJdbcLogger.java:159)- <==      Total: 1
2018-06-11 11:13:42,612 DEBUG (BaseJdbcLogger.java:159)- ==>  Preparing: SELECT *FROM TB_GROUP where GID=? 
2018-06-11 11:13:42,613 DEBUG (BaseJdbcLogger.java:159)- ==> Parameters: 37(Integer)
2018-06-11 11:13:42,617 DEBUG (BaseJdbcLogger.java:159)- <==      Total: 1
