2018-06-11 14:39:17,071 DEBUG (BaseJdbcLogger.java:159)- ==> Parameters: 
2018-06-11 14:39:17,073 DEBUG (BaseJdbcLogger.java:159)- <==      Total: 1
2018-06-11 14:39:17,074 DEBUG (BaseJdbcLogger.java:159)- ==>  Preparing: SELECT QRTZ_JOB_DETAILS.JOB_NAME, QRTZ_JOB_DETAILS.JOB_GROUP, QRTZ_JOB_DETAILS.JOB_CLASS_NAME, QRTZ_JOB_DETAILS.DESCRIPTION, QRTZ_TRIGGERS.TRIGGER_NAME, QRTZ_TRIGGERS.TRIGGER_GROUP, QRTZ_CRON_TRIGGERS.CRON_EXPRESSION, QRTZ_CRON_TRIGGERS.TIME_ZONE_ID, QRTZ_TRIGGERS.TRIGGER_STATE FROM QRTZ_JOB_DETAILS JOIN QRTZ_TRIGGERS JOIN QRTZ_CRON_TRIGGERS ON QRTZ_JOB_DETAILS.JOB_NAME = QRTZ_TRIGGERS.JOB_NAME AND QRTZ_TRIGGERS.TRIGGER_NAME = QRTZ_CRON_TRIGGERS.TRIGGER_NAME AND QRTZ_TRIGGERS.TRIGGER_GROUP = QRTZ_CRON_TRIGGERS.TRIGGER_GROUP where 1=1 LIMIT 5 
2018-06-11 14:39:17,074 DEBUG (BaseJdbcLogger.java:159)- ==> Parameters: 
2018-06-11 14:39:17,075 DEBUG (BaseJdbcLogger.java:159)- <==      Total: 4
2018-06-11 14:39:17,076 DEBUG (BaseJdbcLogger.java:159)- ==>  Preparing: SELECT count(0) FROM TB_GROUP 
2018-06-11 14:39:17,076 DEBUG (BaseJdbcLogger.java:159)- ==> Parameters: 
2018-06-11 14:39:17,077 DEBUG (BaseJdbcLogger.java:159)- <==      Total: 1
2018-06-11 14:39:17,077 DEBUG (BaseJdbcLogger.java:159)- ==>  Preparing: SELECT *FROM TB_GROUP LIMIT 100 
2018-06-11 14:39:17,077 DEBUG (BaseJdbcLogger.java:159)- ==> Parameters: 
2018-06-11 14:39:17,078 DEBUG (BaseJdbcLogger.java:159)- <==      Total: 4
2018-06-11 14:39:17,078 DEBUG (BaseJdbcLogger.java:159)- ==>  Preparing: SELECT *FROM TB_GROUP where GID=? 
2018-06-11 14:39:17,078 DEBUG (BaseJdbcLogger.java:159)- ==> Parameters: 39(Integer)
2018-06-11 14:39:17,079 DEBUG (BaseJdbcLogger.java:159)- <==      Total: 1
2018-06-11 14:39:17,080 DEBUG (BaseJdbcLogger.java:159)- ==>  Preparing: select *from TB_USER u where u.UID = ? 
2018-06-11 14:39:17,080 DEBUG (BaseJdbcLogger.java:159)- ==> Parameters: 1(Integer)
2018-06-11 14:39:17,080 DEBUG (BaseJdbcLogger.java:159)- <==      Total: 1
2018-06-11 14:39:17,081 DEBUG (BaseJdbcLogger.java:159)- ==>  Preparing: SELECT *FROM TB_GROUP where GID=? 
2018-06-11 14:39:17,081 DEBUG (BaseJdbcLogger.java:159)- ==> Parameters: 41(Integer)
2018-06-11 14:39:17,082 DEBUG (BaseJdbcLogger.java:159)- <==      Total: 1
