2018-06-04 16:31:09,968 DEBUG (BaseJdbcLogger.java:159)- ==>  Preparing: SELECT count(0) FROM TB_USER 
2018-06-04 16:31:09,983 DEBUG (BaseJdbcLogger.java:159)- ==> Parameters: 
2018-06-04 16:31:10,001 DEBUG (BaseJdbcLogger.java:159)- <==      Total: 1
2018-06-04 16:31:10,002 DEBUG (BaseJdbcLogger.java:159)- ==>  Preparing: SELECT *FROM TB_USER LIMIT 5 
2018-06-04 16:31:10,003 DEBUG (BaseJdbcLogger.java:159)- ==> Parameters: 
2018-06-04 16:31:10,005 DEBUG (BaseJdbcLogger.java:159)- <==      Total: 3
2018-06-04 16:31:10,007 DEBUG (BaseJdbcLogger.java:159)- ==>  Preparing: SELECT count(0) FROM TB_GROUP 
2018-06-04 16:31:10,008 DEBUG (BaseJdbcLogger.java:159)- ==> Parameters: 
2018-06-04 16:31:10,009 DEBUG (BaseJdbcLogger.java:159)- <==      Total: 1
2018-06-04 16:31:10,009 DEBUG (BaseJdbcLogger.java:159)- ==>  Preparing: SELECT *FROM TB_GROUP LIMIT 100 
2018-06-04 16:31:10,009 DEBUG (BaseJdbcLogger.java:159)- ==> Parameters: 
2018-06-04 16:31:10,011 DEBUG (BaseJdbcLogger.java:159)- <==      Total: 3
2018-06-04 16:31:10,147 INFO (UserController.java:69)- {"37":"研发1组","40":"研发3组","39":"研发2组"}
2018-06-04 16:31:10,148 INFO (UserController.java:70)- -------user:list---------
2018-06-04 16:32:36,359 INFO (StartupInfoLogger.java:48)- Starting DemoApplication on Stronger-PC with PID 13380 (F:\Learn\met-parent\met-web\target\classes started by Stronger in F:\Learn\met-parent\met-web)
2018-06-04 16:32:36,359 DEBUG (StartupInfoLogger.java:51)- Running with Spring Boot v1.5.9.RELEASE, Spring v4.3.13.RELEASE
2018-06-04 16:32:36,359 INFO (SpringApplication.java:593)- No active profile set, falling back to default profiles: default
2018-06-04 16:32:39,071 INFO (StartupInfoLogger.java:48)- Starting DemoApplication on Stronger-PC with PID 10556 (F:\Learn\met-parent\met-web\target\classes started by Stronger in F:\Learn\met-parent\met-web)
2018-06-04 16:32:39,072 DEBUG (StartupInfoLogger.java:51)- Running with Spring Boot v1.5.9.RELEASE, Spring v4.3.13.RELEASE
2018-06-04 16:32:39,072 INFO (SpringApplication.java:593)- No active profile set, falling back to default profiles: default
