2018-06-11 10:45:42,573 DEBUG (BaseJdbcLogger.java:159)- ==>  Preparing: select *from TB_USER u where u.UID = ? 
2018-06-11 10:45:42,574 DEBUG (BaseJdbcLogger.java:159)- ==> Parameters: 1(Integer)
2018-06-11 10:45:42,575 DEBUG (BaseJdbcLogger.java:159)- <==      Total: 1
2018-06-11 10:45:43,092 DEBUG (BaseJdbcLogger.java:159)- ==>  Preparing: SELECT count(0) FROM QRTZ_JOB_DETAILS JOIN QRTZ_TRIGGERS JOIN QRTZ_CRON_TRIGGERS ON QRTZ_JOB_DETAILS.JOB_NAME = QRTZ_TRIGGERS.JOB_NAME AND QRTZ_TRIGGERS.TRIGGER_NAME = QRTZ_CRON_TRIGGERS.TRIGGER_NAME AND QRTZ_TRIGGERS.TRIGGER_GROUP = QRTZ_CRON_TRIGGERS.TRIGGER_GROUP WHERE 1 = 1 AND QRTZ_TRIGGERS.TRIGGER_STATE = 'WAITING' 
2018-06-11 10:45:43,093 DEBUG (BaseJdbcLogger.java:159)- ==> Parameters: 
2018-06-11 10:45:43,094 DEBUG (BaseJdbcLogger.java:159)- <==      Total: 1
2018-06-11 10:45:43,095 DEBUG (BaseJdbcLogger.java:159)- ==>  Preparing: SELECT QRTZ_JOB_DETAILS.JOB_NAME, QRTZ_JOB_DETAILS.JOB_GROUP, QRTZ_JOB_DETAILS.JOB_CLASS_NAME, QRTZ_JOB_DETAILS.DESCRIPTION, QRTZ_TRIGGERS.TRIGGER_NAME, QRTZ_TRIGGERS.TRIGGER_GROUP, QRTZ_CRON_TRIGGERS.CRON_EXPRESSION, QRTZ_CRON_TRIGGERS.TIME_ZONE_ID, QRTZ_TRIGGERS.TRIGGER_STATE FROM QRTZ_JOB_DETAILS JOIN QRTZ_TRIGGERS JOIN QRTZ_CRON_TRIGGERS ON QRTZ_JOB_DETAILS.JOB_NAME = QRTZ_TRIGGERS.JOB_NAME AND QRTZ_TRIGGERS.TRIGGER_NAME = QRTZ_CRON_TRIGGERS.TRIGGER_NAME AND QRTZ_TRIGGERS.TRIGGER_GROUP = QRTZ_CRON_TRIGGERS.TRIGGER_GROUP where 1=1 and QRTZ_TRIGGERS.TRIGGER_STATE = 'WAITING' LIMIT 5 
2018-06-11 10:45:43,095 DEBUG (BaseJdbcLogger.java:159)- ==> Parameters: 
2018-06-11 10:45:43,096 DEBUG (BaseJdbcLogger.java:159)- <==      Total: 3
2018-06-11 10:45:43,097 DEBUG (BaseJdbcLogger.java:159)- ==>  Preparing: SELECT count(0) FROM TB_GROUP 
2018-06-11 10:45:43,097 DEBUG (BaseJdbcLogger.java:159)- ==> Parameters: 
2018-06-11 10:45:43,098 DEBUG (BaseJdbcLogger.java:159)- <==      Total: 1
2018-06-11 10:45:43,098 DEBUG (BaseJdbcLogger.java:159)- ==>  Preparing: SELECT *FROM TB_GROUP LIMIT 100 
2018-06-11 10:45:43,099 DEBUG (BaseJdbcLogger.java:159)- ==> Parameters: 
2018-06-11 10:45:43,099 DEBUG (BaseJdbcLogger.java:159)- <==      Total: 4
2018-06-11 10:45:43,100 DEBUG (BaseJdbcLogger.java:159)- ==>  Preparing: SELECT *FROM TB_GROUP where GID=? 
2018-06-11 10:45:43,100 DEBUG (BaseJdbcLogger.java:159)- ==> Parameters: 37(Integer)
2018-06-11 10:45:43,101 DEBUG (BaseJdbcLogger.java:159)- <==      Total: 1
2018-06-11 10:45:43,102 DEBUG (BaseJdbcLogger.java:159)- ==>  Preparing: select *from TB_USER u where u.UID = ? 
2018-06-11 10:45:43,102 DEBUG (BaseJdbcLogger.java:159)- ==> Parameters: 6(Integer)
2018-06-11 10:45:43,103 DEBUG (BaseJdbcLogger.java:159)- <==      Total: 1
2018-06-11 10:45:43,103 DEBUG (BaseJdbcLogger.java:159)- ==>  Preparing: SELECT *FROM TB_GROUP where GID=? 
2018-06-11 10:45:43,103 DEBUG (BaseJdbcLogger.java:159)- ==> Parameters: 37(Integer)
2018-06-11 10:45:43,104 DEBUG (BaseJdbcLogger.java:159)- <==      Total: 1
2018-06-11 10:45:43,104 DEBUG (BaseJdbcLogger.java:159)- ==>  Preparing: select *from TB_USER u where u.UID = ? 
2018-06-11 10:45:43,104 DEBUG (BaseJdbcLogger.java:159)- ==> Parameters: 6(Integer)
2018-06-11 10:45:43,105 DEBUG (BaseJdbcLogger.java:159)- <==      Total: 1
2018-06-11 10:45:43,106 DEBUG (BaseJdbcLogger.java:159)- ==>  Preparing: SELECT *FROM TB_GROUP where GID=? 
2018-06-11 10:45:43,106 DEBUG (BaseJdbcLogger.java:159)- ==> Parameters: 41(Integer)
2018-06-11 10:45:43,107 DEBUG (BaseJdbcLogger.java:159)- <==      Total: 1
2018-06-11 10:45:43,108 DEBUG (BaseJdbcLogger.java:159)- ==>  Preparing: select *from TB_USER u where u.UID = ? 
2018-06-11 10:45:43,108 DEBUG (BaseJdbcLogger.java:159)- ==> Parameters: 5(Integer)
2018-06-11 10:45:43,109 DEBUG (BaseJdbcLogger.java:159)- <==      Total: 1
