2018-06-06 11:18:01,184 DEBUG (BaseJdbcLogger.java:159)- <==      Total: 1
2018-06-06 11:18:01,187 DEBUG (BaseJdbcLogger.java:159)- ==>  Preparing: SELECT *FROM TB_GROUP LIMIT 100 
2018-06-06 11:18:01,187 DEBUG (BaseJdbcLogger.java:159)- ==> Parameters: 
2018-06-06 11:18:01,188 DEBUG (BaseJdbcLogger.java:159)- <==      Total: 4
2018-06-06 11:18:01,188 INFO (GroupController.java:46)- -------group:list---------
2018-06-06 11:18:05,076 DEBUG (BaseJdbcLogger.java:159)- ==>  Preparing: SELECT count(0) FROM TB_GROUP 
2018-06-06 11:18:05,077 DEBUG (BaseJdbcLogger.java:159)- ==> Parameters: 
2018-06-06 11:18:05,078 DEBUG (BaseJdbcLogger.java:159)- <==      Total: 1
2018-06-06 11:18:05,078 DEBUG (BaseJdbcLogger.java:159)- ==>  Preparing: SELECT *FROM TB_GROUP LIMIT 100 
2018-06-06 11:18:05,078 DEBUG (BaseJdbcLogger.java:159)- ==> Parameters: 
2018-06-06 11:18:05,079 DEBUG (BaseJdbcLogger.java:159)- <==      Total: 4
2018-06-06 11:18:05,080 INFO (GroupController.java:46)- -------group:list---------
2018-06-06 11:20:17,986 DEBUG (BaseJdbcLogger.java:159)- ==>  Preparing: SELECT count(0) FROM QRTZ_JOB_DETAILS JOIN QRTZ_TRIGGERS JOIN QRTZ_CRON_TRIGGERS ON QRTZ_JOB_DETAILS.JOB_NAME = QRTZ_TRIGGERS.JOB_NAME AND QRTZ_TRIGGERS.TRIGGER_NAME = QRTZ_CRON_TRIGGERS.TRIGGER_NAME AND QRTZ_TRIGGERS.TRIGGER_GROUP = QRTZ_CRON_TRIGGERS.TRIGGER_GROUP WHERE 1 = 1 AND QRTZ_TRIGGERS.TRIGGER_STATE = 'WAITING' 
2018-06-06 11:20:17,986 DEBUG (BaseJdbcLogger.java:159)- ==> Parameters: 
2018-06-06 11:20:17,987 DEBUG (BaseJdbcLogger.java:159)- <==      Total: 1
2018-06-06 11:20:17,988 DEBUG (BaseJdbcLogger.java:159)- ==>  Preparing: SELECT QRTZ_JOB_DETAILS.JOB_NAME, QRTZ_JOB_DETAILS.JOB_GROUP, QRTZ_JOB_DETAILS.JOB_CLASS_NAME, QRTZ_JOB_DETAILS.DESCRIPTION, QRTZ_TRIGGERS.TRIGGER_NAME, QRTZ_TRIGGERS.TRIGGER_GROUP, QRTZ_CRON_TRIGGERS.CRON_EXPRESSION, QRTZ_CRON_TRIGGERS.TIME_ZONE_ID, QRTZ_TRIGGERS.TRIGGER_STATE FROM QRTZ_JOB_DETAILS JOIN QRTZ_TRIGGERS JOIN QRTZ_CRON_TRIGGERS ON QRTZ_JOB_DETAILS.JOB_NAME = QRTZ_TRIGGERS.JOB_NAME AND QRTZ_TRIGGERS.TRIGGER_NAME = QRTZ_CRON_TRIGGERS.TRIGGER_NAME AND QRTZ_TRIGGERS.TRIGGER_GROUP = QRTZ_CRON_TRIGGERS.TRIGGER_GROUP where 1=1 and QRTZ_TRIGGERS.TRIGGER_STATE = 'WAITING' LIMIT 5 
2018-06-06 11:20:17,988 DEBUG (BaseJdbcLogger.java:159)- ==> Parameters: 
2018-06-06 11:20:17,989 DEBUG (BaseJdbcLogger.java:159)- <==      Total: 2
2018-06-06 11:20:17,989 DEBUG (BaseJdbcLogger.java:159)- ==>  Preparing: SELECT count(0) FROM TB_GROUP 
2018-06-06 11:20:17,990 DEBUG (BaseJdbcLogger.java:159)- ==> Parameters: 
