2018-06-08 09:37:15,617 DEBUG (BaseJdbcLogger.java:159)- ==>  Preparing: SELECT count(0) FROM TB_GROUP 
2018-06-08 09:37:15,619 DEBUG (BaseJdbcLogger.java:159)- ==> Parameters: 
2018-06-08 09:37:15,620 DEBUG (BaseJdbcLogger.java:159)- <==      Total: 1
2018-06-08 09:37:15,620 DEBUG (BaseJdbcLogger.java:159)- ==>  Preparing: SELECT *FROM TB_GROUP LIMIT 100 
2018-06-08 09:37:15,620 DEBUG (BaseJdbcLogger.java:159)- ==> Parameters: 
2018-06-08 09:37:15,621 DEBUG (BaseJdbcLogger.java:159)- <==      Total: 4
2018-06-08 09:37:15,622 DEBUG (BaseJdbcLogger.java:159)- ==>  Preparing: SELECT *FROM TB_GROUP where GID=? 
2018-06-08 09:37:15,623 DEBUG (BaseJdbcLogger.java:159)- ==> Parameters: 37(Integer)
2018-06-08 09:37:15,624 DEBUG (BaseJdbcLogger.java:159)- <==      Total: 1
2018-06-08 09:37:15,625 DEBUG (BaseJdbcLogger.java:159)- ==>  Preparing: select *from TB_USER u where u.UID = ? 
2018-06-08 09:37:15,625 DEBUG (BaseJdbcLogger.java:159)- ==> Parameters: 6(Integer)
2018-06-08 09:37:15,626 DEBUG (BaseJdbcLogger.java:159)- <==      Total: 1
2018-06-08 09:37:15,627 DEBUG (BaseJdbcLogger.java:159)- ==>  Preparing: SELECT *FROM TB_GROUP where GID=? 
2018-06-08 09:37:15,627 DEBUG (BaseJdbcLogger.java:159)- ==> Parameters: 40(Integer)
2018-06-08 09:37:15,628 DEBUG (BaseJdbcLogger.java:159)- <==      Total: 1
2018-06-08 09:37:15,628 DEBUG (BaseJdbcLogger.java:159)- ==>  Preparing: select *from TB_USER u where u.UID = ? 
2018-06-08 09:37:15,629 DEBUG (BaseJdbcLogger.java:159)- ==> Parameters: 2(Integer)
2018-06-08 09:37:15,630 DEBUG (BaseJdbcLogger.java:159)- <==      Total: 1
2018-06-08 09:37:15,630 DEBUG (BaseJdbcLogger.java:159)- ==>  Preparing: SELECT *FROM TB_GROUP where GID=? 
2018-06-08 09:37:15,631 DEBUG (BaseJdbcLogger.java:159)- ==> Parameters: 39(Integer)
2018-06-08 09:37:15,632 DEBUG (BaseJdbcLogger.java:159)- <==      Total: 1
2018-06-08 09:37:15,632 DEBUG (BaseJdbcLogger.java:159)- ==>  Preparing: select *from TB_USER u where u.UID = ? 
2018-06-08 09:37:15,632 DEBUG (BaseJdbcLogger.java:159)- ==> Parameters: 1(Integer)
2018-06-08 09:37:15,633 DEBUG (BaseJdbcLogger.java:159)- <==      Total: 1
