2018-06-11 14:28:42,286 DEBUG (BaseJdbcLogger.java:159)- <==      Total: 5
2018-06-11 14:28:42,288 DEBUG (BaseJdbcLogger.java:159)- ==>  Preparing: SELECT count(0) FROM TB_GROUP 
2018-06-11 14:28:42,288 DEBUG (BaseJdbcLogger.java:159)- ==> Parameters: 
2018-06-11 14:28:42,289 DEBUG (BaseJdbcLogger.java:159)- <==      Total: 1
2018-06-11 14:28:42,289 DEBUG (BaseJdbcLogger.java:159)- ==>  Preparing: SELECT *FROM TB_GROUP LIMIT 100 
2018-06-11 14:28:42,289 DEBUG (BaseJdbcLogger.java:159)- ==> Parameters: 
2018-06-11 14:28:42,290 DEBUG (BaseJdbcLogger.java:159)- <==      Total: 4
2018-06-11 14:28:42,290 DEBUG (BaseJdbcLogger.java:159)- ==>  Preparing: SELECT *FROM TB_GROUP where GID=? 
2018-06-11 14:28:42,291 DEBUG (BaseJdbcLogger.java:159)- ==> Parameters: 39(Integer)
2018-06-11 14:28:42,291 DEBUG (BaseJdbcLogger.java:159)- <==      Total: 1
2018-06-11 14:28:42,292 DEBUG (BaseJdbcLogger.java:159)- ==>  Preparing: select *from TB_USER u where u.UID = ? 
2018-06-11 14:28:42,293 DEBUG (BaseJdbcLogger.java:159)- ==> Parameters: 1(Integer)
2018-06-11 14:28:42,294 DEBUG (BaseJdbcLogger.java:159)- <==      Total: 1
2018-06-11 14:28:42,294 DEBUG (BaseJdbcLogger.java:159)- ==>  Preparing: SELECT *FROM TB_GROUP where GID=? 
2018-06-11 14:28:42,294 DEBUG (BaseJdbcLogger.java:159)- ==> Parameters: 37(Integer)
2018-06-11 14:28:42,295 DEBUG (BaseJdbcLogger.java:159)- <==      Total: 1
2018-06-11 14:28:42,296 DEBUG (BaseJdbcLogger.java:159)- ==>  Preparing: select *from TB_USER u where u.UID = ? 
2018-06-11 14:28:42,296 DEBUG (BaseJdbcLogger.java:159)- ==> Parameters: 6(Integer)
2018-06-11 14:28:42,297 DEBUG (BaseJdbcLogger.java:159)- <==      Total: 1
2018-06-11 14:28:42,297 DEBUG (BaseJdbcLogger.java:159)- ==>  Preparing: SELECT *FROM TB_GROUP where GID=? 
2018-06-11 14:28:42,297 DEBUG (BaseJdbcLogger.java:159)- ==> Parameters: 41(Integer)
2018-06-11 14:28:42,298 DEBUG (BaseJdbcLogger.java:159)- <==      Total: 1
2018-06-11 14:28:42,298 DEBUG (BaseJdbcLogger.java:159)- ==>  Preparing: select *from TB_USER u where u.UID = ? 
2018-06-11 14:28:42,298 DEBUG (BaseJdbcLogger.java:159)- ==> Parameters: 7(Integer)
2018-06-11 14:28:42,299 DEBUG (BaseJdbcLogger.java:159)- <==      Total: 1
2018-06-11 14:28:42,299 DEBUG (BaseJdbcLogger.java:159)- ==>  Preparing: SELECT *FROM TB_GROUP where GID=? 
2018-06-11 14:28:42,300 DEBUG (BaseJdbcLogger.java:159)- ==> Parameters: 40(Integer)
2018-06-11 14:28:42,300 DEBUG (BaseJdbcLogger.java:159)- <==      Total: 1
2018-06-11 14:28:42,301 DEBUG (BaseJdbcLogger.java:159)- ==>  Preparing: select *from TB_USER u where u.UID = ? 
2018-06-11 14:28:42,301 DEBUG (BaseJdbcLogger.java:159)- ==> Parameters: 2(Integer)
2018-06-11 14:28:42,301 DEBUG (BaseJdbcLogger.java:159)- <==      Total: 1
2018-06-11 14:28:42,302 DEBUG (BaseJdbcLogger.java:159)- ==>  Preparing: SELECT *FROM TB_GROUP where GID=? 
