2018-06-04 16:00:56,387 INFO (UserController.java:131)- -------user:disable---------
2018-06-04 16:00:57,432 DEBUG (BaseJdbcLogger.java:159)- ==>  Preparing: select *from TB_USER u where u.UID = ? 
2018-06-04 16:00:57,434 DEBUG (BaseJdbcLogger.java:159)- ==> Parameters: 1(Integer)
2018-06-04 16:00:57,439 DEBUG (BaseJdbcLogger.java:159)- <==      Total: 1
2018-06-04 16:00:57,442 DEBUG (BaseJdbcLogger.java:159)- ==>  Preparing: UPDATE TB_USER set GID=?, UNAME=?, EMPNUM=?, ISABLE=? WHERE UID=? 
2018-06-04 16:00:57,444 DEBUG (BaseJdbcLogger.java:159)- ==> Parameters: 1(Long), 张三(String), 001(String), 0(String), 1(Integer)
2018-06-04 16:00:57,468 DEBUG (BaseJdbcLogger.java:159)- <==    Updates: 1
2018-06-04 16:00:57,469 DEBUG (BaseJdbcLogger.java:159)- ==>  Preparing: SELECT count(0) FROM TB_USER 
2018-06-04 16:00:57,469 DEBUG (BaseJdbcLogger.java:159)- ==> Parameters: 
2018-06-04 16:00:57,471 DEBUG (BaseJdbcLogger.java:159)- <==      Total: 1
2018-06-04 16:00:57,471 DEBUG (BaseJdbcLogger.java:159)- ==>  Preparing: SELECT *FROM TB_USER LIMIT 100 
2018-06-04 16:00:57,472 DEBUG (BaseJdbcLogger.java:159)- ==> Parameters: 
2018-06-04 16:00:57,474 DEBUG (BaseJdbcLogger.java:159)- <==      Total: 3
2018-06-04 16:00:57,474 INFO (UserController.java:118)- -------user:enable---------
2018-06-04 16:00:58,094 DEBUG (BaseJdbcLogger.java:159)- ==>  Preparing: select *from TB_USER u where u.UID = ? 
2018-06-04 16:00:58,095 DEBUG (BaseJdbcLogger.java:159)- ==> Parameters: 2(Integer)
2018-06-04 16:00:58,099 DEBUG (BaseJdbcLogger.java:159)- <==      Total: 1
2018-06-04 16:00:58,102 DEBUG (BaseJdbcLogger.java:159)- ==>  Preparing: UPDATE TB_USER set GID=?, UNAME=?, EMPNUM=?, ISABLE=? WHERE UID=? 
2018-06-04 16:00:58,104 DEBUG (BaseJdbcLogger.java:159)- ==> Parameters: 1(Long), 李四(String), 002(String), 1(String), 2(Integer)
2018-06-04 16:00:58,199 DEBUG (BaseJdbcLogger.java:159)- <==    Updates: 1
2018-06-04 16:00:58,201 DEBUG (BaseJdbcLogger.java:159)- ==>  Preparing: SELECT count(0) FROM TB_USER 
2018-06-04 16:00:58,203 DEBUG (BaseJdbcLogger.java:159)- ==> Parameters: 
2018-06-04 16:00:58,206 DEBUG (BaseJdbcLogger.java:159)- <==      Total: 1
2018-06-04 16:00:58,207 DEBUG (BaseJdbcLogger.java:159)- ==>  Preparing: SELECT *FROM TB_USER LIMIT 100 
