2018-06-08 09:37:16,274 DEBUG (BaseJdbcLogger.java:159)- ==>  Preparing: SELECT count(0) FROM QRTZ_JOB_DETAILS JOIN QRTZ_TRIGGERS JOIN QRTZ_CRON_TRIGGERS ON QRTZ_JOB_DETAILS.JOB_NAME = QRTZ_TRIGGERS.JOB_NAME AND QRTZ_TRIGGERS.TRIGGER_NAME = QRTZ_CRON_TRIGGERS.TRIGGER_NAME AND QRTZ_TRIGGERS.TRIGGER_GROUP = QRTZ_CRON_TRIGGERS.TRIGGER_GROUP WHERE 1 = 1 AND QRTZ_TRIGGERS.TRIGGER_STATE = 'WAITING' 
2018-06-08 09:37:16,276 DEBUG (BaseJdbcLogger.java:159)- ==> Parameters: 
2018-06-08 09:37:16,278 DEBUG (BaseJdbcLogger.java:159)- <==      Total: 1
2018-06-08 09:37:16,278 DEBUG (BaseJdbcLogger.java:159)- ==>  Preparing: SELECT QRTZ_JOB_DETAILS.JOB_NAME, QRTZ_JOB_DETAILS.JOB_GROUP, QRTZ_JOB_DETAILS.JOB_CLASS_NAME, QRTZ_JOB_DETAILS.DESCRIPTION, QRTZ_TRIGGERS.TRIGGER_NAME, QRTZ_TRIGGERS.TRIGGER_GROUP, QRTZ_CRON_TRIGGERS.CRON_EXPRESSION, QRTZ_CRON_TRIGGERS.TIME_ZONE_ID, QRTZ_TRIGGERS.TRIGGER_STATE FROM QRTZ_JOB_DETAILS JOIN QRTZ_TRIGGERS JOIN QRTZ_CRON_TRIGGERS ON QRTZ_JOB_DETAILS.JOB_NAME = QRTZ_TRIGGERS.JOB_NAME AND QRTZ_TRIGGERS.TRIGGER_NAME = QRTZ_CRON_TRIGGERS.TRIGGER_NAME AND QRTZ_TRIGGERS.TRIGGER_GROUP = QRTZ_CRON_TRIGGERS.TRIGGER_GROUP where 1=1 and QRTZ_TRIGGERS.TRIGGER_STATE = 'WAITING' LIMIT 5 
2018-06-08 09:37:16,279 DEBUG (BaseJdbcLogger.java:159)- ==> Parameters: 
2018-06-08 09:37:16,280 DEBUG (BaseJdbcLogger.java:159)- <==      Total: 1
2018-06-08 09:37:16,280 DEBUG (BaseJdbcLogger.java:159)- ==>  Preparing: SELECT count(0) FROM TB_GROUP 
2018-06-08 09:37:16,281 DEBUG (BaseJdbcLogger.java:159)- ==> Parameters: 
2018-06-08 09:37:16,281 DEBUG (BaseJdbcLogger.java:159)- <==      Total: 1
2018-06-08 09:37:16,282 DEBUG (BaseJdbcLogger.java:159)- ==>  Preparing: SELECT *FROM TB_GROUP LIMIT 100 
2018-06-08 09:37:16,282 DEBUG (BaseJdbcLogger.java:159)- ==> Parameters: 
2018-06-08 09:37:16,282 DEBUG (BaseJdbcLogger.java:159)- <==      Total: 4
2018-06-08 09:37:16,283 DEBUG (BaseJdbcLogger.java:159)- ==>  Preparing: SELECT *FROM TB_GROUP where GID=? 
2018-06-08 09:37:16,283 DEBUG (BaseJdbcLogger.java:159)- ==> Parameters: 37(Integer)
2018-06-08 09:37:16,284 DEBUG (BaseJdbcLogger.java:159)- <==      Total: 1
2018-06-08 09:37:16,285 DEBUG (BaseJdbcLogger.java:159)- ==>  Preparing: select *from TB_USER u where u.UID = ? 
2018-06-08 09:37:16,285 DEBUG (BaseJdbcLogger.java:159)- ==> Parameters: 6(Integer)
2018-06-08 09:37:16,286 DEBUG (BaseJdbcLogger.java:159)- <==      Total: 1
2018-06-08 09:37:16,768 DEBUG (BaseJdbcLogger.java:159)- ==>  Preparing: SELECT count(0) FROM QRTZ_JOB_DETAILS JOIN QRTZ_TRIGGERS JOIN QRTZ_CRON_TRIGGERS ON QRTZ_JOB_DETAILS.JOB_NAME = QRTZ_TRIGGERS.JOB_NAME AND QRTZ_TRIGGERS.TRIGGER_NAME = QRTZ_CRON_TRIGGERS.TRIGGER_NAME AND QRTZ_TRIGGERS.TRIGGER_GROUP = QRTZ_CRON_TRIGGERS.TRIGGER_GROUP WHERE 1 = 1 AND QRTZ_TRIGGERS.TRIGGER_STATE = 'ACQUIRED' OR QRTZ_TRIGGERS.TRIGGER_STATE = 'PAUSED' 
2018-06-08 09:37:16,769 DEBUG (BaseJdbcLogger.java:159)- ==> Parameters: 
2018-06-08 09:37:16,770 DEBUG (BaseJdbcLogger.java:159)- <==      Total: 1
2018-06-08 09:37:16,771 DEBUG (BaseJdbcLogger.java:159)- ==>  Preparing: SELECT QRTZ_JOB_DETAILS.JOB_NAME, QRTZ_JOB_DETAILS.JOB_GROUP, QRTZ_JOB_DETAILS.JOB_CLASS_NAME, QRTZ_JOB_DETAILS.DESCRIPTION, QRTZ_TRIGGERS.TRIGGER_NAME, QRTZ_TRIGGERS.TRIGGER_GROUP, QRTZ_CRON_TRIGGERS.CRON_EXPRESSION, QRTZ_CRON_TRIGGERS.TIME_ZONE_ID, QRTZ_TRIGGERS.TRIGGER_STATE FROM QRTZ_JOB_DETAILS JOIN QRTZ_TRIGGERS JOIN QRTZ_CRON_TRIGGERS ON QRTZ_JOB_DETAILS.JOB_NAME = QRTZ_TRIGGERS.JOB_NAME AND QRTZ_TRIGGERS.TRIGGER_NAME = QRTZ_CRON_TRIGGERS.TRIGGER_NAME AND QRTZ_TRIGGERS.TRIGGER_GROUP = QRTZ_CRON_TRIGGERS.TRIGGER_GROUP where 1=1 and QRTZ_TRIGGERS.TRIGGER_STATE = 'ACQUIRED' OR QRTZ_TRIGGERS.TRIGGER_STATE = 'PAUSED' LIMIT 5 
2018-06-08 09:37:16,771 DEBUG (BaseJdbcLogger.java:159)- ==> Parameters: 
2018-06-08 09:37:16,772 DEBUG (BaseJdbcLogger.java:159)- <==      Total: 2
2018-06-08 09:37:16,773 DEBUG (BaseJdbcLogger.java:159)- ==>  Preparing: SELECT count(0) FROM TB_GROUP 
2018-06-08 09:37:16,773 DEBUG (BaseJdbcLogger.java:159)- ==> Parameters: 
2018-06-08 09:37:16,774 DEBUG (BaseJdbcLogger.java:159)- <==      Total: 1
2018-06-08 09:37:16,775 DEBUG (BaseJdbcLogger.java:159)- ==>  Preparing: SELECT *FROM TB_GROUP LIMIT 100 
2018-06-08 09:37:16,775 DEBUG (BaseJdbcLogger.java:159)- ==> Parameters: 
2018-06-08 09:37:16,776 DEBUG (BaseJdbcLogger.java:159)- <==      Total: 4
2018-06-08 09:37:16,777 DEBUG (BaseJdbcLogger.java:159)- ==>  Preparing: SELECT *FROM TB_GROUP where GID=? 
2018-06-08 09:37:16,777 DEBUG (BaseJdbcLogger.java:159)- ==> Parameters: 40(Integer)
