2018-06-11 10:13:22,102 DEBUG (BaseJdbcLogger.java:159)- <==      Total: 4
2018-06-11 10:13:22,104 DEBUG (BaseJdbcLogger.java:159)- ==>  Preparing: SELECT *FROM TB_GROUP where GID=? 
2018-06-11 10:13:22,104 DEBUG (BaseJdbcLogger.java:159)- ==> Parameters: 39(Integer)
2018-06-11 10:13:22,105 DEBUG (BaseJdbcLogger.java:159)- <==      Total: 1
2018-06-11 10:13:22,106 DEBUG (BaseJdbcLogger.java:159)- ==>  Preparing: select *from TB_USER u where u.UID = ? 
2018-06-11 10:13:22,107 DEBUG (BaseJdbcLogger.java:159)- ==> Parameters: 1(Integer)
2018-06-11 10:13:22,108 DEBUG (BaseJdbcLogger.java:159)- <==      Total: 1
2018-06-11 10:13:22,109 DEBUG (BaseJdbcLogger.java:159)- ==>  Preparing: SELECT *FROM TB_GROUP where GID=? 
2018-06-11 10:13:22,109 DEBUG (BaseJdbcLogger.java:159)- ==> Parameters: 40(Integer)
2018-06-11 10:13:22,110 DEBUG (BaseJdbcLogger.java:159)- <==      Total: 1
2018-06-11 10:13:22,111 DEBUG (BaseJdbcLogger.java:159)- ==>  Preparing: select *from TB_USER u where u.UID = ? 
2018-06-11 10:13:22,111 DEBUG (BaseJdbcLogger.java:159)- ==> Parameters: 2(Integer)
2018-06-11 10:13:22,112 DEBUG (BaseJdbcLogger.java:159)- <==      Total: 1
2018-06-11 10:13:22,112 DEBUG (BaseJdbcLogger.java:159)- ==>  Preparing: SELECT *FROM TB_GROUP where GID=? 
2018-06-11 10:13:22,113 DEBUG (BaseJdbcLogger.java:159)- ==> Parameters: 39(Integer)
2018-06-11 10:13:22,114 DEBUG (BaseJdbcLogger.java:159)- <==      Total: 1
2018-06-11 10:13:22,114 DEBUG (BaseJdbcLogger.java:159)- ==>  Preparing: select *from TB_USER u where u.UID = ? 
2018-06-11 10:13:22,115 DEBUG (BaseJdbcLogger.java:159)- ==> Parameters: 1(Integer)
2018-06-11 10:13:22,115 DEBUG (BaseJdbcLogger.java:159)- <==      Total: 1
2018-06-11 10:17:45,840 INFO (StartupInfoLogger.java:48)- Starting DemoApplication on Stronger-PC with PID 8684 (F:\Learn\met-parent\met-web\target\classes started by Stronger in F:\Learn\met-parent\met-web)
2018-06-11 10:17:45,841 DEBUG (StartupInfoLogger.java:51)- Running with Spring Boot v1.5.9.RELEASE, Spring v4.3.13.RELEASE
2018-06-11 10:17:45,841 INFO (SpringApplication.java:593)- No active profile set, falling back to default profiles: default
