2018-06-11 14:26:10,416 DEBUG (BaseJdbcLogger.java:159)- ==>  Preparing: SELECT QRTZ_JOB_DETAILS.JOB_NAME, QRTZ_JOB_DETAILS.JOB_GROUP, QRTZ_JOB_DETAILS.JOB_CLASS_NAME, QRTZ_JOB_DETAILS.DESCRIPTION, QRTZ_TRIGGERS.TRIGGER_NAME, QRTZ_TRIGGERS.TRIGGER_GROUP, QRTZ_CRON_TRIGGERS.CRON_EXPRESSION, QRTZ_CRON_TRIGGERS.TIME_ZONE_ID, QRTZ_TRIGGERS.TRIGGER_STATE FROM QRTZ_JOB_DETAILS JOIN QRTZ_TRIGGERS JOIN QRTZ_CRON_TRIGGERS ON QRTZ_JOB_DETAILS.JOB_NAME = QRTZ_TRIGGERS.JOB_NAME AND QRTZ_TRIGGERS.TRIGGER_NAME = QRTZ_CRON_TRIGGERS.TRIGGER_NAME AND QRTZ_TRIGGERS.TRIGGER_GROUP = QRTZ_CRON_TRIGGERS.TRIGGER_GROUP where 1=1 and QRTZ_TRIGGERS.TRIGGER_STATE = 'WAITING' LIMIT 5 
2018-06-11 14:26:10,417 DEBUG (BaseJdbcLogger.java:159)- ==> Parameters: 
2018-06-11 14:26:10,418 DEBUG (BaseJdbcLogger.java:159)- <==      Total: 2
2018-06-11 14:26:10,419 DEBUG (BaseJdbcLogger.java:159)- ==>  Preparing: SELECT count(0) FROM TB_GROUP 
2018-06-11 14:26:10,419 DEBUG (BaseJdbcLogger.java:159)- ==> Parameters: 
2018-06-11 14:26:10,420 DEBUG (BaseJdbcLogger.java:159)- <==      Total: 1
2018-06-11 14:26:10,420 DEBUG (BaseJdbcLogger.java:159)- ==>  Preparing: SELECT *FROM TB_GROUP LIMIT 100 
2018-06-11 14:26:10,420 DEBUG (BaseJdbcLogger.java:159)- ==> Parameters: 
2018-06-11 14:26:10,421 DEBUG (BaseJdbcLogger.java:159)- <==      Total: 4
2018-06-11 14:26:10,421 DEBUG (BaseJdbcLogger.java:159)- ==>  Preparing: SELECT *FROM TB_GROUP where GID=? 
2018-06-11 14:26:10,422 DEBUG (BaseJdbcLogger.java:159)- ==> Parameters: 37(Integer)
2018-06-11 14:26:10,423 DEBUG (BaseJdbcLogger.java:159)- <==      Total: 1
2018-06-11 14:26:10,424 DEBUG (BaseJdbcLogger.java:159)- ==>  Preparing: select *from TB_USER u where u.UID = ? 
2018-06-11 14:26:10,425 DEBUG (BaseJdbcLogger.java:159)- ==> Parameters: 6(Integer)
2018-06-11 14:26:10,425 DEBUG (BaseJdbcLogger.java:159)- <==      Total: 1
2018-06-11 14:26:10,426 DEBUG (BaseJdbcLogger.java:159)- ==>  Preparing: SELECT *FROM TB_GROUP where GID=? 
2018-06-11 14:26:10,426 DEBUG (BaseJdbcLogger.java:159)- ==> Parameters: 41(Integer)
2018-06-11 14:26:10,427 DEBUG (BaseJdbcLogger.java:159)- <==      Total: 1
2018-06-11 14:26:10,428 DEBUG (BaseJdbcLogger.java:159)- ==>  Preparing: select *from TB_USER u where u.UID = ? 
2018-06-11 14:26:10,428 DEBUG (BaseJdbcLogger.java:159)- ==> Parameters: 7(Integer)
2018-06-11 14:26:10,429 DEBUG (BaseJdbcLogger.java:159)- <==      Total: 1
2018-06-11 14:26:10,779 DEBUG (BaseJdbcLogger.java:159)- ==>  Preparing: SELECT count(0) FROM QRTZ_JOB_DETAILS JOIN QRTZ_TRIGGERS JOIN QRTZ_CRON_TRIGGERS ON QRTZ_JOB_DETAILS.JOB_NAME = QRTZ_TRIGGERS.JOB_NAME AND QRTZ_TRIGGERS.TRIGGER_NAME = QRTZ_CRON_TRIGGERS.TRIGGER_NAME AND QRTZ_TRIGGERS.TRIGGER_GROUP = QRTZ_CRON_TRIGGERS.TRIGGER_GROUP WHERE 1 = 1 
2018-06-11 14:26:10,779 DEBUG (BaseJdbcLogger.java:159)- ==> Parameters: 
2018-06-11 14:26:10,781 DEBUG (BaseJdbcLogger.java:159)- <==      Total: 1
2018-06-11 14:26:10,781 DEBUG (BaseJdbcLogger.java:159)- ==>  Preparing: SELECT QRTZ_JOB_DETAILS.JOB_NAME, QRTZ_JOB_DETAILS.JOB_GROUP, QRTZ_JOB_DETAILS.JOB_CLASS_NAME, QRTZ_JOB_DETAILS.DESCRIPTION, QRTZ_TRIGGERS.TRIGGER_NAME, QRTZ_TRIGGERS.TRIGGER_GROUP, QRTZ_CRON_TRIGGERS.CRON_EXPRESSION, QRTZ_CRON_TRIGGERS.TIME_ZONE_ID, QRTZ_TRIGGERS.TRIGGER_STATE FROM QRTZ_JOB_DETAILS JOIN QRTZ_TRIGGERS JOIN QRTZ_CRON_TRIGGERS ON QRTZ_JOB_DETAILS.JOB_NAME = QRTZ_TRIGGERS.JOB_NAME AND QRTZ_TRIGGERS.TRIGGER_NAME = QRTZ_CRON_TRIGGERS.TRIGGER_NAME AND QRTZ_TRIGGERS.TRIGGER_GROUP = QRTZ_CRON_TRIGGERS.TRIGGER_GROUP where 1=1 LIMIT 5 
2018-06-11 14:26:10,781 DEBUG (BaseJdbcLogger.java:159)- ==> Parameters: 
2018-06-11 14:26:10,782 DEBUG (BaseJdbcLogger.java:159)- <==      Total: 5
2018-06-11 14:26:10,783 DEBUG (BaseJdbcLogger.java:159)- ==>  Preparing: SELECT count(0) FROM TB_GROUP 
2018-06-11 14:26:10,783 DEBUG (BaseJdbcLogger.java:159)- ==> Parameters: 
2018-06-11 14:26:10,784 DEBUG (BaseJdbcLogger.java:159)- <==      Total: 1
2018-06-11 14:26:10,784 DEBUG (BaseJdbcLogger.java:159)- ==>  Preparing: SELECT *FROM TB_GROUP LIMIT 100 
2018-06-11 14:26:10,784 DEBUG (BaseJdbcLogger.java:159)- ==> Parameters: 
