2018-06-11 14:26:09,867 DEBUG (BaseJdbcLogger.java:159)- ==>  Preparing: SELECT *FROM TB_GROUP LIMIT 100 
2018-06-11 14:26:09,869 DEBUG (BaseJdbcLogger.java:159)- ==> Parameters: 
2018-06-11 14:26:09,870 DEBUG (BaseJdbcLogger.java:159)- <==      Total: 4
2018-06-11 14:26:09,870 DEBUG (BaseJdbcLogger.java:159)- ==>  Preparing: SELECT *FROM TB_GROUP where GID=? 
2018-06-11 14:26:09,870 DEBUG (BaseJdbcLogger.java:159)- ==> Parameters: 39(Integer)
2018-06-11 14:26:09,871 DEBUG (BaseJdbcLogger.java:159)- <==      Total: 1
2018-06-11 14:26:09,871 DEBUG (BaseJdbcLogger.java:159)- ==>  Preparing: select *from TB_USER u where u.UID = ? 
2018-06-11 14:26:09,872 DEBUG (BaseJdbcLogger.java:159)- ==> Parameters: 1(Integer)
2018-06-11 14:26:09,873 DEBUG (BaseJdbcLogger.java:159)- <==      Total: 1
2018-06-11 14:26:09,873 DEBUG (BaseJdbcLogger.java:159)- ==>  Preparing: SELECT *FROM TB_GROUP where GID=? 
2018-06-11 14:26:09,874 DEBUG (BaseJdbcLogger.java:159)- ==> Parameters: 40(Integer)
2018-06-11 14:26:09,874 DEBUG (BaseJdbcLogger.java:159)- <==      Total: 1
2018-06-11 14:26:09,875 DEBUG (BaseJdbcLogger.java:159)- ==>  Preparing: select *from TB_USER u where u.UID = ? 
2018-06-11 14:26:09,875 DEBUG (BaseJdbcLogger.java:159)- ==> Parameters: 2(Integer)
2018-06-11 14:26:09,876 DEBUG (BaseJdbcLogger.java:159)- <==      Total: 1
2018-06-11 14:26:09,876 DEBUG (BaseJdbcLogger.java:159)- ==>  Preparing: SELECT *FROM TB_GROUP where GID=? 
2018-06-11 14:26:09,877 DEBUG (BaseJdbcLogger.java:159)- ==> Parameters: 39(Integer)
2018-06-11 14:26:09,878 DEBUG (BaseJdbcLogger.java:159)- <==      Total: 1
2018-06-11 14:26:09,879 DEBUG (BaseJdbcLogger.java:159)- ==>  Preparing: select *from TB_USER u where u.UID = ? 
2018-06-11 14:26:09,879 DEBUG (BaseJdbcLogger.java:159)- ==> Parameters: 1(Integer)
2018-06-11 14:26:09,879 DEBUG (BaseJdbcLogger.java:159)- <==      Total: 1
2018-06-11 14:26:10,413 DEBUG (BaseJdbcLogger.java:159)- ==>  Preparing: SELECT count(0) FROM QRTZ_JOB_DETAILS JOIN QRTZ_TRIGGERS JOIN QRTZ_CRON_TRIGGERS ON QRTZ_JOB_DETAILS.JOB_NAME = QRTZ_TRIGGERS.JOB_NAME AND QRTZ_TRIGGERS.TRIGGER_NAME = QRTZ_CRON_TRIGGERS.TRIGGER_NAME AND QRTZ_TRIGGERS.TRIGGER_GROUP = QRTZ_CRON_TRIGGERS.TRIGGER_GROUP WHERE 1 = 1 AND QRTZ_TRIGGERS.TRIGGER_STATE = 'WAITING' 
2018-06-11 14:26:10,414 DEBUG (BaseJdbcLogger.java:159)- ==> Parameters: 
2018-06-11 14:26:10,415 DEBUG (BaseJdbcLogger.java:159)- <==      Total: 1
