2018-06-05 11:36:52,553 DEBUG (BaseJdbcLogger.java:159)- ==> Parameters: 1(Integer)
2018-06-05 11:36:52,555 DEBUG (BaseJdbcLogger.java:159)- <==      Total: 1
2018-06-05 11:36:53,165 DEBUG (BaseJdbcLogger.java:159)- ==>  Preparing: SELECT count(0) FROM QRTZ_JOB_DETAILS JOIN QRTZ_TRIGGERS JOIN QRTZ_CRON_TRIGGERS ON QRTZ_JOB_DETAILS.JOB_GROUP = QRTZ_TRIGGERS.TRIGGER_GROUP AND QRTZ_TRIGGERS.TRIGGER_GROUP = QRTZ_CRON_TRIGGERS.TRIGGER_GROUP AND QRTZ_TRIGGERS.TRIGGER_GROUP = QRTZ_CRON_TRIGGERS.TRIGGER_GROUP 
2018-06-05 11:36:53,165 DEBUG (BaseJdbcLogger.java:159)- ==> Parameters: 
2018-06-05 11:36:53,166 DEBUG (BaseJdbcLogger.java:159)- <==      Total: 1
2018-06-05 11:36:53,167 DEBUG (BaseJdbcLogger.java:159)- ==>  Preparing: SELECT QRTZ_JOB_DETAILS.JOB_NAME, QRTZ_JOB_DETAILS.JOB_GROUP, QRTZ_JOB_DETAILS.JOB_CLASS_NAME, QRTZ_JOB_DETAILS.DESCRIPTION, QRTZ_TRIGGERS.TRIGGER_NAME, QRTZ_TRIGGERS.TRIGGER_GROUP, QRTZ_CRON_TRIGGERS.CRON_EXPRESSION, QRTZ_CRON_TRIGGERS.TIME_ZONE_ID FROM QRTZ_JOB_DETAILS JOIN QRTZ_TRIGGERS JOIN QRTZ_CRON_TRIGGERS ON QRTZ_JOB_DETAILS.JOB_GROUP = QRTZ_TRIGGERS.TRIGGER_GROUP AND QRTZ_TRIGGERS.TRIGGER_GROUP = QRTZ_CRON_TRIGGERS.TRIGGER_GROUP AND QRTZ_TRIGGERS.TRIGGER_GROUP = QRTZ_CRON_TRIGGERS.TRIGGER_GROUP LIMIT 5 
2018-06-05 11:36:53,167 DEBUG (BaseJdbcLogger.java:159)- ==> Parameters: 
2018-06-05 11:36:53,169 DEBUG (BaseJdbcLogger.java:159)- <==      Total: 2
2018-06-05 11:36:53,169 DEBUG (BaseJdbcLogger.java:159)- ==>  Preparing: SELECT count(0) FROM TB_GROUP 
2018-06-05 11:36:53,170 DEBUG (BaseJdbcLogger.java:159)- ==> Parameters: 
2018-06-05 11:36:53,171 DEBUG (BaseJdbcLogger.java:159)- <==      Total: 1
2018-06-05 11:36:53,171 DEBUG (BaseJdbcLogger.java:159)- ==>  Preparing: SELECT *FROM TB_GROUP LIMIT 100 
2018-06-05 11:36:53,171 DEBUG (BaseJdbcLogger.java:159)- ==> Parameters: 
2018-06-05 11:36:53,172 DEBUG (BaseJdbcLogger.java:159)- <==      Total: 4
2018-06-05 11:36:53,173 DEBUG (BaseJdbcLogger.java:159)- ==>  Preparing: SELECT *FROM TB_GROUP where GID=? 
2018-06-05 11:36:53,173 DEBUG (BaseJdbcLogger.java:159)- ==> Parameters: 40(Integer)
2018-06-05 11:36:53,174 DEBUG (BaseJdbcLogger.java:159)- <==      Total: 1
2018-06-05 11:36:53,174 DEBUG (BaseJdbcLogger.java:159)- ==>  Preparing: select *from TB_USER u where u.UID = ? 
2018-06-05 11:36:53,175 DEBUG (BaseJdbcLogger.java:159)- ==> Parameters: 2(Integer)
2018-06-05 11:36:53,176 DEBUG (BaseJdbcLogger.java:159)- <==      Total: 1
2018-06-05 11:36:53,177 DEBUG (BaseJdbcLogger.java:159)- ==>  Preparing: SELECT *FROM TB_GROUP where GID=? 
2018-06-05 11:36:53,177 DEBUG (BaseJdbcLogger.java:159)- ==> Parameters: 39(Integer)
2018-06-05 11:36:53,178 DEBUG (BaseJdbcLogger.java:159)- <==      Total: 1
2018-06-05 11:36:53,178 DEBUG (BaseJdbcLogger.java:159)- ==>  Preparing: select *from TB_USER u where u.UID = ? 
2018-06-05 11:36:53,179 DEBUG (BaseJdbcLogger.java:159)- ==> Parameters: 1(Integer)
2018-06-05 11:36:53,179 DEBUG (BaseJdbcLogger.java:159)- <==      Total: 1
