2018-06-06 08:51:06,516 DEBUG (BaseJdbcLogger.java:159)- ==> Parameters: 
2018-06-06 08:51:06,518 DEBUG (BaseJdbcLogger.java:159)- <==      Total: 4
2018-06-06 08:51:06,519 DEBUG (BaseJdbcLogger.java:159)- ==>  Preparing: SELECT *FROM TB_GROUP where GID=? 
2018-06-06 08:51:06,519 DEBUG (BaseJdbcLogger.java:159)- ==> Parameters: 37(Integer)
2018-06-06 08:51:06,520 DEBUG (BaseJdbcLogger.java:159)- <==      Total: 1
2018-06-06 08:51:06,520 DEBUG (BaseJdbcLogger.java:159)- ==>  Preparing: select *from TB_USER u where u.UID = ? 
2018-06-06 08:51:06,520 DEBUG (BaseJdbcLogger.java:159)- ==> Parameters: 6(Integer)
2018-06-06 08:51:06,521 DEBUG (BaseJdbcLogger.java:159)- <==      Total: 1
2018-06-06 08:51:06,522 DEBUG (BaseJdbcLogger.java:159)- ==>  Preparing: SELECT *FROM TB_GROUP where GID=? 
2018-06-06 08:51:06,522 DEBUG (BaseJdbcLogger.java:159)- ==> Parameters: 40(Integer)
2018-06-06 08:51:06,523 DEBUG (BaseJdbcLogger.java:159)- <==      Total: 1
2018-06-06 08:51:06,524 DEBUG (BaseJdbcLogger.java:159)- ==>  Preparing: select *from TB_USER u where u.UID = ? 
2018-06-06 08:51:06,524 DEBUG (BaseJdbcLogger.java:159)- ==> Parameters: 2(Integer)
2018-06-06 08:51:06,525 DEBUG (BaseJdbcLogger.java:159)- <==      Total: 1
2018-06-06 08:51:06,526 DEBUG (BaseJdbcLogger.java:159)- ==>  Preparing: SELECT *FROM TB_GROUP where GID=? 
2018-06-06 08:51:06,526 DEBUG (BaseJdbcLogger.java:159)- ==> Parameters: 41(Integer)
2018-06-06 08:51:06,526 DEBUG (BaseJdbcLogger.java:159)- <==      Total: 1
2018-06-06 08:51:06,527 DEBUG (BaseJdbcLogger.java:159)- ==>  Preparing: select *from TB_USER u where u.UID = ? 
2018-06-06 08:51:06,527 DEBUG (BaseJdbcLogger.java:159)- ==> Parameters: 5(Integer)
2018-06-06 08:51:06,527 DEBUG (BaseJdbcLogger.java:159)- <==      Total: 1
2018-06-06 08:51:06,528 DEBUG (BaseJdbcLogger.java:159)- ==>  Preparing: SELECT *FROM TB_GROUP where GID=? 
2018-06-06 08:51:06,528 DEBUG (BaseJdbcLogger.java:159)- ==> Parameters: 39(Integer)
2018-06-06 08:51:06,529 DEBUG (BaseJdbcLogger.java:159)- <==      Total: 1
2018-06-06 08:51:06,529 DEBUG (BaseJdbcLogger.java:159)- ==>  Preparing: select *from TB_USER u where u.UID = ? 
