2018-06-11 10:54:04,107 DEBUG (BaseJdbcLogger.java:159)- <==      Total: 1
2018-06-11 10:54:04,777 DEBUG (BaseJdbcLogger.java:159)- ==>  Preparing: SELECT count(0) FROM TB_HISJOB 
2018-06-11 10:54:04,777 DEBUG (BaseJdbcLogger.java:159)- ==> Parameters: 
2018-06-11 10:54:04,778 DEBUG (BaseJdbcLogger.java:159)- <==      Total: 1
2018-06-11 10:54:04,779 DEBUG (BaseJdbcLogger.java:159)- ==>  Preparing: SELECT *FROM TB_HISJOB LIMIT 5 
2018-06-11 10:54:04,779 DEBUG (BaseJdbcLogger.java:159)- ==> Parameters: 
2018-06-11 10:54:04,780 DEBUG (BaseJdbcLogger.java:159)- <==      Total: 5
2018-06-11 10:54:04,781 DEBUG (BaseJdbcLogger.java:159)- ==>  Preparing: SELECT *FROM TB_GROUP where GID=? 
2018-06-11 10:54:04,781 DEBUG (BaseJdbcLogger.java:159)- ==> Parameters: 41(Integer)
2018-06-11 10:54:04,782 DEBUG (BaseJdbcLogger.java:159)- <==      Total: 1
2018-06-11 10:54:04,782 DEBUG (BaseJdbcLogger.java:159)- ==>  Preparing: SELECT *FROM TB_GROUP where GID=? 
2018-06-11 10:54:04,782 DEBUG (BaseJdbcLogger.java:159)- ==> Parameters: 41(Integer)
2018-06-11 10:54:04,783 DEBUG (BaseJdbcLogger.java:159)- <==      Total: 1
2018-06-11 10:54:04,784 DEBUG (BaseJdbcLogger.java:159)- ==>  Preparing: SELECT *FROM TB_GROUP where GID=? 
2018-06-11 10:54:04,784 DEBUG (BaseJdbcLogger.java:159)- ==> Parameters: 37(Integer)
2018-06-11 10:54:04,785 DEBUG (BaseJdbcLogger.java:159)- <==      Total: 1
2018-06-11 10:54:04,785 DEBUG (BaseJdbcLogger.java:159)- ==>  Preparing: SELECT *FROM TB_GROUP where GID=? 
2018-06-11 10:54:04,786 DEBUG (BaseJdbcLogger.java:159)- ==> Parameters: 39(Integer)
2018-06-11 10:54:04,786 DEBUG (BaseJdbcLogger.java:159)- <==      Total: 1
2018-06-11 10:54:04,787 DEBUG (BaseJdbcLogger.java:159)- ==>  Preparing: SELECT *FROM TB_GROUP where GID=? 
2018-06-11 10:54:04,787 DEBUG (BaseJdbcLogger.java:159)- ==> Parameters: 39(Integer)
2018-06-11 10:54:04,788 DEBUG (BaseJdbcLogger.java:159)- <==      Total: 1
2018-06-11 10:54:04,788 INFO (HisJobController.java:51)- -------hisJobs:list---------
