2018-06-04 10:29:15,970 DEBUG (BaseJdbcLogger.java:159)- <==      Total: 4
2018-06-04 10:29:15,972 INFO (GroupController.java:48)- -------group:list---------
2018-06-04 10:29:16,611 DEBUG (BaseJdbcLogger.java:159)- ==>  Preparing: SELECT count(0) FROM TB_GROUP 
2018-06-04 10:29:16,611 DEBUG (BaseJdbcLogger.java:159)- ==> Parameters: 
2018-06-04 10:29:16,613 DEBUG (BaseJdbcLogger.java:159)- <==      Total: 1
2018-06-04 10:29:16,614 DEBUG (BaseJdbcLogger.java:159)- ==>  Preparing: SELECT *FROM TB_GROUP LIMIT 100 
2018-06-04 10:29:16,614 DEBUG (BaseJdbcLogger.java:159)- ==> Parameters: 
2018-06-04 10:29:16,615 DEBUG (BaseJdbcLogger.java:159)- <==      Total: 4
2018-06-04 10:29:16,616 INFO (GroupController.java:48)- -------group:list---------
2018-06-04 10:29:34,676 DEBUG (BaseJdbcLogger.java:159)- ==>  Preparing: SELECT count(0) FROM TB_GROUP 
2018-06-04 10:29:34,676 DEBUG (BaseJdbcLogger.java:159)- ==> Parameters: 
2018-06-04 10:29:34,678 DEBUG (BaseJdbcLogger.java:159)- <==      Total: 1
2018-06-04 10:29:34,678 DEBUG (BaseJdbcLogger.java:159)- ==>  Preparing: SELECT *FROM TB_GROUP LIMIT 100 
2018-06-04 10:29:34,678 DEBUG (BaseJdbcLogger.java:159)- ==> Parameters: 
2018-06-04 10:29:34,679 DEBUG (BaseJdbcLogger.java:159)- <==      Total: 4
2018-06-04 10:29:34,679 INFO (GroupController.java:48)- -------group:list---------
2018-06-04 10:29:35,434 DEBUG (BaseJdbcLogger.java:159)- ==>  Preparing: SELECT count(0) FROM TB_GROUP 
2018-06-04 10:29:35,434 DEBUG (BaseJdbcLogger.java:159)- ==> Parameters: 
2018-06-04 10:29:35,436 DEBUG (BaseJdbcLogger.java:159)- <==      Total: 1
2018-06-04 10:29:35,436 DEBUG (BaseJdbcLogger.java:159)- ==>  Preparing: SELECT *FROM TB_GROUP LIMIT 100 
