2018-06-01 14:25:42,575 DEBUG (BaseJdbcLogger.java:159)- <==      Total: 1
2018-06-01 14:25:42,577 INFO (GroupController.java:48)- -------group:list---------
2018-06-01 14:25:43,247 DEBUG (BaseJdbcLogger.java:159)- ==>  Preparing: SELECT count(0) FROM TB_GROUP 
2018-06-01 14:25:43,247 DEBUG (BaseJdbcLogger.java:159)- ==> Parameters: 
2018-06-01 14:25:43,249 DEBUG (BaseJdbcLogger.java:159)- <==      Total: 1
2018-06-01 14:25:43,250 DEBUG (BaseJdbcLogger.java:159)- ==>  Preparing: SELECT *FROM TB_GROUP LIMIT 100 
2018-06-01 14:25:43,251 DEBUG (BaseJdbcLogger.java:159)- ==> Parameters: 
2018-06-01 14:25:43,252 DEBUG (BaseJdbcLogger.java:159)- <==      Total: 1
2018-06-01 14:25:43,253 INFO (GroupController.java:48)- -------group:list---------
2018-06-01 14:25:43,708 DEBUG (BaseJdbcLogger.java:159)- ==>  Preparing: SELECT count(0) FROM TB_GROUP 
2018-06-01 14:25:43,708 DEBUG (BaseJdbcLogger.java:159)- ==> Parameters: 
2018-06-01 14:25:43,710 DEBUG (BaseJdbcLogger.java:159)- <==      Total: 1
2018-06-01 14:25:43,710 DEBUG (BaseJdbcLogger.java:159)- ==>  Preparing: SELECT *FROM TB_GROUP LIMIT 100 
2018-06-01 14:25:43,710 DEBUG (BaseJdbcLogger.java:159)- ==> Parameters: 
2018-06-01 14:25:43,711 DEBUG (BaseJdbcLogger.java:159)- <==      Total: 1
2018-06-01 14:25:43,712 INFO (GroupController.java:48)- -------group:list---------
2018-06-01 14:25:44,154 DEBUG (BaseJdbcLogger.java:159)- ==>  Preparing: SELECT count(0) FROM TB_GROUP 
2018-06-01 14:25:44,155 DEBUG (BaseJdbcLogger.java:159)- ==> Parameters: 
2018-06-01 14:25:44,156 DEBUG (BaseJdbcLogger.java:159)- <==      Total: 1
2018-06-01 14:25:44,157 DEBUG (BaseJdbcLogger.java:159)- ==>  Preparing: SELECT *FROM TB_GROUP LIMIT 100 
